 
****************************************
Report : area
Design : dadda_var_bw_mul_bad
Version: K-2015.06-SP4
Date   : Sun Apr 16 14:49:19 2017
****************************************

Library(s) Used:

    saed32rvt_tt1p05v25c (File: /usr/local/packages/synopsys_2015/SAED32_EDK/lib/stdcell_rvt/db_nldm/saed32rvt_tt1p05v25c.db)

Number of ports:                          193
Number of nets:                          1439
Number of cells:                          965
Number of combinational cells:            962
Number of sequential cells:                 0
Number of macros/black boxes:               0
Number of buf/inv:                        154
Number of references:                       4

Combinational area:               2821.760827
Buf/Inv area:                      195.690881
Noncombinational area:               0.000000
Macro/Black Box area:                0.000000
Net Interconnect area:             583.787324

Total cell area:                  2821.760827
Total area:                       3405.548151

Hierarchical area distribution
------------------------------

                                  Global cell area          Local cell area
                                  ------------------  ---------------------------- 
Hierarchical cell                 Absolute   Percent  Combi-     Noncombi-  Black-
                                  Total      Total    national   national   boxes   Design
--------------------------------  ---------  -------  ---------  ---------  ------  -----------------
dadda_var_bw_mul_bad              2821.7608    100.0   105.7239     0.0000  0.0000  dadda_var_bw_mul_bad
mul_08_hi_i                        455.9343     16.2   455.9343     0.0000  0.0000  dadda_8_bit_mul_1
mul_08_lo_i                        455.9343     16.2   455.9343     0.0000  0.0000  dadda_8_bit_mul_0
mul_16_i                          1804.1682     63.9  1804.1682     0.0000  0.0000  dadda_fix_bw_mul
--------------------------------  ---------  -------  ---------  ---------  ------  -----------------
Total                                                 2821.7608     0.0000  0.0000

1
