 
****************************************
Report : reference
Design : dadda_var_bw_mul_bad
Version: K-2015.06-SP4
Date   : Sun Apr 16 12:35:52 2017
****************************************

Attributes:
    b - black box (unknown)
   bo - allows boundary optimization
    d - dont_touch
   mo - map_only
    h - hierarchical
    n - noncombinational
    r - removable
    s - synthetic operator
    u - contains unmapped logic

Reference          Library       Unit Area   Count    Total Area   Attributes
-----------------------------------------------------------------------------
MUX21X1_RVT        saed32rvt_tt1p05v25c     3.303872      32   105.723907
dadda_8_bit_mul_0               455.934336       1    455.934336  h
dadda_8_bit_mul_1               455.934336       1    455.934336  h
dadda_fix_bw_mul               1804.168247       1   1804.168247  h
-----------------------------------------------------------------------------
Total 4 references                                   2821.760827

****************************************
Design: dadda_8_bit_mul_0 
****************************************
Reference          Library       Unit Area   Count    Total Area   Attributes
-----------------------------------------------------------------------------
AND2X1_RVT         saed32rvt_tt1p05v25c     2.033152      45    91.491845
AND3X1_RVT         saed32rvt_tt1p05v25c     2.287296       4     9.149184
FADDX1_RVT         saed32rvt_tt1p05v25c     4.828736      48   231.779320 r
HADDX1_RVT         saed32rvt_tt1p05v25c     3.303872       8    26.430977 r
INVX0_RVT          saed32rvt_tt1p05v25c     1.270720      36    45.745920
OR2X1_RVT          saed32rvt_tt1p05v25c     2.033152      24    48.795650
OR3X1_RVT          saed32rvt_tt1p05v25c     2.541440       1     2.541440
-----------------------------------------------------------------------------
Total 7 references                                    455.934336

****************************************
Design: dadda_8_bit_mul_1 
****************************************
Reference          Library       Unit Area   Count    Total Area   Attributes
-----------------------------------------------------------------------------
AND2X1_RVT         saed32rvt_tt1p05v25c     2.033152      45    91.491845
AND3X1_RVT         saed32rvt_tt1p05v25c     2.287296       4     9.149184
FADDX1_RVT         saed32rvt_tt1p05v25c     4.828736      48   231.779320 r
HADDX1_RVT         saed32rvt_tt1p05v25c     3.303872       8    26.430977 r
INVX0_RVT          saed32rvt_tt1p05v25c     1.270720      36    45.745920
OR2X1_RVT          saed32rvt_tt1p05v25c     2.033152      24    48.795650
OR3X1_RVT          saed32rvt_tt1p05v25c     2.541440       1     2.541440
-----------------------------------------------------------------------------
Total 7 references                                    455.934336

****************************************
Design: dadda_fix_bw_mul 
****************************************
Reference          Library       Unit Area   Count    Total Area   Attributes
-----------------------------------------------------------------------------
AND2X1_RVT         saed32rvt_tt1p05v25c     2.033152     224   455.426071
AND3X1_RVT         saed32rvt_tt1p05v25c     2.287296       7    16.011072
AND4X1_RVT         saed32rvt_tt1p05v25c     2.541440       1     2.541440
FADDX1_RVT         saed32rvt_tt1p05v25c     4.828736     223  1076.808090 r
HADDX1_RVT         saed32rvt_tt1p05v25c     3.303872      17    56.165826 r
INVX0_RVT          saed32rvt_tt1p05v25c     1.270720      82   104.199040
OR2X1_RVT          saed32rvt_tt1p05v25c     2.033152      37    75.226628
OR3X1_RVT          saed32rvt_tt1p05v25c     2.541440       7    17.790080
-----------------------------------------------------------------------------
Total 8 references                                   1804.168247
1
