 
****************************************
Report : timing
        -path full
        -delay max
        -input_pins
        -max_paths 1
        -transition_time
        -capacitance
Design : dadda_var_bw_mul_bad
Version: K-2015.06-SP4
Date   : Sun Apr 16 12:35:52 2017
****************************************

Operating Conditions: tt1p05v25c   Library: saed32rvt_tt1p05v25c
Wire Load Model Mode: enclosed

  Startpoint: b[1] (input port)
  Endpoint: p[30] (output port)
  Path Group: (none)
  Path Type: max

  Des/Clust/Port     Wire Load Model       Library
  ------------------------------------------------
  dadda_var_bw_mul_bad 8000                saed32rvt_tt1p05v25c
  dadda_fix_bw_mul   8000                  saed32rvt_tt1p05v25c

  Point                           Cap     Trans      Incr       Path
  ---------------------------------------------------------------------
  input external delay                               0.00       0.00 r
  b[1] (in)                     13.83      0.00      0.00       0.00 r
  mul_16_i/b[1] (dadda_fix_bw_mul)                   0.00       0.00 r
  mul_16_i/U428/A (INVX0_RVT)              0.00      0.05       0.05 r
  mul_16_i/U428/Y (INVX0_RVT)     3.88     0.04      0.03       0.08 f
  mul_16_i/U501/A2 (OR2X1_RVT)             0.04      0.02       0.10 f
  mul_16_i/U501/Y (OR2X1_RVT)     1.01     0.02      0.03       0.13 f
  mul_16_i/U502/B0 (HADDX1_RVT)            0.02      0.02       0.16 f
  mul_16_i/U502/SO (HADDX1_RVT)     1.98     0.02     0.06      0.22 r
  mul_16_i/U515/A (FADDX1_RVT)             0.02      0.04       0.26 r
  mul_16_i/U515/S (FADDX1_RVT)     0.60     0.02     0.08       0.34 f
  mul_16_i/U516/A (INVX0_RVT)              0.02      0.01       0.36 f
  mul_16_i/U516/Y (INVX0_RVT)     1.48     0.02      0.02       0.38 r
  mul_16_i/U519/CI (FADDX1_RVT)            0.02      0.03       0.41 r
  mul_16_i/U519/S (FADDX1_RVT)     0.60     0.02     0.08       0.49 f
  mul_16_i/U520/A (INVX0_RVT)              0.02      0.01       0.50 f
  mul_16_i/U520/Y (INVX0_RVT)     1.98     0.02      0.02       0.52 r
  mul_16_i/U532/A (FADDX1_RVT)             0.02      0.04       0.57 r
  mul_16_i/U532/S (FADDX1_RVT)     1.96     0.03     0.09       0.66 f
  mul_16_i/U563/A (FADDX1_RVT)             0.03      0.04       0.70 f
  mul_16_i/U563/CO (FADDX1_RVT)     1.48     0.02     0.05      0.75 f
  mul_16_i/U561/CI (FADDX1_RVT)            0.02      0.03       0.79 f
  mul_16_i/U561/CO (FADDX1_RVT)     0.60     0.02     0.04      0.83 f
  mul_16_i/U558/A (INVX0_RVT)              0.02      0.01       0.84 f
  mul_16_i/U558/Y (INVX0_RVT)     1.48     0.02      0.02       0.86 r
  mul_16_i/U596/CI (FADDX1_RVT)            0.02      0.03       0.89 r
  mul_16_i/U596/CO (FADDX1_RVT)     1.48     0.03     0.05      0.95 r
  mul_16_i/U595/CI (FADDX1_RVT)            0.03      0.03       0.98 r
  mul_16_i/U595/CO (FADDX1_RVT)     1.48     0.03     0.06      1.03 r
  mul_16_i/U594/CI (FADDX1_RVT)            0.03      0.03       1.07 r
  mul_16_i/U594/CO (FADDX1_RVT)     1.48     0.03     0.06      1.12 r
  mul_16_i/U593/CI (FADDX1_RVT)            0.03      0.03       1.15 r
  mul_16_i/U593/CO (FADDX1_RVT)     1.48     0.03     0.06      1.21 r
  mul_16_i/U592/CI (FADDX1_RVT)            0.03      0.03       1.24 r
  mul_16_i/U592/CO (FADDX1_RVT)     1.48     0.03     0.06      1.30 r
  mul_16_i/U591/CI (FADDX1_RVT)            0.03      0.03       1.33 r
  mul_16_i/U591/CO (FADDX1_RVT)     1.48     0.03     0.06      1.38 r
  mul_16_i/U590/CI (FADDX1_RVT)            0.03      0.03       1.42 r
  mul_16_i/U590/CO (FADDX1_RVT)     1.48     0.03     0.06      1.47 r
  mul_16_i/U589/CI (FADDX1_RVT)            0.03      0.03       1.50 r
  mul_16_i/U589/CO (FADDX1_RVT)     1.48     0.03     0.06      1.56 r
  mul_16_i/U588/CI (FADDX1_RVT)            0.03      0.03       1.59 r
  mul_16_i/U588/CO (FADDX1_RVT)     1.48     0.03     0.06      1.65 r
  mul_16_i/U587/CI (FADDX1_RVT)            0.03      0.03       1.68 r
  mul_16_i/U587/CO (FADDX1_RVT)     1.48     0.03     0.06      1.73 r
  mul_16_i/U586/CI (FADDX1_RVT)            0.03      0.03       1.77 r
  mul_16_i/U586/CO (FADDX1_RVT)     1.48     0.03     0.06      1.82 r
  mul_16_i/U585/CI (FADDX1_RVT)            0.03      0.03       1.85 r
  mul_16_i/U585/CO (FADDX1_RVT)     1.48     0.03     0.06      1.91 r
  mul_16_i/U584/CI (FADDX1_RVT)            0.03      0.03       1.94 r
  mul_16_i/U584/CO (FADDX1_RVT)     1.48     0.03     0.06      2.00 r
  mul_16_i/U583/CI (FADDX1_RVT)            0.03      0.03       2.03 r
  mul_16_i/U583/CO (FADDX1_RVT)     1.48     0.03     0.06      2.09 r
  mul_16_i/U582/CI (FADDX1_RVT)            0.03      0.03       2.12 r
  mul_16_i/U582/CO (FADDX1_RVT)     1.48     0.03     0.06      2.17 r
  mul_16_i/U581/CI (FADDX1_RVT)            0.03      0.03       2.21 r
  mul_16_i/U581/CO (FADDX1_RVT)     1.48     0.03     0.06      2.26 r
  mul_16_i/U580/CI (FADDX1_RVT)            0.03      0.03       2.29 r
  mul_16_i/U580/CO (FADDX1_RVT)     1.48     0.03     0.06      2.35 r
  mul_16_i/U579/CI (FADDX1_RVT)            0.03      0.03       2.38 r
  mul_16_i/U579/CO (FADDX1_RVT)     1.48     0.03     0.06      2.44 r
  mul_16_i/U578/CI (FADDX1_RVT)            0.03      0.03       2.47 r
  mul_16_i/U578/CO (FADDX1_RVT)     1.48     0.03     0.06      2.52 r
  mul_16_i/U577/CI (FADDX1_RVT)            0.03      0.03       2.56 r
  mul_16_i/U577/CO (FADDX1_RVT)     1.48     0.03     0.06      2.61 r
  mul_16_i/U576/CI (FADDX1_RVT)            0.03      0.03       2.64 r
  mul_16_i/U576/CO (FADDX1_RVT)     1.48     0.03     0.06      2.70 r
  mul_16_i/U575/CI (FADDX1_RVT)            0.03      0.03       2.73 r
  mul_16_i/U575/CO (FADDX1_RVT)     2.20     0.03     0.06      2.79 r
  mul_16_i/U574/CI (FADDX1_RVT)            0.03      0.04       2.83 r
  mul_16_i/U574/S (FADDX1_RVT)     0.55     0.02     0.08       2.91 f
  mul_16_i/p[30] (dadda_fix_bw_mul)                  0.00       2.91 f
  U63/A1 (MUX21X1_RVT)                     0.02      0.01       2.92 f
  U63/Y (MUX21X1_RVT)            0.00      0.02      0.04       2.96 f
  p[30] (out)                              0.02      0.00       2.96 f
  data arrival time                                             2.96
  ---------------------------------------------------------------------
  (Path is unconstrained)


1
