 
****************************************
Report : area
Design : dadda_var_bw_mul
Version: K-2015.06-SP4
Date   : Sun Apr 16 14:35:11 2017
****************************************

Library(s) Used:

    saed32rvt_tt1p05v25c (File: /usr/local/packages/synopsys_2015/SAED32_EDK/lib/stdcell_rvt/db_nldm/saed32rvt_tt1p05v25c.db)

Number of ports:                           65
Number of nets:                           875
Number of cells:                          620
Number of combinational cells:            620
Number of sequential cells:                 0
Number of macros/black boxes:               0
Number of buf/inv:                         89
Number of references:                       8

Combinational area:               1841.273273
Buf/Inv area:                      113.094080
Noncombinational area:               0.000000
Macro/Black Box area:                0.000000
Net Interconnect area:             286.978071

Total cell area:                  1841.273273
Total area:                       2128.251345

Hierarchical area distribution
------------------------------

                                  Global cell area          Local cell area
                                  ------------------  ---------------------------- 
Hierarchical cell                 Absolute   Percent  Combi-     Noncombi-  Black-
                                  Total      Total    national   national   boxes   Design
--------------------------------  ---------  -------  ---------  ---------  ------  ---------
dadda_var_bw_mul                  1841.2733    100.0  1841.2733     0.0000  0.0000  dadda_var_bw_mul
--------------------------------  ---------  -------  ---------  ---------  ------  ---------
Total                                                 1841.2733     0.0000  0.0000

1
