Information: Updating design information... (UID-85)
 
****************************************
Report : qor
Design : dadda_var_bw_mul
Version: K-2015.06-SP4
Date   : Sun Apr 16 12:28:35 2017
****************************************


  Timing Path Group (none)
  -----------------------------------
  Levels of Logic:              35.00
  Critical Path Length:          2.89
  Critical Path Slack:         uninit
  Critical Path Clk Period:       n/a
  Total Negative Slack:          0.00
  No. of Violating Paths:        0.00
  Worst Hold Violation:          0.00
  Total Hold Violation:          0.00
  No. of Hold Violations:        0.00
  -----------------------------------


  Cell Count
  -----------------------------------
  Hierarchical Cell Count:          0
  Hierarchical Port Count:          0
  Leaf Cell Count:                620
  Buf/Inv Cell Count:              89
  Buf Cell Count:                   0
  Inv Cell Count:                  89
  CT Buf/Inv Cell Count:            0
  Combinational Cell Count:       620
  Sequential Cell Count:            0
  Macro Count:                      0
  -----------------------------------


  Area
  -----------------------------------
  Combinational Area:         1841.27
  Noncombinational Area:         0.00
  Buf/Inv Area:                113.09
  Total Buffer Area:             0.00
  Total Inverter Area:         113.09
  Macro/Black Box Area:          0.00
  Net Area:                    286.98
  -----------------------------------
  Cell Area:                  1841.27
  Design Area:                2128.25


  Design Rules
  -----------------------------------
  Total Number of Nets:           875
  Nets With Violations:             0
  Max Trans Violations:             0
  Max Cap Violations:               0
  -----------------------------------


  Hostname: wario

  Compile CPU Statistics
  -----------------------------------------
  Resource Sharing:                    0.21
  Logic Optimization:                  0.07
  Mapping Optimization:                0.59
  -----------------------------------------
  Overall Compile Time:                4.92
  Overall Compile Wall Clock Time:     6.05

  --------------------------------------------------------------------

  Design  WNS: 0.00  TNS: 0.00  Number of Violating Paths: 0


  Design (Hold)  WNS: 0.00  TNS: 0.00  Number of Violating Paths: 0

  --------------------------------------------------------------------


1
