 
****************************************
Report : timing
        -path full
        -delay max
        -input_pins
        -max_paths 1
        -transition_time
        -capacitance
Design : dadda_var_bw_mul
Version: K-2015.06-SP4
Date   : Sun Apr 16 14:35:11 2017
****************************************

Operating Conditions: tt1p05v25c   Library: saed32rvt_tt1p05v25c
Wire Load Model Mode: enclosed

  Startpoint: b[0] (input port)
  Endpoint: p[30] (output port)
  Path Group: (none)
  Path Type: max

  Des/Clust/Port     Wire Load Model       Library
  ------------------------------------------------
  dadda_var_bw_mul   8000                  saed32rvt_tt1p05v25c

  Point                           Cap     Trans      Incr       Path
  ---------------------------------------------------------------------
  input external delay                               0.00       0.00 f
  b[0] (in)                      3.48      0.00      0.00       0.00 f
  U547/A (INVX0_RVT)                       0.00      0.02       0.02 f
  U547/Y (INVX0_RVT)             3.24      0.03      0.02       0.04 r
  U787/A2 (OR2X1_RVT)                      0.03      0.02       0.06 r
  U787/Y (OR2X1_RVT)             1.32      0.02      0.03       0.10 r
  U503/A (INVX0_RVT)                       0.02      0.02       0.11 r
  U503/Y (INVX0_RVT)             5.14      0.05      0.04       0.15 f
  U977/A1 (AND2X1_RVT)                     0.05      0.02       0.17 f
  U977/Y (AND2X1_RVT)            0.60      0.02      0.04       0.21 f
  U518/A (INVX0_RVT)                       0.02      0.01       0.23 f
  U518/Y (INVX0_RVT)             1.01      0.02      0.02       0.24 r
  U978/B0 (HADDX1_RVT)                     0.02      0.02       0.27 r
  U978/SO (HADDX1_RVT)           1.96      0.02      0.06       0.33 f
  U996/A (FADDX1_RVT)                      0.02      0.04       0.37 f
  U996/S (FADDX1_RVT)            0.60      0.02      0.08       0.45 r
  U535/A (INVX0_RVT)                       0.02      0.01       0.47 r
  U535/Y (INVX0_RVT)             1.48      0.02      0.02       0.48 f
  U1012/CI (FADDX1_RVT)                    0.02      0.03       0.52 f
  U1012/S (FADDX1_RVT)           1.48      0.03      0.08       0.60 r
  U1014/CI (FADDX1_RVT)                    0.03      0.03       0.63 r
  U1014/S (FADDX1_RVT)           0.60      0.02      0.08       0.71 f
  U574/A (INVX0_RVT)                       0.02      0.01       0.73 f
  U574/Y (INVX0_RVT)             1.98      0.02      0.02       0.75 r
  U1028/A (FADDX1_RVT)                     0.02      0.04       0.79 r
  U1028/S (FADDX1_RVT)           0.60      0.02      0.08       0.88 f
  U584/A (INVX0_RVT)                       0.02      0.01       0.89 f
  U584/Y (INVX0_RVT)             1.98      0.02      0.02       0.91 r
  U1116/A (FADDX1_RVT)                     0.02      0.04       0.95 r
  U1116/CO (FADDX1_RVT)          1.48      0.03      0.06       1.01 r
  U1115/CI (FADDX1_RVT)                    0.03      0.03       1.05 r
  U1115/CO (FADDX1_RVT)          1.48      0.03      0.06       1.10 r
  U1114/CI (FADDX1_RVT)                    0.03      0.03       1.14 r
  U1114/CO (FADDX1_RVT)          1.48      0.03      0.06       1.19 r
  U1113/CI (FADDX1_RVT)                    0.03      0.03       1.22 r
  U1113/CO (FADDX1_RVT)          1.48      0.03      0.06       1.28 r
  U1112/CI (FADDX1_RVT)                    0.03      0.03       1.31 r
  U1112/CO (FADDX1_RVT)          1.48      0.03      0.06       1.37 r
  U1111/CI (FADDX1_RVT)                    0.03      0.03       1.40 r
  U1111/CO (FADDX1_RVT)          1.48      0.03      0.06       1.45 r
  U1110/CI (FADDX1_RVT)                    0.03      0.03       1.49 r
  U1110/CO (FADDX1_RVT)          1.48      0.03      0.06       1.54 r
  U1109/CI (FADDX1_RVT)                    0.03      0.03       1.57 r
  U1109/CO (FADDX1_RVT)          1.48      0.03      0.06       1.63 r
  U1108/CI (FADDX1_RVT)                    0.03      0.03       1.66 r
  U1108/CO (FADDX1_RVT)          1.48      0.03      0.06       1.72 r
  U1107/CI (FADDX1_RVT)                    0.03      0.03       1.75 r
  U1107/CO (FADDX1_RVT)          1.48      0.03      0.06       1.80 r
  U1106/CI (FADDX1_RVT)                    0.03      0.03       1.84 r
  U1106/CO (FADDX1_RVT)          1.48      0.03      0.06       1.89 r
  U1105/CI (FADDX1_RVT)                    0.03      0.03       1.92 r
  U1105/CO (FADDX1_RVT)          1.48      0.03      0.06       1.98 r
  U1104/CI (FADDX1_RVT)                    0.03      0.03       2.01 r
  U1104/CO (FADDX1_RVT)          1.48      0.03      0.06       2.07 r
  U1103/CI (FADDX1_RVT)                    0.03      0.03       2.10 r
  U1103/CO (FADDX1_RVT)          1.48      0.03      0.06       2.15 r
  U1102/CI (FADDX1_RVT)                    0.03      0.03       2.19 r
  U1102/CO (FADDX1_RVT)          1.48      0.03      0.06       2.24 r
  U1101/CI (FADDX1_RVT)                    0.03      0.03       2.27 r
  U1101/CO (FADDX1_RVT)          1.48      0.03      0.06       2.33 r
  U1100/CI (FADDX1_RVT)                    0.03      0.03       2.36 r
  U1100/CO (FADDX1_RVT)          1.48      0.03      0.06       2.42 r
  U1099/CI (FADDX1_RVT)                    0.03      0.03       2.45 r
  U1099/CO (FADDX1_RVT)          1.48      0.03      0.06       2.51 r
  U1098/CI (FADDX1_RVT)                    0.03      0.03       2.54 r
  U1098/CO (FADDX1_RVT)          1.48      0.03      0.06       2.59 r
  U1097/CI (FADDX1_RVT)                    0.03      0.03       2.63 r
  U1097/CO (FADDX1_RVT)          1.48      0.03      0.06       2.68 r
  U1096/CI (FADDX1_RVT)                    0.03      0.03       2.71 r
  U1096/CO (FADDX1_RVT)          2.20      0.03      0.06       2.77 r
  U1095/CI (FADDX1_RVT)                    0.03      0.04       2.81 r
  U1095/S (FADDX1_RVT)           0.00      0.02      0.08       2.89 f
  p[30] (out)                              0.02      0.00       2.89 f
  data arrival time                                             2.89
  ---------------------------------------------------------------------
  (Path is unconstrained)


1
