 
****************************************
Report : reference
Design : dadda_var_bw_mul
Version: K-2015.06-SP4
Date   : Sun Apr 16 12:28:36 2017
****************************************

Attributes:
    b - black box (unknown)
   bo - allows boundary optimization
    d - dont_touch
   mo - map_only
    h - hierarchical
    n - noncombinational
    r - removable
    s - synthetic operator
    u - contains unmapped logic

Reference          Library       Unit Area   Count    Total Area   Attributes
-----------------------------------------------------------------------------
AND2X1_RVT         saed32rvt_tt1p05v25c     2.033152     243   494.055961
AND3X1_RVT         saed32rvt_tt1p05v25c     2.287296       8    18.298368
AND4X1_RVT         saed32rvt_tt1p05v25c     2.541440       1     2.541440
FADDX1_RVT         saed32rvt_tt1p05v25c     4.828736     223  1076.808090 r
HADDX1_RVT         saed32rvt_tt1p05v25c     3.303872      17    56.165826 r
INVX0_RVT          saed32rvt_tt1p05v25c     1.270720      89   113.094080
OR2X1_RVT          saed32rvt_tt1p05v25c     2.033152      37    75.226628
OR3X1_RVT          saed32rvt_tt1p05v25c     2.541440       2     5.082880
-----------------------------------------------------------------------------
Total 8 references                                   1841.273273
1
