 
****************************************
Report : reference
Design : array_var_bw_mul
Version: K-2015.06-SP4
Date   : Sun Apr 16 12:47:29 2017
****************************************

Attributes:
    b - black box (unknown)
   bo - allows boundary optimization
    d - dont_touch
   mo - map_only
    h - hierarchical
    n - noncombinational
    r - removable
    s - synthetic operator
    u - contains unmapped logic

Reference          Library       Unit Area   Count    Total Area   Attributes
-----------------------------------------------------------------------------
AND2X1_RVT         saed32rvt_tt1p05v25c     2.033152     287   583.514654
AND3X1_RVT         saed32rvt_tt1p05v25c     2.287296       2     4.574592
AND4X1_RVT         saed32rvt_tt1p05v25c     2.541440       1     2.541440
FADDX1_RVT         saed32rvt_tt1p05v25c     4.828736     224  1081.636826 r
HADDX1_RVT         saed32rvt_tt1p05v25c     3.303872      16    52.861954 r
INVX0_RVT          saed32rvt_tt1p05v25c     1.270720       1     1.270720
OR2X1_RVT          saed32rvt_tt1p05v25c     2.033152       2     4.066304
-----------------------------------------------------------------------------
Total 7 references                                   1730.466489
1
