
Information: Checking generated_clocks...

Information: Checking loops...

Information: Checking no_input_delay...

Information: Checking unconstrained_endpoints...

Warning: The following end-points are not constrained for maximum delay.

End point
---------------
p[0]
p[1]
p[2]
p[3]
p[4]
p[5]
p[6]
p[7]
p[8]
p[9]
p[10]
p[11]
p[12]
p[13]
p[14]
p[15]
p[16]
p[17]
p[18]
p[19]
p[20]
p[21]
p[22]
p[23]
p[24]
p[25]
p[26]
p[27]
p[28]
p[29]
p[30]
p[31]

Information: Checking pulse_clock_cell_type...

Information: Checking no_driving_cell...

Information: Checking partial_input_delay...
1
