 
****************************************
Report : timing
        -path full
        -delay max
        -input_pins
        -max_paths 1
        -transition_time
        -capacitance
Design : vbw_cla_nci
Version: K-2015.06-SP4
Date   : Mon Apr 24 11:33:37 2017
****************************************

Operating Conditions: tt1p05v25c   Library: saed32rvt_tt1p05v25c
Wire Load Model Mode: enclosed

  Startpoint: a[1] (input port)
  Endpoint: s[63] (output port)
  Path Group: (none)
  Path Type: max

  Des/Clust/Port     Wire Load Model       Library
  ------------------------------------------------
  vbw_cla_nci        8000                  saed32rvt_tt1p05v25c
  LA2_30             ForQA                 saed32rvt_tt1p05v25c
  LA2_14             ForQA                 saed32rvt_tt1p05v25c
  LA2_6              ForQA                 saed32rvt_tt1p05v25c
  LA2_2              ForQA                 saed32rvt_tt1p05v25c
  LA2_0              ForQA                 saed32rvt_tt1p05v25c
  LA2_1              ForQA                 saed32rvt_tt1p05v25c
  LA2_5              ForQA                 saed32rvt_tt1p05v25c
  LA2_13             ForQA                 saed32rvt_tt1p05v25c
  LA2_29             ForQA                 saed32rvt_tt1p05v25c
  LA2_61             ForQA                 saed32rvt_tt1p05v25c

  Point                           Cap     Trans      Incr       Path
  ---------------------------------------------------------------------
  input external delay                               0.00       0.00 f
  a[1] (in)                      1.67      0.00      0.00       0.00 f
  mfa_inst_1_/a (MFA_1)                              0.00       0.00 f
  mfa_inst_1_/U2/A0 (HADDX1_RVT)           0.00      0.03       0.03 f
  mfa_inst_1_/U2/SO (HADDX1_RVT)     2.20     0.02     0.06     0.08 r
  mfa_inst_1_/p (MFA_1)                              0.00       0.08 r
  layer1_0_/p[1] (LA2_30)                            0.00       0.08 r
  layer1_0_/U1/A2 (AND2X1_RVT)             0.02      0.02       0.10 r
  layer1_0_/U1/Y (AND2X1_RVT)     0.93     0.02      0.03       0.13 r
  layer1_0_/U2/A2 (OR2X1_RVT)              0.02      0.02       0.14 r
  layer1_0_/U2/Y (OR2X1_RVT)     1.25      0.02      0.03       0.17 r
  layer1_0_/G (LA2_30)                               0.00       0.17 r
  layer2_0_/g[0] (LA2_14)                            0.00       0.17 r
  layer2_0_/U1/A1 (AND2X1_RVT)             0.02      0.02       0.19 r
  layer2_0_/U1/Y (AND2X1_RVT)     0.93     0.02      0.03       0.22 r
  layer2_0_/U2/A2 (OR2X1_RVT)              0.02      0.02       0.24 r
  layer2_0_/U2/Y (OR2X1_RVT)     1.25      0.02      0.03       0.27 r
  layer2_0_/G (LA2_14)                               0.00       0.27 r
  layer3_0_/g[0] (LA2_6)                             0.00       0.27 r
  layer3_0_/U3/A1 (AND2X1_RVT)             0.02      0.02       0.28 r
  layer3_0_/U3/Y (AND2X1_RVT)     0.93     0.02      0.03       0.31 r
  layer3_0_/U4/A2 (OR2X1_RVT)              0.02      0.02       0.33 r
  layer3_0_/U4/Y (OR2X1_RVT)     1.25      0.02      0.03       0.36 r
  layer3_0_/G (LA2_6)                                0.00       0.36 r
  layer4_0_/g[0] (LA2_2)                             0.00       0.36 r
  layer4_0_/U1/A1 (AND2X1_RVT)             0.02      0.02       0.37 r
  layer4_0_/U1/Y (AND2X1_RVT)     0.93     0.02      0.03       0.40 r
  layer4_0_/U2/A2 (OR2X1_RVT)              0.02      0.02       0.42 r
  layer4_0_/U2/Y (OR2X1_RVT)     1.25      0.02      0.03       0.45 r
  layer4_0_/G (LA2_2)                                0.00       0.45 r
  layer5_0_/g[0] (LA2_0)                             0.00       0.45 r
  layer5_0_/U1/A1 (AND2X1_RVT)             0.02      0.02       0.46 r
  layer5_0_/U1/Y (AND2X1_RVT)     0.93     0.02      0.03       0.49 r
  layer5_0_/U2/A2 (OR2X1_RVT)              0.02      0.02       0.51 r
  layer5_0_/U2/Y (OR2X1_RVT)     1.25      0.02      0.03       0.54 r
  layer5_0_/G (LA2_0)                                0.00       0.54 r
  layer6/g[0] (LA2_62)                               0.00       0.54 r
  layer6/U4/A1 (OR2X1_RVT)                 0.02      0.02       0.55 r
  layer6/U4/Y (OR2X1_RVT)        0.62      0.01      0.03       0.59 r
  layer6/co[1] (LA2_62)                              0.00       0.59 r
  U36/A1 (AND2X1_RVT)                      0.01      0.01       0.60 r
  U36/Y (AND2X1_RVT)             1.86      0.02      0.03       0.63 r
  layer5_1_/ci (LA2_1)                               0.00       0.63 r
  layer5_1_/U3/A1 (AND2X1_RVT)             0.02      0.02       0.65 r
  layer5_1_/U3/Y (AND2X1_RVT)     0.93     0.02      0.03       0.68 r
  layer5_1_/U4/A2 (OR2X1_RVT)              0.02      0.02       0.69 r
  layer5_1_/U4/Y (OR2X1_RVT)     1.24      0.02      0.03       0.73 r
  layer5_1_/co[1] (LA2_1)                            0.00       0.73 r
  U44/A1 (AND2X1_RVT)                      0.02      0.02       0.74 r
  U44/Y (AND2X1_RVT)             0.62      0.01      0.03       0.77 r
  layer4_3_/ci (LA2_5)                               0.00       0.77 r
  layer4_3_/U3/A1 (AND2X1_RVT)             0.01      0.01       0.78 r
  layer4_3_/U3/Y (AND2X1_RVT)     0.93     0.02      0.03       0.81 r
  layer4_3_/U4/A2 (OR2X1_RVT)              0.02      0.02       0.83 r
  layer4_3_/U4/Y (OR2X1_RVT)     0.62      0.01      0.03       0.85 r
  layer4_3_/co[1] (LA2_5)                            0.00       0.85 r
  U40/A1 (AND2X1_RVT)                      0.01      0.01       0.87 r
  U40/Y (AND2X1_RVT)             2.92      0.02      0.04       0.90 r
  layer3_7_/ci (LA2_13)                              0.00       0.90 r
  layer3_7_/U1/A1 (AND2X1_RVT)             0.02      0.02       0.92 r
  layer3_7_/U1/Y (AND2X1_RVT)     0.93     0.02      0.03       0.95 r
  layer3_7_/U2/A2 (OR2X1_RVT)              0.02      0.02       0.97 r
  layer3_7_/U2/Y (OR2X1_RVT)     2.30      0.02      0.04       1.00 r
  layer3_7_/co[1] (LA2_13)                           0.00       1.00 r
  layer2_15_/ci (LA2_29)                             0.00       1.00 r
  layer2_15_/U3/A1 (AND2X1_RVT)            0.02      0.02       1.02 r
  layer2_15_/U3/Y (AND2X1_RVT)     0.93     0.02     0.03       1.05 r
  layer2_15_/U4/A2 (OR2X1_RVT)             0.02      0.02       1.07 r
  layer2_15_/U4/Y (OR2X1_RVT)     1.68     0.02      0.03       1.10 r
  layer2_15_/co[1] (LA2_29)                          0.00       1.10 r
  layer1_31_/ci (LA2_61)                             0.00       1.10 r
  layer1_31_/U3/A1 (AND2X1_RVT)            0.02      0.02       1.11 r
  layer1_31_/U3/Y (AND2X1_RVT)     0.93     0.02     0.03       1.14 r
  layer1_31_/U4/A2 (OR2X1_RVT)             0.02      0.02       1.16 r
  layer1_31_/U4/Y (OR2X1_RVT)     1.06     0.02      0.03       1.19 r
  layer1_31_/co[1] (LA2_61)                          0.00       1.19 r
  mfa_inst_63_/ci (MFA_63)                           0.00       1.19 r
  mfa_inst_63_/U3/A0 (HADDX1_RVT)          0.02      0.02       1.21 r
  mfa_inst_63_/U3/SO (HADDX1_RVT)     0.00     0.01     0.05     1.27 f
  mfa_inst_63_/s (MFA_63)                            0.00       1.27 f
  s[63] (out)                              0.01      0.00       1.27 f
  data arrival time                                             1.27
  ---------------------------------------------------------------------
  (Path is unconstrained)


1
