 
****************************************
Report : reference
Design : vbw_cla_nci
Version: K-2015.06-SP4
Date   : Sun Apr 23 19:57:45 2017
****************************************

Attributes:
    b - black box (unknown)
   bo - allows boundary optimization
    d - dont_touch
   mo - map_only
    h - hierarchical
    n - noncombinational
    r - removable
    s - synthetic operator
    u - contains unmapped logic

Reference          Library       Unit Area   Count    Total Area   Attributes
-----------------------------------------------------------------------------
-----------------------------------------------------------------------------
Total 0 references                                      0.000000
1
