 
****************************************
Report : area
Design : vbw_cla_nci
Version: K-2015.06-SP4
Date   : Mon Apr 24 11:33:37 2017
****************************************

Library(s) Used:

    saed32rvt_tt1p05v25c (File: /usr/local/packages/synopsys_2015/SAED32_EDK/lib/stdcell_rvt/db_nldm/saed32rvt_tt1p05v25c.db)

Number of ports:                         1147
Number of nets:                          1602
Number of cells:                          654
Number of combinational cells:            527
Number of sequential cells:                 0
Number of macros/black boxes:               0
Number of buf/inv:                          2
Number of references:                     131

Combinational area:               1233.106743
Buf/Inv area:                        2.541440
Noncombinational area:               0.000000
Macro/Black Box area:                0.000000
Net Interconnect area:             169.762779

Total cell area:                  1233.106743
Total area:                       1402.869522

Hierarchical area distribution
------------------------------

                                  Global cell area          Local cell area
                                  ------------------  ---------------------------- 
Hierarchical cell                 Absolute   Percent  Combi-     Noncombi-  Black-
                                  Total      Total    national   national   boxes   Design
--------------------------------  ---------  -------  ---------  ---------  ------  ---------
vbw_cla_nci                       1233.1067    100.0    39.6465     0.0000  0.0000  vbw_cla_nci
layer1_0_                           10.1658      0.8    10.1658     0.0000  0.0000  LA2_30
layer1_10_                          10.1658      0.8    10.1658     0.0000  0.0000  LA2_40
layer1_11_                          10.1658      0.8    10.1658     0.0000  0.0000  LA2_41
layer1_12_                          10.1658      0.8    10.1658     0.0000  0.0000  LA2_42
layer1_13_                          10.1658      0.8    10.1658     0.0000  0.0000  LA2_43
layer1_14_                          10.1658      0.8    10.1658     0.0000  0.0000  LA2_44
layer1_15_                          10.1658      0.8    10.1658     0.0000  0.0000  LA2_45
layer1_16_                          10.1658      0.8    10.1658     0.0000  0.0000  LA2_46
layer1_17_                          10.1658      0.8    10.1658     0.0000  0.0000  LA2_47
layer1_18_                          10.1658      0.8    10.1658     0.0000  0.0000  LA2_48
layer1_19_                          10.1658      0.8    10.1658     0.0000  0.0000  LA2_49
layer1_1_                           10.1658      0.8    10.1658     0.0000  0.0000  LA2_31
layer1_20_                          10.1658      0.8    10.1658     0.0000  0.0000  LA2_50
layer1_21_                          10.1658      0.8    10.1658     0.0000  0.0000  LA2_51
layer1_22_                          10.1658      0.8    10.1658     0.0000  0.0000  LA2_52
layer1_23_                          10.1658      0.8    10.1658     0.0000  0.0000  LA2_53
layer1_24_                          10.1658      0.8    10.1658     0.0000  0.0000  LA2_54
layer1_25_                          10.1658      0.8    10.1658     0.0000  0.0000  LA2_55
layer1_26_                          10.1658      0.8    10.1658     0.0000  0.0000  LA2_56
layer1_27_                          10.1658      0.8    10.1658     0.0000  0.0000  LA2_57
layer1_28_                          10.1658      0.8    10.1658     0.0000  0.0000  LA2_58
layer1_29_                          10.1658      0.8    10.1658     0.0000  0.0000  LA2_59
layer1_2_                           10.1658      0.8    10.1658     0.0000  0.0000  LA2_32
layer1_30_                          10.1658      0.8    10.1658     0.0000  0.0000  LA2_60
layer1_31_                          10.1658      0.8    10.1658     0.0000  0.0000  LA2_61
layer1_3_                           10.1658      0.8    10.1658     0.0000  0.0000  LA2_33
layer1_4_                           10.1658      0.8    10.1658     0.0000  0.0000  LA2_34
layer1_5_                           10.1658      0.8    10.1658     0.0000  0.0000  LA2_35
layer1_6_                           10.1658      0.8    10.1658     0.0000  0.0000  LA2_36
layer1_7_                           10.1658      0.8    10.1658     0.0000  0.0000  LA2_37
layer1_8_                           10.1658      0.8    10.1658     0.0000  0.0000  LA2_38
layer1_9_                           10.1658      0.8    10.1658     0.0000  0.0000  LA2_39
layer2_0_                           10.1658      0.8    10.1658     0.0000  0.0000  LA2_14
layer2_10_                          10.1658      0.8    10.1658     0.0000  0.0000  LA2_24
layer2_11_                          10.1658      0.8    10.1658     0.0000  0.0000  LA2_25
layer2_12_                          10.1658      0.8    10.1658     0.0000  0.0000  LA2_26
layer2_13_                          10.1658      0.8    10.1658     0.0000  0.0000  LA2_27
layer2_14_                          10.1658      0.8    10.1658     0.0000  0.0000  LA2_28
layer2_15_                          10.1658      0.8    10.1658     0.0000  0.0000  LA2_29
layer2_1_                           10.1658      0.8    10.1658     0.0000  0.0000  LA2_15
layer2_2_                           10.1658      0.8    10.1658     0.0000  0.0000  LA2_16
layer2_3_                           10.1658      0.8    10.1658     0.0000  0.0000  LA2_17
layer2_4_                           10.1658      0.8    10.1658     0.0000  0.0000  LA2_18
layer2_5_                           10.1658      0.8    10.1658     0.0000  0.0000  LA2_19
layer2_6_                           10.1658      0.8    10.1658     0.0000  0.0000  LA2_20
layer2_7_                           10.1658      0.8    10.1658     0.0000  0.0000  LA2_21
layer2_8_                           10.1658      0.8    10.1658     0.0000  0.0000  LA2_22
layer2_9_                           10.1658      0.8    10.1658     0.0000  0.0000  LA2_23
layer3_0_                           10.1658      0.8    10.1658     0.0000  0.0000  LA2_6
layer3_1_                           10.1658      0.8    10.1658     0.0000  0.0000  LA2_7
layer3_2_                           10.1658      0.8    10.1658     0.0000  0.0000  LA2_8
layer3_3_                           10.1658      0.8    10.1658     0.0000  0.0000  LA2_9
layer3_4_                           10.1658      0.8    10.1658     0.0000  0.0000  LA2_10
layer3_5_                           10.1658      0.8    10.1658     0.0000  0.0000  LA2_11
layer3_6_                           10.1658      0.8    10.1658     0.0000  0.0000  LA2_12
layer3_7_                           10.1658      0.8    10.1658     0.0000  0.0000  LA2_13
layer4_0_                           10.1658      0.8    10.1658     0.0000  0.0000  LA2_2
layer4_1_                           10.1658      0.8    10.1658     0.0000  0.0000  LA2_3
layer4_2_                           10.1658      0.8    10.1658     0.0000  0.0000  LA2_4
layer4_3_                           10.1658      0.8    10.1658     0.0000  0.0000  LA2_5
layer5_0_                           10.1658      0.8    10.1658     0.0000  0.0000  LA2_0
layer5_1_                           10.1658      0.8    10.1658     0.0000  0.0000  LA2_1
layer6                              10.1658      0.8    10.1658     0.0000  0.0000  LA2_62
mfa_inst_0_                          8.6409      0.7     8.6409     0.0000  0.0000  MFA_0
mfa_inst_10_                         8.6409      0.7     8.6409     0.0000  0.0000  MFA_10
mfa_inst_11_                         8.6409      0.7     8.6409     0.0000  0.0000  MFA_11
mfa_inst_12_                         8.6409      0.7     8.6409     0.0000  0.0000  MFA_12
mfa_inst_13_                         8.6409      0.7     8.6409     0.0000  0.0000  MFA_13
mfa_inst_14_                         8.6409      0.7     8.6409     0.0000  0.0000  MFA_14
mfa_inst_15_                         8.6409      0.7     8.6409     0.0000  0.0000  MFA_15
mfa_inst_16_                         8.6409      0.7     8.6409     0.0000  0.0000  MFA_16
mfa_inst_17_                         8.6409      0.7     8.6409     0.0000  0.0000  MFA_17
mfa_inst_18_                         8.6409      0.7     8.6409     0.0000  0.0000  MFA_18
mfa_inst_19_                         8.6409      0.7     8.6409     0.0000  0.0000  MFA_19
mfa_inst_1_                          8.6409      0.7     8.6409     0.0000  0.0000  MFA_1
mfa_inst_20_                         8.6409      0.7     8.6409     0.0000  0.0000  MFA_20
mfa_inst_21_                         8.6409      0.7     8.6409     0.0000  0.0000  MFA_21
mfa_inst_22_                         8.6409      0.7     8.6409     0.0000  0.0000  MFA_22
mfa_inst_23_                         8.6409      0.7     8.6409     0.0000  0.0000  MFA_23
mfa_inst_24_                         8.6409      0.7     8.6409     0.0000  0.0000  MFA_24
mfa_inst_25_                         8.6409      0.7     8.6409     0.0000  0.0000  MFA_25
mfa_inst_26_                         8.6409      0.7     8.6409     0.0000  0.0000  MFA_26
mfa_inst_27_                         8.6409      0.7     8.6409     0.0000  0.0000  MFA_27
mfa_inst_28_                         8.6409      0.7     8.6409     0.0000  0.0000  MFA_28
mfa_inst_29_                         8.6409      0.7     8.6409     0.0000  0.0000  MFA_29
mfa_inst_2_                          8.6409      0.7     8.6409     0.0000  0.0000  MFA_2
mfa_inst_30_                         8.6409      0.7     8.6409     0.0000  0.0000  MFA_30
mfa_inst_31_                         8.6409      0.7     8.6409     0.0000  0.0000  MFA_31
mfa_inst_32_                         8.6409      0.7     8.6409     0.0000  0.0000  MFA_32
mfa_inst_33_                         8.6409      0.7     8.6409     0.0000  0.0000  MFA_33
mfa_inst_34_                         8.6409      0.7     8.6409     0.0000  0.0000  MFA_34
mfa_inst_35_                         8.6409      0.7     8.6409     0.0000  0.0000  MFA_35
mfa_inst_36_                         8.6409      0.7     8.6409     0.0000  0.0000  MFA_36
mfa_inst_37_                         8.6409      0.7     8.6409     0.0000  0.0000  MFA_37
mfa_inst_38_                         8.6409      0.7     8.6409     0.0000  0.0000  MFA_38
mfa_inst_39_                         8.6409      0.7     8.6409     0.0000  0.0000  MFA_39
mfa_inst_3_                          8.6409      0.7     8.6409     0.0000  0.0000  MFA_3
mfa_inst_40_                         8.6409      0.7     8.6409     0.0000  0.0000  MFA_40
mfa_inst_41_                         8.6409      0.7     8.6409     0.0000  0.0000  MFA_41
mfa_inst_42_                         8.6409      0.7     8.6409     0.0000  0.0000  MFA_42
mfa_inst_43_                         8.6409      0.7     8.6409     0.0000  0.0000  MFA_43
mfa_inst_44_                         8.6409      0.7     8.6409     0.0000  0.0000  MFA_44
mfa_inst_45_                         8.6409      0.7     8.6409     0.0000  0.0000  MFA_45
mfa_inst_46_                         8.6409      0.7     8.6409     0.0000  0.0000  MFA_46
mfa_inst_47_                         8.6409      0.7     8.6409     0.0000  0.0000  MFA_47
mfa_inst_48_                         8.6409      0.7     8.6409     0.0000  0.0000  MFA_48
mfa_inst_49_                         8.6409      0.7     8.6409     0.0000  0.0000  MFA_49
mfa_inst_4_                          8.6409      0.7     8.6409     0.0000  0.0000  MFA_4
mfa_inst_50_                         8.6409      0.7     8.6409     0.0000  0.0000  MFA_50
mfa_inst_51_                         8.6409      0.7     8.6409     0.0000  0.0000  MFA_51
mfa_inst_52_                         8.6409      0.7     8.6409     0.0000  0.0000  MFA_52
mfa_inst_53_                         8.6409      0.7     8.6409     0.0000  0.0000  MFA_53
mfa_inst_54_                         8.6409      0.7     8.6409     0.0000  0.0000  MFA_54
mfa_inst_55_                         8.6409      0.7     8.6409     0.0000  0.0000  MFA_55
mfa_inst_56_                         8.6409      0.7     8.6409     0.0000  0.0000  MFA_56
mfa_inst_57_                         8.6409      0.7     8.6409     0.0000  0.0000  MFA_57
mfa_inst_58_                         8.6409      0.7     8.6409     0.0000  0.0000  MFA_58
mfa_inst_59_                         8.6409      0.7     8.6409     0.0000  0.0000  MFA_59
mfa_inst_5_                          8.6409      0.7     8.6409     0.0000  0.0000  MFA_5
mfa_inst_60_                         8.6409      0.7     8.6409     0.0000  0.0000  MFA_60
mfa_inst_61_                         8.6409      0.7     8.6409     0.0000  0.0000  MFA_61
mfa_inst_62_                         8.6409      0.7     8.6409     0.0000  0.0000  MFA_62
mfa_inst_63_                         8.6409      0.7     8.6409     0.0000  0.0000  MFA_63
mfa_inst_6_                          8.6409      0.7     8.6409     0.0000  0.0000  MFA_6
mfa_inst_7_                          8.6409      0.7     8.6409     0.0000  0.0000  MFA_7
mfa_inst_8_                          8.6409      0.7     8.6409     0.0000  0.0000  MFA_8
mfa_inst_9_                          8.6409      0.7     8.6409     0.0000  0.0000  MFA_9
--------------------------------  ---------  -------  ---------  ---------  ------  ---------
Total                                                 1233.1067     0.0000  0.0000

1
