 
****************************************
Report : resources
Design : vbw_cla_nci
Version: K-2015.06-SP4
Date   : Mon Apr 24 11:33:37 2017
****************************************


No implementations to report

No resource sharing information to report.
 
****************************************
Design : MFA_1
****************************************

No implementations to report

No resource sharing information to report.
 
****************************************
Design : MFA_2
****************************************

No implementations to report

No resource sharing information to report.
 
****************************************
Design : MFA_3
****************************************

No implementations to report

No resource sharing information to report.
 
****************************************
Design : MFA_4
****************************************

No implementations to report

No resource sharing information to report.
 
****************************************
Design : MFA_5
****************************************

No implementations to report

No resource sharing information to report.
 
****************************************
Design : MFA_6
****************************************

No implementations to report

No resource sharing information to report.
 
****************************************
Design : MFA_7
****************************************

No implementations to report

No resource sharing information to report.
 
****************************************
Design : MFA_8
****************************************

No implementations to report

No resource sharing information to report.
 
****************************************
Design : MFA_9
****************************************

No implementations to report

No resource sharing information to report.
 
****************************************
Design : MFA_10
****************************************

No implementations to report

No resource sharing information to report.
 
****************************************
Design : MFA_11
****************************************

No implementations to report

No resource sharing information to report.
 
****************************************
Design : MFA_12
****************************************

No implementations to report

No resource sharing information to report.
 
****************************************
Design : MFA_13
****************************************

No implementations to report

No resource sharing information to report.
 
****************************************
Design : MFA_14
****************************************

No implementations to report

No resource sharing information to report.
 
****************************************
Design : MFA_15
****************************************

No implementations to report

No resource sharing information to report.
 
****************************************
Design : MFA_16
****************************************

No implementations to report

No resource sharing information to report.
 
****************************************
Design : MFA_17
****************************************

No implementations to report

No resource sharing information to report.
 
****************************************
Design : MFA_18
****************************************

No implementations to report

No resource sharing information to report.
 
****************************************
Design : MFA_19
****************************************

No implementations to report

No resource sharing information to report.
 
****************************************
Design : MFA_20
****************************************

No implementations to report

No resource sharing information to report.
 
****************************************
Design : MFA_21
****************************************

No implementations to report

No resource sharing information to report.
 
****************************************
Design : MFA_22
****************************************

No implementations to report

No resource sharing information to report.
 
****************************************
Design : MFA_23
****************************************

No implementations to report

No resource sharing information to report.
 
****************************************
Design : MFA_24
****************************************

No implementations to report

No resource sharing information to report.
 
****************************************
Design : MFA_25
****************************************

No implementations to report

No resource sharing information to report.
 
****************************************
Design : MFA_26
****************************************

No implementations to report

No resource sharing information to report.
 
****************************************
Design : MFA_27
****************************************

No implementations to report

No resource sharing information to report.
 
****************************************
Design : MFA_28
****************************************

No implementations to report

No resource sharing information to report.
 
****************************************
Design : MFA_29
****************************************

No implementations to report

No resource sharing information to report.
 
****************************************
Design : MFA_30
****************************************

No implementations to report

No resource sharing information to report.
 
****************************************
Design : MFA_31
****************************************

No implementations to report

No resource sharing information to report.
 
****************************************
Design : MFA_32
****************************************

No implementations to report

No resource sharing information to report.
 
****************************************
Design : MFA_33
****************************************

No implementations to report

No resource sharing information to report.
 
****************************************
Design : MFA_34
****************************************

No implementations to report

No resource sharing information to report.
 
****************************************
Design : MFA_35
****************************************

No implementations to report

No resource sharing information to report.
 
****************************************
Design : MFA_36
****************************************

No implementations to report

No resource sharing information to report.
 
****************************************
Design : MFA_37
****************************************

No implementations to report

No resource sharing information to report.
 
****************************************
Design : MFA_38
****************************************

No implementations to report

No resource sharing information to report.
 
****************************************
Design : MFA_39
****************************************

No implementations to report

No resource sharing information to report.
 
****************************************
Design : MFA_40
****************************************

No implementations to report

No resource sharing information to report.
 
****************************************
Design : MFA_41
****************************************

No implementations to report

No resource sharing information to report.
 
****************************************
Design : MFA_42
****************************************

No implementations to report

No resource sharing information to report.
 
****************************************
Design : MFA_43
****************************************

No implementations to report

No resource sharing information to report.
 
****************************************
Design : MFA_44
****************************************

No implementations to report

No resource sharing information to report.
 
****************************************
Design : MFA_45
****************************************

No implementations to report

No resource sharing information to report.
 
****************************************
Design : MFA_46
****************************************

No implementations to report

No resource sharing information to report.
 
****************************************
Design : MFA_47
****************************************

No implementations to report

No resource sharing information to report.
 
****************************************
Design : MFA_48
****************************************

No implementations to report

No resource sharing information to report.
 
****************************************
Design : MFA_49
****************************************

No implementations to report

No resource sharing information to report.
 
****************************************
Design : MFA_50
****************************************

No implementations to report

No resource sharing information to report.
 
****************************************
Design : MFA_51
****************************************

No implementations to report

No resource sharing information to report.
 
****************************************
Design : MFA_52
****************************************

No implementations to report

No resource sharing information to report.
 
****************************************
Design : MFA_53
****************************************

No implementations to report

No resource sharing information to report.
 
****************************************
Design : MFA_54
****************************************

No implementations to report

No resource sharing information to report.
 
****************************************
Design : MFA_55
****************************************

No implementations to report

No resource sharing information to report.
 
****************************************
Design : MFA_56
****************************************

No implementations to report

No resource sharing information to report.
 
****************************************
Design : MFA_57
****************************************

No implementations to report

No resource sharing information to report.
 
****************************************
Design : MFA_58
****************************************

No implementations to report

No resource sharing information to report.
 
****************************************
Design : MFA_59
****************************************

No implementations to report

No resource sharing information to report.
 
****************************************
Design : MFA_60
****************************************

No implementations to report

No resource sharing information to report.
 
****************************************
Design : MFA_61
****************************************

No implementations to report

No resource sharing information to report.
 
****************************************
Design : MFA_62
****************************************

No implementations to report

No resource sharing information to report.
 
****************************************
Design : MFA_63
****************************************

No implementations to report

No resource sharing information to report.
 
****************************************
Design : LA2_31
****************************************

No implementations to report

No resource sharing information to report.
 
****************************************
Design : LA2_32
****************************************

No implementations to report

No resource sharing information to report.
 
****************************************
Design : LA2_33
****************************************

No implementations to report

No resource sharing information to report.
 
****************************************
Design : LA2_34
****************************************

No implementations to report

No resource sharing information to report.
 
****************************************
Design : LA2_35
****************************************

No implementations to report

No resource sharing information to report.
 
****************************************
Design : LA2_36
****************************************

No implementations to report

No resource sharing information to report.
 
****************************************
Design : LA2_37
****************************************

No implementations to report

No resource sharing information to report.
 
****************************************
Design : LA2_38
****************************************

No implementations to report

No resource sharing information to report.
 
****************************************
Design : LA2_39
****************************************

No implementations to report

No resource sharing information to report.
 
****************************************
Design : LA2_40
****************************************

No implementations to report

No resource sharing information to report.
 
****************************************
Design : LA2_41
****************************************

No implementations to report

No resource sharing information to report.
 
****************************************
Design : LA2_42
****************************************

No implementations to report

No resource sharing information to report.
 
****************************************
Design : LA2_43
****************************************

No implementations to report

No resource sharing information to report.
 
****************************************
Design : LA2_44
****************************************

No implementations to report

No resource sharing information to report.
 
****************************************
Design : LA2_45
****************************************

No implementations to report

No resource sharing information to report.
 
****************************************
Design : LA2_46
****************************************

No implementations to report

No resource sharing information to report.
 
****************************************
Design : LA2_47
****************************************

No implementations to report

No resource sharing information to report.
 
****************************************
Design : LA2_48
****************************************

No implementations to report

No resource sharing information to report.
 
****************************************
Design : LA2_49
****************************************

No implementations to report

No resource sharing information to report.
 
****************************************
Design : LA2_50
****************************************

No implementations to report

No resource sharing information to report.
 
****************************************
Design : LA2_51
****************************************

No implementations to report

No resource sharing information to report.
 
****************************************
Design : LA2_52
****************************************

No implementations to report

No resource sharing information to report.
 
****************************************
Design : LA2_53
****************************************

No implementations to report

No resource sharing information to report.
 
****************************************
Design : LA2_54
****************************************

No implementations to report

No resource sharing information to report.
 
****************************************
Design : LA2_55
****************************************

No implementations to report

No resource sharing information to report.
 
****************************************
Design : LA2_56
****************************************

No implementations to report

No resource sharing information to report.
 
****************************************
Design : LA2_57
****************************************

No implementations to report

No resource sharing information to report.
 
****************************************
Design : LA2_58
****************************************

No implementations to report

No resource sharing information to report.
 
****************************************
Design : LA2_59
****************************************

No implementations to report

No resource sharing information to report.
 
****************************************
Design : LA2_60
****************************************

No implementations to report

No resource sharing information to report.
 
****************************************
Design : LA2_61
****************************************

No implementations to report

No resource sharing information to report.
 
****************************************
Design : LA2_14
****************************************

No implementations to report

No resource sharing information to report.
 
****************************************
Design : LA2_15
****************************************

No implementations to report

No resource sharing information to report.
 
****************************************
Design : LA2_16
****************************************

No implementations to report

No resource sharing information to report.
 
****************************************
Design : LA2_17
****************************************

No implementations to report

No resource sharing information to report.
 
****************************************
Design : LA2_18
****************************************

No implementations to report

No resource sharing information to report.
 
****************************************
Design : LA2_19
****************************************

No implementations to report

No resource sharing information to report.
 
****************************************
Design : LA2_20
****************************************

No implementations to report

No resource sharing information to report.
 
****************************************
Design : LA2_21
****************************************

No implementations to report

No resource sharing information to report.
 
****************************************
Design : LA2_22
****************************************

No implementations to report

No resource sharing information to report.
 
****************************************
Design : LA2_23
****************************************

No implementations to report

No resource sharing information to report.
 
****************************************
Design : LA2_24
****************************************

No implementations to report

No resource sharing information to report.
 
****************************************
Design : LA2_25
****************************************

No implementations to report

No resource sharing information to report.
 
****************************************
Design : LA2_26
****************************************

No implementations to report

No resource sharing information to report.
 
****************************************
Design : LA2_27
****************************************

No implementations to report

No resource sharing information to report.
 
****************************************
Design : LA2_28
****************************************

No implementations to report

No resource sharing information to report.
 
****************************************
Design : LA2_29
****************************************

No implementations to report

No resource sharing information to report.
 
****************************************
Design : LA2_6
****************************************

No implementations to report

No resource sharing information to report.
 
****************************************
Design : LA2_7
****************************************

No implementations to report

No resource sharing information to report.
 
****************************************
Design : LA2_8
****************************************

No implementations to report

No resource sharing information to report.
 
****************************************
Design : LA2_9
****************************************

No implementations to report

No resource sharing information to report.
 
****************************************
Design : LA2_10
****************************************

No implementations to report

No resource sharing information to report.
 
****************************************
Design : LA2_11
****************************************

No implementations to report

No resource sharing information to report.
 
****************************************
Design : LA2_12
****************************************

No implementations to report

No resource sharing information to report.
 
****************************************
Design : LA2_13
****************************************

No implementations to report

No resource sharing information to report.
 
****************************************
Design : LA2_2
****************************************

No implementations to report

No resource sharing information to report.
 
****************************************
Design : LA2_3
****************************************

No implementations to report

No resource sharing information to report.
 
****************************************
Design : LA2_4
****************************************

No implementations to report

No resource sharing information to report.
 
****************************************
Design : LA2_5
****************************************

No implementations to report

No resource sharing information to report.
 
****************************************
Design : LA2_0
****************************************

No implementations to report

No resource sharing information to report.
 
****************************************
Design : LA2_1
****************************************

No implementations to report

No resource sharing information to report.
 
****************************************
Design : LA2_62
****************************************

No implementations to report

No resource sharing information to report.
 
****************************************
Design : LA2_30
****************************************

No implementations to report

No resource sharing information to report.
 
****************************************
Design : MFA_0
****************************************

No implementations to report
1
