 
****************************************
Report : area
Design : dadda_fix_bw_mul
Version: K-2015.06-SP4
Date   : Sun Apr 16 12:29:52 2017
****************************************

Library(s) Used:

    saed32rvt_tt1p05v25c (File: /usr/local/packages/synopsys_2015/SAED32_EDK/lib/stdcell_rvt/db_nldm/saed32rvt_tt1p05v25c.db)

Number of ports:                           64
Number of nets:                           852
Number of cells:                          598
Number of combinational cells:            598
Number of sequential cells:                 0
Number of macros/black boxes:               0
Number of buf/inv:                         82
Number of references:                       8

Combinational area:               1804.168247
Buf/Inv area:                      104.199040
Noncombinational area:               0.000000
Macro/Black Box area:                0.000000
Net Interconnect area:             305.655434

Total cell area:                  1804.168247
Total area:                       2109.823681

Hierarchical area distribution
------------------------------

                                  Global cell area          Local cell area
                                  ------------------  ---------------------------- 
Hierarchical cell                 Absolute   Percent  Combi-     Noncombi-  Black-
                                  Total      Total    national   national   boxes   Design
--------------------------------  ---------  -------  ---------  ---------  ------  ---------
dadda_fix_bw_mul                  1804.1682    100.0  1804.1682     0.0000  0.0000  dadda_fix_bw_mul
--------------------------------  ---------  -------  ---------  ---------  ------  ---------
Total                                                 1804.1682     0.0000  0.0000

1
