 
****************************************
Report : reference
Design : dadda_fix_bw_mul
Version: K-2015.06-SP4
Date   : Sun Apr 16 14:36:02 2017
****************************************

Attributes:
    b - black box (unknown)
   bo - allows boundary optimization
    d - dont_touch
   mo - map_only
    h - hierarchical
    n - noncombinational
    r - removable
    s - synthetic operator
    u - contains unmapped logic

Reference          Library       Unit Area   Count    Total Area   Attributes
-----------------------------------------------------------------------------
AND2X1_RVT         saed32rvt_tt1p05v25c     2.033152     224   455.426071
AND3X1_RVT         saed32rvt_tt1p05v25c     2.287296       7    16.011072
AND4X1_RVT         saed32rvt_tt1p05v25c     2.541440       1     2.541440
FADDX1_RVT         saed32rvt_tt1p05v25c     4.828736     223  1076.808090 r
HADDX1_RVT         saed32rvt_tt1p05v25c     3.303872      17    56.165826 r
INVX0_RVT          saed32rvt_tt1p05v25c     1.270720      82   104.199040
OR2X1_RVT          saed32rvt_tt1p05v25c     2.033152      37    75.226628
OR3X1_RVT          saed32rvt_tt1p05v25c     2.541440       7    17.790080
-----------------------------------------------------------------------------
Total 8 references                                   1804.168247
1
