Information: Updating design information... (UID-85)
 
****************************************
Report : qor
Design : vbw_adder_nco
Version: K-2015.06-SP4
Date   : Wed Apr 26 19:37:52 2017
****************************************


  Timing Path Group (none)
  -----------------------------------
  Levels of Logic:             139.00
  Critical Path Length:          7.01
  Critical Path Slack:         uninit
  Critical Path Clk Period:       n/a
  Total Negative Slack:          0.00
  No. of Violating Paths:        0.00
  Worst Hold Violation:          0.00
  Total Hold Violation:          0.00
  No. of Hold Violations:        0.00
  -----------------------------------


  Cell Count
  -----------------------------------
  Hierarchical Cell Count:         24
  Hierarchical Port Count:        448
  Leaf Cell Count:                461
  Buf/Inv Cell Count:               1
  Buf Cell Count:                   0
  Inv Cell Count:                   1
  CT Buf/Inv Cell Count:            0
  Combinational Cell Count:       461
  Sequential Cell Count:            0
  Macro Count:                      0
  -----------------------------------


  Area
  -----------------------------------
  Combinational Area:          838.93
  Noncombinational Area:         0.00
  Buf/Inv Area:                  1.27
  Total Buffer Area:             0.00
  Total Inverter Area:           1.27
  Macro/Black Box Area:          0.00
  Net Area:                    112.31
  -----------------------------------
  Cell Area:                   838.93
  Design Area:                 951.24


  Design Rules
  -----------------------------------
  Total Number of Nets:           592
  Nets With Violations:             0
  Max Trans Violations:             0
  Max Cap Violations:               0
  -----------------------------------


  Hostname: wario

  Compile CPU Statistics
  -----------------------------------------
  Resource Sharing:                    0.06
  Logic Optimization:                  0.06
  Mapping Optimization:                0.43
  -----------------------------------------
  Overall Compile Time:                3.70
  Overall Compile Wall Clock Time:     4.99

  --------------------------------------------------------------------

  Design  WNS: 0.00  TNS: 0.00  Number of Violating Paths: 0


  Design (Hold)  WNS: 0.00  TNS: 0.00  Number of Violating Paths: 0

  --------------------------------------------------------------------


1
