 
****************************************
Report : reference
Design : vbw_adder_nco
Version: K-2015.06-SP4
Date   : Wed Apr 26 19:37:56 2017
****************************************

Attributes:
    b - black box (unknown)
   bo - allows boundary optimization
    d - dont_touch
   mo - map_only
    h - hierarchical
    n - noncombinational
    r - removable
    s - synthetic operator
    u - contains unmapped logic

Reference          Library       Unit Area   Count    Total Area   Attributes
-----------------------------------------------------------------------------
AND2X1_RVT         saed32rvt_tt1p05v25c     2.033152       2     4.066304
INVX0_RVT          saed32rvt_tt1p05v25c     1.270720       1     1.270720
NAND2X0_RVT        saed32rvt_tt1p05v25c     1.524864       1     1.524864
NOR2X0_RVT         saed32rvt_tt1p05v25c     2.541440       1     2.541440
adder_nco_WIDTH8_0              103.690754       1    103.690754  h
adder_nco_WIDTH8_1              103.690754       1    103.690754  h
adder_nco_WIDTH8_2              103.690754       1    103.690754  h
adder_nco_WIDTH8_3              103.690754       1    103.690754  h
adder_nco_WIDTH8_4              103.690754       1    103.690754  h
adder_nco_WIDTH8_5              103.690754       1    103.690754  h
adder_nco_WIDTH8_6              103.690754       1    103.690754  h
adder_nco_WIDTH8_7              103.690754       1    103.690754  h
-----------------------------------------------------------------------------
Total 12 references                                   838.929363

****************************************
Design: adder_nco_WIDTH8_0 
****************************************
Reference          Library       Unit Area   Count    Total Area   Attributes
-----------------------------------------------------------------------------
MFA_nco_0                        14.740352       1     14.740352  h
adder_WIDTH7_0                   88.950402       1     88.950402  h
-----------------------------------------------------------------------------
Total 2 references                                    103.690754

****************************************
Design: MFA_nco_0 
****************************************
Reference          Library       Unit Area   Count    Total Area   Attributes
-----------------------------------------------------------------------------
AND2X1_RVT         saed32rvt_tt1p05v25c     2.033152       3     6.099456
NAND2X0_RVT        saed32rvt_tt1p05v25c     1.524864       3     4.574592
OR2X1_RVT          saed32rvt_tt1p05v25c     2.033152       2     4.066304
-----------------------------------------------------------------------------
Total 3 references                                     14.740352

****************************************
Design: adder_WIDTH7_0 
****************************************
Reference          Library       Unit Area   Count    Total Area   Attributes
-----------------------------------------------------------------------------
AND2X1_RVT         saed32rvt_tt1p05v25c     2.033152      14    28.464129
NAND2X0_RVT        saed32rvt_tt1p05v25c     1.524864      21    32.022143
OR2X1_RVT          saed32rvt_tt1p05v25c     2.033152      14    28.464129
-----------------------------------------------------------------------------
Total 3 references                                     88.950402

****************************************
Design: adder_nco_WIDTH8_1 
****************************************
Reference          Library       Unit Area   Count    Total Area   Attributes
-----------------------------------------------------------------------------
MFA_nco_1                        14.740352       1     14.740352  h
adder_WIDTH7_1                   88.950402       1     88.950402  h
-----------------------------------------------------------------------------
Total 2 references                                    103.690754

****************************************
Design: MFA_nco_1 
****************************************
Reference          Library       Unit Area   Count    Total Area   Attributes
-----------------------------------------------------------------------------
AND2X1_RVT         saed32rvt_tt1p05v25c     2.033152       3     6.099456
NAND2X0_RVT        saed32rvt_tt1p05v25c     1.524864       3     4.574592
OR2X1_RVT          saed32rvt_tt1p05v25c     2.033152       2     4.066304
-----------------------------------------------------------------------------
Total 3 references                                     14.740352

****************************************
Design: adder_WIDTH7_1 
****************************************
Reference          Library       Unit Area   Count    Total Area   Attributes
-----------------------------------------------------------------------------
AND2X1_RVT         saed32rvt_tt1p05v25c     2.033152      14    28.464129
NAND2X0_RVT        saed32rvt_tt1p05v25c     1.524864      21    32.022143
OR2X1_RVT          saed32rvt_tt1p05v25c     2.033152      14    28.464129
-----------------------------------------------------------------------------
Total 3 references                                     88.950402

****************************************
Design: adder_nco_WIDTH8_2 
****************************************
Reference          Library       Unit Area   Count    Total Area   Attributes
-----------------------------------------------------------------------------
MFA_nco_2                        14.740352       1     14.740352  h
adder_WIDTH7_2                   88.950402       1     88.950402  h
-----------------------------------------------------------------------------
Total 2 references                                    103.690754

****************************************
Design: MFA_nco_2 
****************************************
Reference          Library       Unit Area   Count    Total Area   Attributes
-----------------------------------------------------------------------------
AND2X1_RVT         saed32rvt_tt1p05v25c     2.033152       3     6.099456
NAND2X0_RVT        saed32rvt_tt1p05v25c     1.524864       3     4.574592
OR2X1_RVT          saed32rvt_tt1p05v25c     2.033152       2     4.066304
-----------------------------------------------------------------------------
Total 3 references                                     14.740352

****************************************
Design: adder_WIDTH7_2 
****************************************
Reference          Library       Unit Area   Count    Total Area   Attributes
-----------------------------------------------------------------------------
AND2X1_RVT         saed32rvt_tt1p05v25c     2.033152      14    28.464129
NAND2X0_RVT        saed32rvt_tt1p05v25c     1.524864      21    32.022143
OR2X1_RVT          saed32rvt_tt1p05v25c     2.033152      14    28.464129
-----------------------------------------------------------------------------
Total 3 references                                     88.950402

****************************************
Design: adder_nco_WIDTH8_3 
****************************************
Reference          Library       Unit Area   Count    Total Area   Attributes
-----------------------------------------------------------------------------
MFA_nco_3                        14.740352       1     14.740352  h
adder_WIDTH7_3                   88.950402       1     88.950402  h
-----------------------------------------------------------------------------
Total 2 references                                    103.690754

****************************************
Design: MFA_nco_3 
****************************************
Reference          Library       Unit Area   Count    Total Area   Attributes
-----------------------------------------------------------------------------
AND2X1_RVT         saed32rvt_tt1p05v25c     2.033152       3     6.099456
NAND2X0_RVT        saed32rvt_tt1p05v25c     1.524864       3     4.574592
OR2X1_RVT          saed32rvt_tt1p05v25c     2.033152       2     4.066304
-----------------------------------------------------------------------------
Total 3 references                                     14.740352

****************************************
Design: adder_WIDTH7_3 
****************************************
Reference          Library       Unit Area   Count    Total Area   Attributes
-----------------------------------------------------------------------------
AND2X1_RVT         saed32rvt_tt1p05v25c     2.033152      14    28.464129
NAND2X0_RVT        saed32rvt_tt1p05v25c     1.524864      21    32.022143
OR2X1_RVT          saed32rvt_tt1p05v25c     2.033152      14    28.464129
-----------------------------------------------------------------------------
Total 3 references                                     88.950402

****************************************
Design: adder_nco_WIDTH8_4 
****************************************
Reference          Library       Unit Area   Count    Total Area   Attributes
-----------------------------------------------------------------------------
MFA_nco_4                        14.740352       1     14.740352  h
adder_WIDTH7_4                   88.950402       1     88.950402  h
-----------------------------------------------------------------------------
Total 2 references                                    103.690754

****************************************
Design: MFA_nco_4 
****************************************
Reference          Library       Unit Area   Count    Total Area   Attributes
-----------------------------------------------------------------------------
AND2X1_RVT         saed32rvt_tt1p05v25c     2.033152       3     6.099456
NAND2X0_RVT        saed32rvt_tt1p05v25c     1.524864       3     4.574592
OR2X1_RVT          saed32rvt_tt1p05v25c     2.033152       2     4.066304
-----------------------------------------------------------------------------
Total 3 references                                     14.740352

****************************************
Design: adder_WIDTH7_4 
****************************************
Reference          Library       Unit Area   Count    Total Area   Attributes
-----------------------------------------------------------------------------
AND2X1_RVT         saed32rvt_tt1p05v25c     2.033152      14    28.464129
NAND2X0_RVT        saed32rvt_tt1p05v25c     1.524864      21    32.022143
OR2X1_RVT          saed32rvt_tt1p05v25c     2.033152      14    28.464129
-----------------------------------------------------------------------------
Total 3 references                                     88.950402

****************************************
Design: adder_nco_WIDTH8_5 
****************************************
Reference          Library       Unit Area   Count    Total Area   Attributes
-----------------------------------------------------------------------------
MFA_nco_5                        14.740352       1     14.740352  h
adder_WIDTH7_5                   88.950402       1     88.950402  h
-----------------------------------------------------------------------------
Total 2 references                                    103.690754

****************************************
Design: MFA_nco_5 
****************************************
Reference          Library       Unit Area   Count    Total Area   Attributes
-----------------------------------------------------------------------------
AND2X1_RVT         saed32rvt_tt1p05v25c     2.033152       3     6.099456
NAND2X0_RVT        saed32rvt_tt1p05v25c     1.524864       3     4.574592
OR2X1_RVT          saed32rvt_tt1p05v25c     2.033152       2     4.066304
-----------------------------------------------------------------------------
Total 3 references                                     14.740352

****************************************
Design: adder_WIDTH7_5 
****************************************
Reference          Library       Unit Area   Count    Total Area   Attributes
-----------------------------------------------------------------------------
AND2X1_RVT         saed32rvt_tt1p05v25c     2.033152      14    28.464129
NAND2X0_RVT        saed32rvt_tt1p05v25c     1.524864      21    32.022143
OR2X1_RVT          saed32rvt_tt1p05v25c     2.033152      14    28.464129
-----------------------------------------------------------------------------
Total 3 references                                     88.950402

****************************************
Design: adder_nco_WIDTH8_6 
****************************************
Reference          Library       Unit Area   Count    Total Area   Attributes
-----------------------------------------------------------------------------
MFA_nco_6                        14.740352       1     14.740352  h
adder_WIDTH7_6                   88.950402       1     88.950402  h
-----------------------------------------------------------------------------
Total 2 references                                    103.690754

****************************************
Design: MFA_nco_6 
****************************************
Reference          Library       Unit Area   Count    Total Area   Attributes
-----------------------------------------------------------------------------
AND2X1_RVT         saed32rvt_tt1p05v25c     2.033152       3     6.099456
NAND2X0_RVT        saed32rvt_tt1p05v25c     1.524864       3     4.574592
OR2X1_RVT          saed32rvt_tt1p05v25c     2.033152       2     4.066304
-----------------------------------------------------------------------------
Total 3 references                                     14.740352

****************************************
Design: adder_WIDTH7_6 
****************************************
Reference          Library       Unit Area   Count    Total Area   Attributes
-----------------------------------------------------------------------------
AND2X1_RVT         saed32rvt_tt1p05v25c     2.033152      14    28.464129
NAND2X0_RVT        saed32rvt_tt1p05v25c     1.524864      21    32.022143
OR2X1_RVT          saed32rvt_tt1p05v25c     2.033152      14    28.464129
-----------------------------------------------------------------------------
Total 3 references                                     88.950402

****************************************
Design: adder_nco_WIDTH8_7 
****************************************
Reference          Library       Unit Area   Count    Total Area   Attributes
-----------------------------------------------------------------------------
MFA_nco_7                        14.740352       1     14.740352  h
adder_WIDTH7_7                   88.950402       1     88.950402  h
-----------------------------------------------------------------------------
Total 2 references                                    103.690754

****************************************
Design: MFA_nco_7 
****************************************
Reference          Library       Unit Area   Count    Total Area   Attributes
-----------------------------------------------------------------------------
AND2X1_RVT         saed32rvt_tt1p05v25c     2.033152       3     6.099456
NAND2X0_RVT        saed32rvt_tt1p05v25c     1.524864       3     4.574592
OR2X1_RVT          saed32rvt_tt1p05v25c     2.033152       2     4.066304
-----------------------------------------------------------------------------
Total 3 references                                     14.740352

****************************************
Design: adder_WIDTH7_7 
****************************************
Reference          Library       Unit Area   Count    Total Area   Attributes
-----------------------------------------------------------------------------
AND2X1_RVT         saed32rvt_tt1p05v25c     2.033152      14    28.464129
NAND2X0_RVT        saed32rvt_tt1p05v25c     1.524864      21    32.022143
OR2X1_RVT          saed32rvt_tt1p05v25c     2.033152      14    28.464129
-----------------------------------------------------------------------------
Total 3 references                                     88.950402
1
