 
****************************************
Report : area
Design : vbw_adder_nco
Version: K-2015.06-SP4
Date   : Wed Apr 26 19:37:56 2017
****************************************

Library(s) Used:

    saed32rvt_tt1p05v25c (File: /usr/local/packages/synopsys_2015/SAED32_EDK/lib/stdcell_rvt/db_nldm/saed32rvt_tt1p05v25c.db)

Number of ports:                          644
Number of nets:                          1040
Number of cells:                          485
Number of combinational cells:            461
Number of sequential cells:                 0
Number of macros/black boxes:               0
Number of buf/inv:                          1
Number of references:                      12

Combinational area:                838.929363
Buf/Inv area:                        1.270720
Noncombinational area:               0.000000
Macro/Black Box area:                0.000000
Net Interconnect area:             112.309044

Total cell area:                   838.929363
Total area:                        951.238407

Hierarchical area distribution
------------------------------

                                  Global cell area          Local cell area
                                  ------------------  --------------------------- 
Hierarchical cell                 Absolute   Percent  Combi-    Noncombi-  Black-
                                  Total      Total    national  national   boxes   Design
--------------------------------  ---------  -------  --------  ---------  ------  ------------------
vbw_adder_nco                      838.9294    100.0    9.4033     0.0000  0.0000  vbw_adder_nco
genblk1_0__adder_inst              103.6908     12.4    0.0000     0.0000  0.0000  adder_nco_WIDTH8_7
genblk1_0__adder_inst/adder_inst    88.9504     10.6   88.9504     0.0000  0.0000  adder_WIDTH7_7
genblk1_0__adder_inst/mfa_inst      14.7404      1.8   14.7404     0.0000  0.0000  MFA_nco_7
genblk1_1__adder_inst              103.6908     12.4    0.0000     0.0000  0.0000  adder_nco_WIDTH8_6
genblk1_1__adder_inst/adder_inst    88.9504     10.6   88.9504     0.0000  0.0000  adder_WIDTH7_6
genblk1_1__adder_inst/mfa_inst      14.7404      1.8   14.7404     0.0000  0.0000  MFA_nco_6
genblk1_2__adder_inst              103.6908     12.4    0.0000     0.0000  0.0000  adder_nco_WIDTH8_5
genblk1_2__adder_inst/adder_inst    88.9504     10.6   88.9504     0.0000  0.0000  adder_WIDTH7_5
genblk1_2__adder_inst/mfa_inst      14.7404      1.8   14.7404     0.0000  0.0000  MFA_nco_5
genblk1_3__adder_inst              103.6908     12.4    0.0000     0.0000  0.0000  adder_nco_WIDTH8_4
genblk1_3__adder_inst/adder_inst    88.9504     10.6   88.9504     0.0000  0.0000  adder_WIDTH7_4
genblk1_3__adder_inst/mfa_inst      14.7404      1.8   14.7404     0.0000  0.0000  MFA_nco_4
genblk1_4__adder_inst              103.6908     12.4    0.0000     0.0000  0.0000  adder_nco_WIDTH8_3
genblk1_4__adder_inst/adder_inst    88.9504     10.6   88.9504     0.0000  0.0000  adder_WIDTH7_3
genblk1_4__adder_inst/mfa_inst      14.7404      1.8   14.7404     0.0000  0.0000  MFA_nco_3
genblk1_5__adder_inst              103.6908     12.4    0.0000     0.0000  0.0000  adder_nco_WIDTH8_2
genblk1_5__adder_inst/adder_inst    88.9504     10.6   88.9504     0.0000  0.0000  adder_WIDTH7_2
genblk1_5__adder_inst/mfa_inst      14.7404      1.8   14.7404     0.0000  0.0000  MFA_nco_2
genblk1_6__adder_inst              103.6908     12.4    0.0000     0.0000  0.0000  adder_nco_WIDTH8_1
genblk1_6__adder_inst/adder_inst    88.9504     10.6   88.9504     0.0000  0.0000  adder_WIDTH7_1
genblk1_6__adder_inst/mfa_inst      14.7404      1.8   14.7404     0.0000  0.0000  MFA_nco_1
genblk1_7__adder_inst              103.6908     12.4    0.0000     0.0000  0.0000  adder_nco_WIDTH8_0
genblk1_7__adder_inst/adder_inst    88.9504     10.6   88.9504     0.0000  0.0000  adder_WIDTH7_0
genblk1_7__adder_inst/mfa_inst      14.7404      1.8   14.7404     0.0000  0.0000  MFA_nco_0
--------------------------------  ---------  -------  --------  ---------  ------  ------------------
Total                                                 838.9294     0.0000  0.0000

1
