 
****************************************
Report : resources
Design : vbw_adder_bsln
Version: K-2015.06-SP4
Date   : Fri Apr 21 16:54:56 2017
****************************************


No implementations to report
 
****************************************
Design : adder_WIDTH8_5
****************************************

Resource Report for this hierarchy in file
        /home/ecelrc/students/cluo1/ws/var_bw_mul/syn/../rtl/vbw_adders.v
=============================================================================
| Cell           | Module         | Parameters | Contained Operations       |
=============================================================================
| add_x_1        | DW01_add       | width=9    | add_66 (vbw_adders.v:66)   |
|                |                |            | add_66_2 (vbw_adders.v:66) |
=============================================================================


Implementation Report
===============================================================================
|                    |                  | Current            | Set            |
| Cell               | Module           | Implementation     | Implementation |
===============================================================================
| add_x_1            | DW01_add         | apparch (area)     |                |
===============================================================================

 
****************************************
Design : adder_WIDTH8_4
****************************************

Resource Report for this hierarchy in file
        /home/ecelrc/students/cluo1/ws/var_bw_mul/syn/../rtl/vbw_adders.v
=============================================================================
| Cell           | Module         | Parameters | Contained Operations       |
=============================================================================
| add_x_1        | DW01_add       | width=9    | add_66 (vbw_adders.v:66)   |
|                |                |            | add_66_2 (vbw_adders.v:66) |
=============================================================================


Implementation Report
===============================================================================
|                    |                  | Current            | Set            |
| Cell               | Module           | Implementation     | Implementation |
===============================================================================
| add_x_1            | DW01_add         | apparch (area)     |                |
===============================================================================

 
****************************************
Design : adder_WIDTH8_3
****************************************

Resource Report for this hierarchy in file
        /home/ecelrc/students/cluo1/ws/var_bw_mul/syn/../rtl/vbw_adders.v
=============================================================================
| Cell           | Module         | Parameters | Contained Operations       |
=============================================================================
| add_x_1        | DW01_add       | width=9    | add_66 (vbw_adders.v:66)   |
|                |                |            | add_66_2 (vbw_adders.v:66) |
=============================================================================


Implementation Report
===============================================================================
|                    |                  | Current            | Set            |
| Cell               | Module           | Implementation     | Implementation |
===============================================================================
| add_x_1            | DW01_add         | apparch (area)     |                |
===============================================================================

 
****************************************
Design : adder_WIDTH8_2
****************************************

Resource Report for this hierarchy in file
        /home/ecelrc/students/cluo1/ws/var_bw_mul/syn/../rtl/vbw_adders.v
=============================================================================
| Cell           | Module         | Parameters | Contained Operations       |
=============================================================================
| add_x_1        | DW01_add       | width=9    | add_66 (vbw_adders.v:66)   |
|                |                |            | add_66_2 (vbw_adders.v:66) |
=============================================================================


Implementation Report
===============================================================================
|                    |                  | Current            | Set            |
| Cell               | Module           | Implementation     | Implementation |
===============================================================================
| add_x_1            | DW01_add         | apparch (area)     |                |
===============================================================================

 
****************************************
Design : adder_WIDTH8_1
****************************************

Resource Report for this hierarchy in file
        /home/ecelrc/students/cluo1/ws/var_bw_mul/syn/../rtl/vbw_adders.v
=============================================================================
| Cell           | Module         | Parameters | Contained Operations       |
=============================================================================
| add_x_1        | DW01_add       | width=9    | add_66 (vbw_adders.v:66)   |
|                |                |            | add_66_2 (vbw_adders.v:66) |
=============================================================================


Implementation Report
===============================================================================
|                    |                  | Current            | Set            |
| Cell               | Module           | Implementation     | Implementation |
===============================================================================
| add_x_1            | DW01_add         | apparch (area)     |                |
===============================================================================

 
****************************************
Design : adder_WIDTH8_0
****************************************

Resource Report for this hierarchy in file
        /home/ecelrc/students/cluo1/ws/var_bw_mul/syn/../rtl/vbw_adders.v
=============================================================================
| Cell           | Module         | Parameters | Contained Operations       |
=============================================================================
| add_x_1        | DW01_add       | width=9    | add_66 (vbw_adders.v:66)   |
|                |                |            | add_66_2 (vbw_adders.v:66) |
=============================================================================


Implementation Report
===============================================================================
|                    |                  | Current            | Set            |
| Cell               | Module           | Implementation     | Implementation |
===============================================================================
| add_x_1            | DW01_add         | apparch (area)     |                |
===============================================================================

 
****************************************
Design : adder_WIDTH16_1
****************************************

Resource Report for this hierarchy in file
        /home/ecelrc/students/cluo1/ws/var_bw_mul/syn/../rtl/vbw_adders.v
=============================================================================
| Cell           | Module         | Parameters | Contained Operations       |
=============================================================================
| add_x_1        | DW01_add       | width=17   | add_66 (vbw_adders.v:66)   |
|                |                |            | add_66_2 (vbw_adders.v:66) |
=============================================================================


Implementation Report
===============================================================================
|                    |                  | Current            | Set            |
| Cell               | Module           | Implementation     | Implementation |
===============================================================================
| add_x_1            | DW01_add         | apparch (area)     |                |
===============================================================================

 
****************************************
Design : adder_WIDTH16_0
****************************************

Resource Report for this hierarchy in file
        /home/ecelrc/students/cluo1/ws/var_bw_mul/syn/../rtl/vbw_adders.v
=============================================================================
| Cell           | Module         | Parameters | Contained Operations       |
=============================================================================
| add_x_1        | DW01_add       | width=17   | add_66 (vbw_adders.v:66)   |
|                |                |            | add_66_2 (vbw_adders.v:66) |
=============================================================================


Implementation Report
===============================================================================
|                    |                  | Current            | Set            |
| Cell               | Module           | Implementation     | Implementation |
===============================================================================
| add_x_1            | DW01_add         | apparch (area)     |                |
===============================================================================

 
****************************************
Design : adder_WIDTH8_6
****************************************

Resource Report for this hierarchy in file
        /home/ecelrc/students/cluo1/ws/var_bw_mul/syn/../rtl/vbw_adders.v
=============================================================================
| Cell           | Module         | Parameters | Contained Operations       |
=============================================================================
| add_x_1        | DW01_add       | width=9    | add_66 (vbw_adders.v:66)   |
|                |                |            | add_66_2 (vbw_adders.v:66) |
=============================================================================


Implementation Report
===============================================================================
|                    |                  | Current            | Set            |
| Cell               | Module           | Implementation     | Implementation |
===============================================================================
| add_x_1            | DW01_add         | apparch (area)     |                |
===============================================================================

 
****************************************
Design : adder_WIDTH16_2
****************************************

Resource Report for this hierarchy in file
        /home/ecelrc/students/cluo1/ws/var_bw_mul/syn/../rtl/vbw_adders.v
=============================================================================
| Cell           | Module         | Parameters | Contained Operations       |
=============================================================================
| add_x_1        | DW01_add       | width=17   | add_66 (vbw_adders.v:66)   |
|                |                |            | add_66_2 (vbw_adders.v:66) |
=============================================================================


Implementation Report
===============================================================================
|                    |                  | Current            | Set            |
| Cell               | Module           | Implementation     | Implementation |
===============================================================================
| add_x_1            | DW01_add         | apparch (area)     |                |
===============================================================================

 
****************************************
Design : adder_WIDTH32
****************************************

Resource Report for this hierarchy in file
        /home/ecelrc/students/cluo1/ws/var_bw_mul/syn/../rtl/vbw_adders.v
=============================================================================
| Cell           | Module         | Parameters | Contained Operations       |
=============================================================================
| add_x_1        | DW01_add       | width=33   | add_66 (vbw_adders.v:66)   |
|                |                |            | add_66_2 (vbw_adders.v:66) |
=============================================================================


Implementation Report
===============================================================================
|                    |                  | Current            | Set            |
| Cell               | Module           | Implementation     | Implementation |
===============================================================================
| add_x_1            | DW01_add         | apparch (area)     |                |
===============================================================================

 
****************************************
Design : adder_WIDTH64
****************************************

Resource Report for this hierarchy in file
        /home/ecelrc/students/cluo1/ws/var_bw_mul/syn/../rtl/vbw_adders.v
=============================================================================
| Cell           | Module         | Parameters | Contained Operations       |
=============================================================================
| DP_OP_5J1_122_2335              |            |                            |
|                | DP_OP_5J1_122_2335 |        |                            |
=============================================================================

Datapath Report for DP_OP_5J1_122_2335
==============================================================================
| Cell                 | Contained Operations                                |
==============================================================================
| DP_OP_5J1_122_2335   | add_66 (vbw_adders.v:66) add_66_2 (vbw_adders.v:66) |
==============================================================================

==============================================================================
|       |      | Data     |       |                                          |
| Var   | Type | Class    | Width | Expression                               |
==============================================================================
| I1    | PI   | Unsigned | 64    |                                          |
| I2    | PI   | Unsigned | 64    |                                          |
| I3    | PI   | Unsigned | 1     |                                          |
| O1    | PO   | Unsigned | 65    | I1 + I2 + I3 (vbw_adders.v:66)           |
==============================================================================


Implementation Report
===============================================================================
|                    |                  | Current            | Set            |
| Cell               | Module           | Implementation     | Implementation |
===============================================================================
| DP_OP_5J1_122_2335 | DP_OP_5J1_122_2335 | str (area)       |                |
===============================================================================

1
