 
****************************************
Report : area
Design : vbw_adder_bsln
Version: K-2015.06-SP4
Date   : Fri Apr 21 16:54:56 2017
****************************************

Library(s) Used:

    saed32rvt_tt1p05v25c (File: /usr/local/packages/synopsys_2015/SAED32_EDK/lib/stdcell_rvt/db_nldm/saed32rvt_tt1p05v25c.db)

Number of ports:                          820
Number of nets:                          1369
Number of cells:                          470
Number of combinational cells:            457
Number of sequential cells:                 1
Number of macros/black boxes:               0
Number of buf/inv:                          8
Number of references:                      19

Combinational area:               1537.317048
Buf/Inv area:                       14.994497
Noncombinational area:               0.000000
Macro/Black Box area:                0.000000
Net Interconnect area:             240.911127

Total cell area:                  1537.317048
Total area:                       1778.228176

Hierarchical area distribution
------------------------------

                                  Global cell area          Local cell area
                                  ------------------  ---------------------------- 
Hierarchical cell                 Absolute   Percent  Combi-     Noncombi-  Black-
                                  Total      Total    national   national   boxes   Design
--------------------------------  ---------  -------  ---------  ---------  ------  ---------------
vbw_adder_bsln                    1537.3170    100.0   565.9787     0.0000  0.0000  vbw_adder_bsln
add16_1                             77.7681      5.1    77.7681     0.0000  0.0000  adder_WIDTH16_0
add16_2                             77.7681      5.1    77.7681     0.0000  0.0000  adder_WIDTH16_1
add16_3                             77.7681      5.1    77.7681     0.0000  0.0000  adder_WIDTH16_2
add32_1                            155.0278     10.1   155.0278     0.0000  0.0000  adder_WIDTH32
add64                              309.0391     20.1   309.0391     0.0000  0.0000  adder_WIDTH64
add8_1                              39.1382      2.5    39.1382     0.0000  0.0000  adder_WIDTH8_0
add8_2                              39.1382      2.5    39.1382     0.0000  0.0000  adder_WIDTH8_1
add8_3                              39.1382      2.5    39.1382     0.0000  0.0000  adder_WIDTH8_2
add8_4                              39.1382      2.5    39.1382     0.0000  0.0000  adder_WIDTH8_3
add8_5                              39.1382      2.5    39.1382     0.0000  0.0000  adder_WIDTH8_4
add8_6                              39.1382      2.5    39.1382     0.0000  0.0000  adder_WIDTH8_5
add8_7                              39.1382      2.5    39.1382     0.0000  0.0000  adder_WIDTH8_6
--------------------------------  ---------  -------  ---------  ---------  ------  ---------------
Total                                                 1537.3170     0.0000  0.0000

1
