Information: Propagating switching activity (low effort zero delay simulation). (PWR-6)
Warning: There is no defined clock in the design. (PWR-80)
Warning: Design has unannotated primary inputs. (PWR-414)
 
****************************************
Report : power
        -hier
        -analysis_effort low
Design : vbw_adder_bsln
Version: K-2015.06-SP4
Date   : Fri Apr 21 16:54:56 2017
****************************************


Library(s) Used:

    saed32rvt_tt1p05v25c (File: /usr/local/packages/synopsys_2015/SAED32_EDK/lib/stdcell_rvt/db_nldm/saed32rvt_tt1p05v25c.db)


Operating Conditions: tt1p05v25c   Library: saed32rvt_tt1p05v25c
Wire Load Model Mode: enclosed

Design        Wire Load Model            Library
------------------------------------------------
vbw_adder_bsln         8000              saed32rvt_tt1p05v25c
adder_WIDTH64          8000              saed32rvt_tt1p05v25c
adder_WIDTH32          ForQA             saed32rvt_tt1p05v25c
adder_WIDTH16_2        ForQA             saed32rvt_tt1p05v25c
adder_WIDTH8_6         ForQA             saed32rvt_tt1p05v25c
adder_WIDTH16_0        ForQA             saed32rvt_tt1p05v25c
adder_WIDTH16_1        ForQA             saed32rvt_tt1p05v25c
adder_WIDTH8_0         ForQA             saed32rvt_tt1p05v25c
adder_WIDTH8_1         ForQA             saed32rvt_tt1p05v25c
adder_WIDTH8_2         ForQA             saed32rvt_tt1p05v25c
adder_WIDTH8_3         ForQA             saed32rvt_tt1p05v25c
adder_WIDTH8_4         ForQA             saed32rvt_tt1p05v25c
adder_WIDTH8_5         ForQA             saed32rvt_tt1p05v25c


Global Operating Voltage = 1.05 
Power-specific unit information :
    Voltage Units = 1V
    Capacitance Units = 1.000000ff
    Time Units = 1ns
    Dynamic Power Units = 1uW    (derived from V,C,T units)
    Leakage Power Units = 1pW


--------------------------------------------------------------------------------
                                       Switch   Int      Leak     Total
Hierarchy                              Power    Power    Power    Power    %
--------------------------------------------------------------------------------
vbw_adder_bsln                           62.581  288.298 1.58e+08  508.547 100.0
  add8_1 (adder_WIDTH8_0)                 1.780    7.212 4.24e+06   13.232   2.6
  add8_2 (adder_WIDTH8_1)                 1.837    7.371 4.24e+06   13.448   2.6
  add8_3 (adder_WIDTH8_2)                 1.835    7.372 4.24e+06   13.449   2.6
  add8_4 (adder_WIDTH8_3)                 1.807    7.290 4.24e+06   13.338   2.6
  add8_5 (adder_WIDTH8_4)                 1.813    7.285 4.24e+06   13.340   2.6
  add8_6 (adder_WIDTH8_5)                 1.839    7.378 4.24e+06   13.457   2.6
  add8_7 (adder_WIDTH8_6)                 1.825    7.331 4.24e+06   13.399   2.6
  add16_1 (adder_WIDTH16_0)               3.993   16.284 8.31e+06   28.586   5.6
  add16_2 (adder_WIDTH16_1)               3.945   16.127 8.31e+06   28.382   5.6
  add16_3 (adder_WIDTH16_2)               3.987   16.264 8.31e+06   28.561   5.6
  add32_1 (adder_WIDTH32)                 8.290   34.063 1.64e+07   58.800  11.6
  add64 (adder_WIDTH64)                  15.092   65.256 3.25e+07  112.840  22.2
1
