 
****************************************
Report : area
Design : vbw_cla_kill
Version: K-2015.06-SP4
Date   : Wed Apr 26 19:43:40 2017
****************************************

Library(s) Used:

    saed32rvt_tt1p05v25c (File: /usr/local/packages/synopsys_2015/SAED32_EDK/lib/stdcell_rvt/db_nldm/saed32rvt_tt1p05v25c.db)

Number of ports:                          895
Number of nets:                          1701
Number of cells:                          956
Number of combinational cells:            871
Number of sequential cells:                 0
Number of macros/black boxes:               0
Number of buf/inv:                        128
Number of references:                      89

Combinational area:               1559.427601
Buf/Inv area:                      162.652161
Noncombinational area:               0.000000
Macro/Black Box area:                0.000000
Net Interconnect area:             236.809261

Total cell area:                  1559.427601
Total area:                       1796.236862

Hierarchical area distribution
------------------------------

                                  Global cell area          Local cell area
                                  ------------------  ---------------------------- 
Hierarchical cell                 Absolute   Percent  Combi-     Noncombi-  Black-
                                  Total      Total    national   national   boxes   Design
--------------------------------  ---------  -------  ---------  ---------  ------  ---------
vbw_cla_kill                      1559.4276    100.0    44.4752     0.0000  0.0000  vbw_cla_kill
layer1_0_                           25.6685      1.6    25.6685     0.0000  0.0000  LA4_4
layer1_10_                          25.6685      1.6    25.6685     0.0000  0.0000  LA4_14
layer1_11_                          25.6685      1.6    25.6685     0.0000  0.0000  LA4_15
layer1_12_                          25.6685      1.6    25.6685     0.0000  0.0000  LA4_16
layer1_13_                          25.6685      1.6    25.6685     0.0000  0.0000  LA4_17
layer1_14_                          25.6685      1.6    25.6685     0.0000  0.0000  LA4_18
layer1_15_                          25.6685      1.6    25.6685     0.0000  0.0000  LA4_19
layer1_1_                           25.6685      1.6    25.6685     0.0000  0.0000  LA4_5
layer1_2_                           25.6685      1.6    25.6685     0.0000  0.0000  LA4_6
layer1_3_                           25.6685      1.6    25.6685     0.0000  0.0000  LA4_7
layer1_4_                           25.6685      1.6    25.6685     0.0000  0.0000  LA4_8
layer1_5_                           25.6685      1.6    25.6685     0.0000  0.0000  LA4_9
layer1_6_                           25.6685      1.6    25.6685     0.0000  0.0000  LA4_10
layer1_7_                           25.6685      1.6    25.6685     0.0000  0.0000  LA4_11
layer1_8_                           25.6685      1.6    25.6685     0.0000  0.0000  LA4_12
layer1_9_                           25.6685      1.6    25.6685     0.0000  0.0000  LA4_13
layer2_0_                           25.6685      1.6    25.6685     0.0000  0.0000  LA4_0
layer2_1_                           25.6685      1.6    25.6685     0.0000  0.0000  LA4_1
layer2_2_                           25.6685      1.6    25.6685     0.0000  0.0000  LA4_2
layer2_3_                           25.6685      1.6    25.6685     0.0000  0.0000  LA4_3
layer3                              25.6685      1.6    25.6685     0.0000  0.0000  LA4_20
mfa_inst_0_                         15.2486      1.0    15.2486     0.0000  0.0000  MFA_0
mfa_inst_10_                        15.2486      1.0    15.2486     0.0000  0.0000  MFA_10
mfa_inst_11_                        15.2486      1.0    15.2486     0.0000  0.0000  MFA_11
mfa_inst_12_                        15.2486      1.0    15.2486     0.0000  0.0000  MFA_12
mfa_inst_13_                        15.2486      1.0    15.2486     0.0000  0.0000  MFA_13
mfa_inst_14_                        15.2486      1.0    15.2486     0.0000  0.0000  MFA_14
mfa_inst_15_                        15.2486      1.0    15.2486     0.0000  0.0000  MFA_15
mfa_inst_16_                        15.2486      1.0    15.2486     0.0000  0.0000  MFA_16
mfa_inst_17_                        15.2486      1.0    15.2486     0.0000  0.0000  MFA_17
mfa_inst_18_                        15.2486      1.0    15.2486     0.0000  0.0000  MFA_18
mfa_inst_19_                        15.2486      1.0    15.2486     0.0000  0.0000  MFA_19
mfa_inst_1_                         15.2486      1.0    15.2486     0.0000  0.0000  MFA_1
mfa_inst_20_                        15.2486      1.0    15.2486     0.0000  0.0000  MFA_20
mfa_inst_21_                        15.2486      1.0    15.2486     0.0000  0.0000  MFA_21
mfa_inst_22_                        15.2486      1.0    15.2486     0.0000  0.0000  MFA_22
mfa_inst_23_                        15.2486      1.0    15.2486     0.0000  0.0000  MFA_23
mfa_inst_24_                        15.2486      1.0    15.2486     0.0000  0.0000  MFA_24
mfa_inst_25_                        15.2486      1.0    15.2486     0.0000  0.0000  MFA_25
mfa_inst_26_                        15.2486      1.0    15.2486     0.0000  0.0000  MFA_26
mfa_inst_27_                        15.2486      1.0    15.2486     0.0000  0.0000  MFA_27
mfa_inst_28_                        15.2486      1.0    15.2486     0.0000  0.0000  MFA_28
mfa_inst_29_                        15.2486      1.0    15.2486     0.0000  0.0000  MFA_29
mfa_inst_2_                         15.2486      1.0    15.2486     0.0000  0.0000  MFA_2
mfa_inst_30_                        15.2486      1.0    15.2486     0.0000  0.0000  MFA_30
mfa_inst_31_                        15.2486      1.0    15.2486     0.0000  0.0000  MFA_31
mfa_inst_32_                        15.2486      1.0    15.2486     0.0000  0.0000  MFA_32
mfa_inst_33_                        15.2486      1.0    15.2486     0.0000  0.0000  MFA_33
mfa_inst_34_                        15.2486      1.0    15.2486     0.0000  0.0000  MFA_34
mfa_inst_35_                        15.2486      1.0    15.2486     0.0000  0.0000  MFA_35
mfa_inst_36_                        15.2486      1.0    15.2486     0.0000  0.0000  MFA_36
mfa_inst_37_                        15.2486      1.0    15.2486     0.0000  0.0000  MFA_37
mfa_inst_38_                        15.2486      1.0    15.2486     0.0000  0.0000  MFA_38
mfa_inst_39_                        15.2486      1.0    15.2486     0.0000  0.0000  MFA_39
mfa_inst_3_                         15.2486      1.0    15.2486     0.0000  0.0000  MFA_3
mfa_inst_40_                        15.2486      1.0    15.2486     0.0000  0.0000  MFA_40
mfa_inst_41_                        15.2486      1.0    15.2486     0.0000  0.0000  MFA_41
mfa_inst_42_                        15.2486      1.0    15.2486     0.0000  0.0000  MFA_42
mfa_inst_43_                        15.2486      1.0    15.2486     0.0000  0.0000  MFA_43
mfa_inst_44_                        15.2486      1.0    15.2486     0.0000  0.0000  MFA_44
mfa_inst_45_                        15.2486      1.0    15.2486     0.0000  0.0000  MFA_45
mfa_inst_46_                        15.2486      1.0    15.2486     0.0000  0.0000  MFA_46
mfa_inst_47_                        15.2486      1.0    15.2486     0.0000  0.0000  MFA_47
mfa_inst_48_                        15.2486      1.0    15.2486     0.0000  0.0000  MFA_48
mfa_inst_49_                        15.2486      1.0    15.2486     0.0000  0.0000  MFA_49
mfa_inst_4_                         15.2486      1.0    15.2486     0.0000  0.0000  MFA_4
mfa_inst_50_                        15.2486      1.0    15.2486     0.0000  0.0000  MFA_50
mfa_inst_51_                        15.2486      1.0    15.2486     0.0000  0.0000  MFA_51
mfa_inst_52_                        15.2486      1.0    15.2486     0.0000  0.0000  MFA_52
mfa_inst_53_                        15.2486      1.0    15.2486     0.0000  0.0000  MFA_53
mfa_inst_54_                        15.2486      1.0    15.2486     0.0000  0.0000  MFA_54
mfa_inst_55_                        15.2486      1.0    15.2486     0.0000  0.0000  MFA_55
mfa_inst_56_                        15.2486      1.0    15.2486     0.0000  0.0000  MFA_56
mfa_inst_57_                        15.2486      1.0    15.2486     0.0000  0.0000  MFA_57
mfa_inst_58_                        15.2486      1.0    15.2486     0.0000  0.0000  MFA_58
mfa_inst_59_                        15.2486      1.0    15.2486     0.0000  0.0000  MFA_59
mfa_inst_5_                         15.2486      1.0    15.2486     0.0000  0.0000  MFA_5
mfa_inst_60_                        15.2486      1.0    15.2486     0.0000  0.0000  MFA_60
mfa_inst_61_                        15.2486      1.0    15.2486     0.0000  0.0000  MFA_61
mfa_inst_62_                        15.2486      1.0    15.2486     0.0000  0.0000  MFA_62
mfa_inst_63_                        15.2486      1.0    15.2486     0.0000  0.0000  MFA_63
mfa_inst_6_                         15.2486      1.0    15.2486     0.0000  0.0000  MFA_6
mfa_inst_7_                         15.2486      1.0    15.2486     0.0000  0.0000  MFA_7
mfa_inst_8_                         15.2486      1.0    15.2486     0.0000  0.0000  MFA_8
mfa_inst_9_                         15.2486      1.0    15.2486     0.0000  0.0000  MFA_9
--------------------------------  ---------  -------  ---------  ---------  ------  ---------
Total                                                 1559.4276     0.0000  0.0000

1
