 
****************************************
Report : reference
Design : vbw_cla_kill
Version: K-2015.06-SP4
Date   : Wed Apr 26 19:43:40 2017
****************************************

Attributes:
    b - black box (unknown)
   bo - allows boundary optimization
    d - dont_touch
   mo - map_only
    h - hierarchical
    n - noncombinational
    r - removable
    s - synthetic operator
    u - contains unmapped logic

Reference          Library       Unit Area   Count    Total Area   Attributes
-----------------------------------------------------------------------------
AND2X1_RVT         saed32rvt_tt1p05v25c     2.033152      17    34.563586
INVX0_RVT          saed32rvt_tt1p05v25c     1.270720       1     1.270720
LA4_0                            25.668544       1     25.668544  h
LA4_1                            25.668544       1     25.668544  h
LA4_2                            25.668544       1     25.668544  h
LA4_3                            25.668544       1     25.668544  h
LA4_4                            25.668544       1     25.668544  h
LA4_5                            25.668544       1     25.668544  h
LA4_6                            25.668544       1     25.668544  h
LA4_7                            25.668544       1     25.668544  h
LA4_8                            25.668544       1     25.668544  h
LA4_9                            25.668544       1     25.668544  h
LA4_10                           25.668544       1     25.668544  h
LA4_11                           25.668544       1     25.668544  h
LA4_12                           25.668544       1     25.668544  h
LA4_13                           25.668544       1     25.668544  h
LA4_14                           25.668544       1     25.668544  h
LA4_15                           25.668544       1     25.668544  h
LA4_16                           25.668544       1     25.668544  h
LA4_17                           25.668544       1     25.668544  h
LA4_18                           25.668544       1     25.668544  h
LA4_19                           25.668544       1     25.668544  h
LA4_20                           25.668544       1     25.668544  h
MFA_0                            15.248640       1     15.248640  h
MFA_1                            15.248640       1     15.248640  h
MFA_2                            15.248640       1     15.248640  h
MFA_3                            15.248640       1     15.248640  h
MFA_4                            15.248640       1     15.248640  h
MFA_5                            15.248640       1     15.248640  h
MFA_6                            15.248640       1     15.248640  h
MFA_7                            15.248640       1     15.248640  h
MFA_8                            15.248640       1     15.248640  h
MFA_9                            15.248640       1     15.248640  h
MFA_10                           15.248640       1     15.248640  h
MFA_11                           15.248640       1     15.248640  h
MFA_12                           15.248640       1     15.248640  h
MFA_13                           15.248640       1     15.248640  h
MFA_14                           15.248640       1     15.248640  h
MFA_15                           15.248640       1     15.248640  h
MFA_16                           15.248640       1     15.248640  h
MFA_17                           15.248640       1     15.248640  h
MFA_18                           15.248640       1     15.248640  h
MFA_19                           15.248640       1     15.248640  h
MFA_20                           15.248640       1     15.248640  h
MFA_21                           15.248640       1     15.248640  h
MFA_22                           15.248640       1     15.248640  h
MFA_23                           15.248640       1     15.248640  h
MFA_24                           15.248640       1     15.248640  h
MFA_25                           15.248640       1     15.248640  h
MFA_26                           15.248640       1     15.248640  h
MFA_27                           15.248640       1     15.248640  h
MFA_28                           15.248640       1     15.248640  h
MFA_29                           15.248640       1     15.248640  h
MFA_30                           15.248640       1     15.248640  h
MFA_31                           15.248640       1     15.248640  h
MFA_32                           15.248640       1     15.248640  h
MFA_33                           15.248640       1     15.248640  h
MFA_34                           15.248640       1     15.248640  h
MFA_35                           15.248640       1     15.248640  h
MFA_36                           15.248640       1     15.248640  h
MFA_37                           15.248640       1     15.248640  h
MFA_38                           15.248640       1     15.248640  h
MFA_39                           15.248640       1     15.248640  h
MFA_40                           15.248640       1     15.248640  h
MFA_41                           15.248640       1     15.248640  h
MFA_42                           15.248640       1     15.248640  h
MFA_43                           15.248640       1     15.248640  h
MFA_44                           15.248640       1     15.248640  h
MFA_45                           15.248640       1     15.248640  h
MFA_46                           15.248640       1     15.248640  h
MFA_47                           15.248640       1     15.248640  h
MFA_48                           15.248640       1     15.248640  h
MFA_49                           15.248640       1     15.248640  h
MFA_50                           15.248640       1     15.248640  h
MFA_51                           15.248640       1     15.248640  h
MFA_52                           15.248640       1     15.248640  h
MFA_53                           15.248640       1     15.248640  h
MFA_54                           15.248640       1     15.248640  h
MFA_55                           15.248640       1     15.248640  h
MFA_56                           15.248640       1     15.248640  h
MFA_57                           15.248640       1     15.248640  h
MFA_58                           15.248640       1     15.248640  h
MFA_59                           15.248640       1     15.248640  h
MFA_60                           15.248640       1     15.248640  h
MFA_61                           15.248640       1     15.248640  h
MFA_62                           15.248640       1     15.248640  h
MFA_63                           15.248640       1     15.248640  h
NAND2X0_RVT        saed32rvt_tt1p05v25c     1.524864       4     6.099456
NOR2X0_RVT         saed32rvt_tt1p05v25c     2.541440       1     2.541440
-----------------------------------------------------------------------------
Total 89 references                                  1559.427601

****************************************
Design: LA4_0 
****************************************
Reference          Library       Unit Area   Count    Total Area   Attributes
-----------------------------------------------------------------------------
AND2X1_RVT         saed32rvt_tt1p05v25c     2.033152       1     2.033152
AND4X1_RVT         saed32rvt_tt1p05v25c     2.541440       1     2.541440
INVX0_RVT          saed32rvt_tt1p05v25c     1.270720       3     3.812160
NAND2X0_RVT        saed32rvt_tt1p05v25c     1.524864      10    15.248640
OR2X1_RVT          saed32rvt_tt1p05v25c     2.033152       1     2.033152
-----------------------------------------------------------------------------
Total 5 references                                     25.668544

****************************************
Design: LA4_1 
****************************************
Reference          Library       Unit Area   Count    Total Area   Attributes
-----------------------------------------------------------------------------
AND2X1_RVT         saed32rvt_tt1p05v25c     2.033152       1     2.033152
AND4X1_RVT         saed32rvt_tt1p05v25c     2.541440       1     2.541440
INVX0_RVT          saed32rvt_tt1p05v25c     1.270720       3     3.812160
NAND2X0_RVT        saed32rvt_tt1p05v25c     1.524864      10    15.248640
OR2X1_RVT          saed32rvt_tt1p05v25c     2.033152       1     2.033152
-----------------------------------------------------------------------------
Total 5 references                                     25.668544

****************************************
Design: LA4_2 
****************************************
Reference          Library       Unit Area   Count    Total Area   Attributes
-----------------------------------------------------------------------------
AND2X1_RVT         saed32rvt_tt1p05v25c     2.033152       1     2.033152
AND4X1_RVT         saed32rvt_tt1p05v25c     2.541440       1     2.541440
INVX0_RVT          saed32rvt_tt1p05v25c     1.270720       3     3.812160
NAND2X0_RVT        saed32rvt_tt1p05v25c     1.524864      10    15.248640
OR2X1_RVT          saed32rvt_tt1p05v25c     2.033152       1     2.033152
-----------------------------------------------------------------------------
Total 5 references                                     25.668544

****************************************
Design: LA4_3 
****************************************
Reference          Library       Unit Area   Count    Total Area   Attributes
-----------------------------------------------------------------------------
AND2X1_RVT         saed32rvt_tt1p05v25c     2.033152       1     2.033152
AND4X1_RVT         saed32rvt_tt1p05v25c     2.541440       1     2.541440
INVX0_RVT          saed32rvt_tt1p05v25c     1.270720       3     3.812160
NAND2X0_RVT        saed32rvt_tt1p05v25c     1.524864      10    15.248640
OR2X1_RVT          saed32rvt_tt1p05v25c     2.033152       1     2.033152
-----------------------------------------------------------------------------
Total 5 references                                     25.668544

****************************************
Design: LA4_4 
****************************************
Reference          Library       Unit Area   Count    Total Area   Attributes
-----------------------------------------------------------------------------
AND2X1_RVT         saed32rvt_tt1p05v25c     2.033152       1     2.033152
AND4X1_RVT         saed32rvt_tt1p05v25c     2.541440       1     2.541440
INVX0_RVT          saed32rvt_tt1p05v25c     1.270720       3     3.812160
NAND2X0_RVT        saed32rvt_tt1p05v25c     1.524864      10    15.248640
OR2X1_RVT          saed32rvt_tt1p05v25c     2.033152       1     2.033152
-----------------------------------------------------------------------------
Total 5 references                                     25.668544

****************************************
Design: LA4_5 
****************************************
Reference          Library       Unit Area   Count    Total Area   Attributes
-----------------------------------------------------------------------------
AND2X1_RVT         saed32rvt_tt1p05v25c     2.033152       1     2.033152
AND4X1_RVT         saed32rvt_tt1p05v25c     2.541440       1     2.541440
INVX0_RVT          saed32rvt_tt1p05v25c     1.270720       3     3.812160
NAND2X0_RVT        saed32rvt_tt1p05v25c     1.524864      10    15.248640
OR2X1_RVT          saed32rvt_tt1p05v25c     2.033152       1     2.033152
-----------------------------------------------------------------------------
Total 5 references                                     25.668544

****************************************
Design: LA4_6 
****************************************
Reference          Library       Unit Area   Count    Total Area   Attributes
-----------------------------------------------------------------------------
AND2X1_RVT         saed32rvt_tt1p05v25c     2.033152       1     2.033152
AND4X1_RVT         saed32rvt_tt1p05v25c     2.541440       1     2.541440
INVX0_RVT          saed32rvt_tt1p05v25c     1.270720       3     3.812160
NAND2X0_RVT        saed32rvt_tt1p05v25c     1.524864      10    15.248640
OR2X1_RVT          saed32rvt_tt1p05v25c     2.033152       1     2.033152
-----------------------------------------------------------------------------
Total 5 references                                     25.668544

****************************************
Design: LA4_7 
****************************************
Reference          Library       Unit Area   Count    Total Area   Attributes
-----------------------------------------------------------------------------
AND2X1_RVT         saed32rvt_tt1p05v25c     2.033152       1     2.033152
AND4X1_RVT         saed32rvt_tt1p05v25c     2.541440       1     2.541440
INVX0_RVT          saed32rvt_tt1p05v25c     1.270720       3     3.812160
NAND2X0_RVT        saed32rvt_tt1p05v25c     1.524864      10    15.248640
OR2X1_RVT          saed32rvt_tt1p05v25c     2.033152       1     2.033152
-----------------------------------------------------------------------------
Total 5 references                                     25.668544

****************************************
Design: LA4_8 
****************************************
Reference          Library       Unit Area   Count    Total Area   Attributes
-----------------------------------------------------------------------------
AND2X1_RVT         saed32rvt_tt1p05v25c     2.033152       1     2.033152
AND4X1_RVT         saed32rvt_tt1p05v25c     2.541440       1     2.541440
INVX0_RVT          saed32rvt_tt1p05v25c     1.270720       3     3.812160
NAND2X0_RVT        saed32rvt_tt1p05v25c     1.524864      10    15.248640
OR2X1_RVT          saed32rvt_tt1p05v25c     2.033152       1     2.033152
-----------------------------------------------------------------------------
Total 5 references                                     25.668544

****************************************
Design: LA4_9 
****************************************
Reference          Library       Unit Area   Count    Total Area   Attributes
-----------------------------------------------------------------------------
AND2X1_RVT         saed32rvt_tt1p05v25c     2.033152       1     2.033152
AND4X1_RVT         saed32rvt_tt1p05v25c     2.541440       1     2.541440
INVX0_RVT          saed32rvt_tt1p05v25c     1.270720       3     3.812160
NAND2X0_RVT        saed32rvt_tt1p05v25c     1.524864      10    15.248640
OR2X1_RVT          saed32rvt_tt1p05v25c     2.033152       1     2.033152
-----------------------------------------------------------------------------
Total 5 references                                     25.668544

****************************************
Design: LA4_10 
****************************************
Reference          Library       Unit Area   Count    Total Area   Attributes
-----------------------------------------------------------------------------
AND2X1_RVT         saed32rvt_tt1p05v25c     2.033152       1     2.033152
AND4X1_RVT         saed32rvt_tt1p05v25c     2.541440       1     2.541440
INVX0_RVT          saed32rvt_tt1p05v25c     1.270720       3     3.812160
NAND2X0_RVT        saed32rvt_tt1p05v25c     1.524864      10    15.248640
OR2X1_RVT          saed32rvt_tt1p05v25c     2.033152       1     2.033152
-----------------------------------------------------------------------------
Total 5 references                                     25.668544

****************************************
Design: LA4_11 
****************************************
Reference          Library       Unit Area   Count    Total Area   Attributes
-----------------------------------------------------------------------------
AND2X1_RVT         saed32rvt_tt1p05v25c     2.033152       1     2.033152
AND4X1_RVT         saed32rvt_tt1p05v25c     2.541440       1     2.541440
INVX0_RVT          saed32rvt_tt1p05v25c     1.270720       3     3.812160
NAND2X0_RVT        saed32rvt_tt1p05v25c     1.524864      10    15.248640
OR2X1_RVT          saed32rvt_tt1p05v25c     2.033152       1     2.033152
-----------------------------------------------------------------------------
Total 5 references                                     25.668544

****************************************
Design: LA4_12 
****************************************
Reference          Library       Unit Area   Count    Total Area   Attributes
-----------------------------------------------------------------------------
AND2X1_RVT         saed32rvt_tt1p05v25c     2.033152       1     2.033152
AND4X1_RVT         saed32rvt_tt1p05v25c     2.541440       1     2.541440
INVX0_RVT          saed32rvt_tt1p05v25c     1.270720       3     3.812160
NAND2X0_RVT        saed32rvt_tt1p05v25c     1.524864      10    15.248640
OR2X1_RVT          saed32rvt_tt1p05v25c     2.033152       1     2.033152
-----------------------------------------------------------------------------
Total 5 references                                     25.668544

****************************************
Design: LA4_13 
****************************************
Reference          Library       Unit Area   Count    Total Area   Attributes
-----------------------------------------------------------------------------
AND2X1_RVT         saed32rvt_tt1p05v25c     2.033152       1     2.033152
AND4X1_RVT         saed32rvt_tt1p05v25c     2.541440       1     2.541440
INVX0_RVT          saed32rvt_tt1p05v25c     1.270720       3     3.812160
NAND2X0_RVT        saed32rvt_tt1p05v25c     1.524864      10    15.248640
OR2X1_RVT          saed32rvt_tt1p05v25c     2.033152       1     2.033152
-----------------------------------------------------------------------------
Total 5 references                                     25.668544

****************************************
Design: LA4_14 
****************************************
Reference          Library       Unit Area   Count    Total Area   Attributes
-----------------------------------------------------------------------------
AND2X1_RVT         saed32rvt_tt1p05v25c     2.033152       1     2.033152
AND4X1_RVT         saed32rvt_tt1p05v25c     2.541440       1     2.541440
INVX0_RVT          saed32rvt_tt1p05v25c     1.270720       3     3.812160
NAND2X0_RVT        saed32rvt_tt1p05v25c     1.524864      10    15.248640
OR2X1_RVT          saed32rvt_tt1p05v25c     2.033152       1     2.033152
-----------------------------------------------------------------------------
Total 5 references                                     25.668544

****************************************
Design: LA4_15 
****************************************
Reference          Library       Unit Area   Count    Total Area   Attributes
-----------------------------------------------------------------------------
AND2X1_RVT         saed32rvt_tt1p05v25c     2.033152       1     2.033152
AND4X1_RVT         saed32rvt_tt1p05v25c     2.541440       1     2.541440
INVX0_RVT          saed32rvt_tt1p05v25c     1.270720       3     3.812160
NAND2X0_RVT        saed32rvt_tt1p05v25c     1.524864      10    15.248640
OR2X1_RVT          saed32rvt_tt1p05v25c     2.033152       1     2.033152
-----------------------------------------------------------------------------
Total 5 references                                     25.668544

****************************************
Design: LA4_16 
****************************************
Reference          Library       Unit Area   Count    Total Area   Attributes
-----------------------------------------------------------------------------
AND2X1_RVT         saed32rvt_tt1p05v25c     2.033152       1     2.033152
AND4X1_RVT         saed32rvt_tt1p05v25c     2.541440       1     2.541440
INVX0_RVT          saed32rvt_tt1p05v25c     1.270720       3     3.812160
NAND2X0_RVT        saed32rvt_tt1p05v25c     1.524864      10    15.248640
OR2X1_RVT          saed32rvt_tt1p05v25c     2.033152       1     2.033152
-----------------------------------------------------------------------------
Total 5 references                                     25.668544

****************************************
Design: LA4_17 
****************************************
Reference          Library       Unit Area   Count    Total Area   Attributes
-----------------------------------------------------------------------------
AND2X1_RVT         saed32rvt_tt1p05v25c     2.033152       1     2.033152
AND4X1_RVT         saed32rvt_tt1p05v25c     2.541440       1     2.541440
INVX0_RVT          saed32rvt_tt1p05v25c     1.270720       3     3.812160
NAND2X0_RVT        saed32rvt_tt1p05v25c     1.524864      10    15.248640
OR2X1_RVT          saed32rvt_tt1p05v25c     2.033152       1     2.033152
-----------------------------------------------------------------------------
Total 5 references                                     25.668544

****************************************
Design: LA4_18 
****************************************
Reference          Library       Unit Area   Count    Total Area   Attributes
-----------------------------------------------------------------------------
AND2X1_RVT         saed32rvt_tt1p05v25c     2.033152       1     2.033152
AND4X1_RVT         saed32rvt_tt1p05v25c     2.541440       1     2.541440
INVX0_RVT          saed32rvt_tt1p05v25c     1.270720       3     3.812160
NAND2X0_RVT        saed32rvt_tt1p05v25c     1.524864      10    15.248640
OR2X1_RVT          saed32rvt_tt1p05v25c     2.033152       1     2.033152
-----------------------------------------------------------------------------
Total 5 references                                     25.668544

****************************************
Design: LA4_19 
****************************************
Reference          Library       Unit Area   Count    Total Area   Attributes
-----------------------------------------------------------------------------
AND2X1_RVT         saed32rvt_tt1p05v25c     2.033152       1     2.033152
AND4X1_RVT         saed32rvt_tt1p05v25c     2.541440       1     2.541440
INVX0_RVT          saed32rvt_tt1p05v25c     1.270720       3     3.812160
NAND2X0_RVT        saed32rvt_tt1p05v25c     1.524864      10    15.248640
OR2X1_RVT          saed32rvt_tt1p05v25c     2.033152       1     2.033152
-----------------------------------------------------------------------------
Total 5 references                                     25.668544

****************************************
Design: LA4_20 
****************************************
Reference          Library       Unit Area   Count    Total Area   Attributes
-----------------------------------------------------------------------------
AND2X1_RVT         saed32rvt_tt1p05v25c     2.033152       1     2.033152
AND4X1_RVT         saed32rvt_tt1p05v25c     2.541440       1     2.541440
INVX0_RVT          saed32rvt_tt1p05v25c     1.270720       3     3.812160
NAND2X0_RVT        saed32rvt_tt1p05v25c     1.524864      10    15.248640
OR2X1_RVT          saed32rvt_tt1p05v25c     2.033152       1     2.033152
-----------------------------------------------------------------------------
Total 5 references                                     25.668544

****************************************
Design: MFA_0 
****************************************
Reference          Library       Unit Area   Count    Total Area   Attributes
-----------------------------------------------------------------------------
AND2X1_RVT         saed32rvt_tt1p05v25c     2.033152       1     2.033152
INVX0_RVT          saed32rvt_tt1p05v25c     1.270720       1     1.270720
MUX21X1_RVT        saed32rvt_tt1p05v25c     3.303872       1     3.303872
NAND2X0_RVT        saed32rvt_tt1p05v25c     1.524864       3     4.574592
OR2X1_RVT          saed32rvt_tt1p05v25c     2.033152       2     4.066304
-----------------------------------------------------------------------------
Total 5 references                                     15.248640

****************************************
Design: MFA_1 
****************************************
Reference          Library       Unit Area   Count    Total Area   Attributes
-----------------------------------------------------------------------------
AND2X1_RVT         saed32rvt_tt1p05v25c     2.033152       1     2.033152
INVX0_RVT          saed32rvt_tt1p05v25c     1.270720       1     1.270720
MUX21X1_RVT        saed32rvt_tt1p05v25c     3.303872       1     3.303872
NAND2X0_RVT        saed32rvt_tt1p05v25c     1.524864       3     4.574592
OR2X1_RVT          saed32rvt_tt1p05v25c     2.033152       2     4.066304
-----------------------------------------------------------------------------
Total 5 references                                     15.248640

****************************************
Design: MFA_2 
****************************************
Reference          Library       Unit Area   Count    Total Area   Attributes
-----------------------------------------------------------------------------
AND2X1_RVT         saed32rvt_tt1p05v25c     2.033152       1     2.033152
INVX0_RVT          saed32rvt_tt1p05v25c     1.270720       1     1.270720
MUX21X1_RVT        saed32rvt_tt1p05v25c     3.303872       1     3.303872
NAND2X0_RVT        saed32rvt_tt1p05v25c     1.524864       3     4.574592
OR2X1_RVT          saed32rvt_tt1p05v25c     2.033152       2     4.066304
-----------------------------------------------------------------------------
Total 5 references                                     15.248640

****************************************
Design: MFA_3 
****************************************
Reference          Library       Unit Area   Count    Total Area   Attributes
-----------------------------------------------------------------------------
AND2X1_RVT         saed32rvt_tt1p05v25c     2.033152       1     2.033152
INVX0_RVT          saed32rvt_tt1p05v25c     1.270720       1     1.270720
MUX21X1_RVT        saed32rvt_tt1p05v25c     3.303872       1     3.303872
NAND2X0_RVT        saed32rvt_tt1p05v25c     1.524864       3     4.574592
OR2X1_RVT          saed32rvt_tt1p05v25c     2.033152       2     4.066304
-----------------------------------------------------------------------------
Total 5 references                                     15.248640

****************************************
Design: MFA_4 
****************************************
Reference          Library       Unit Area   Count    Total Area   Attributes
-----------------------------------------------------------------------------
AND2X1_RVT         saed32rvt_tt1p05v25c     2.033152       1     2.033152
INVX0_RVT          saed32rvt_tt1p05v25c     1.270720       1     1.270720
MUX21X1_RVT        saed32rvt_tt1p05v25c     3.303872       1     3.303872
NAND2X0_RVT        saed32rvt_tt1p05v25c     1.524864       3     4.574592
OR2X1_RVT          saed32rvt_tt1p05v25c     2.033152       2     4.066304
-----------------------------------------------------------------------------
Total 5 references                                     15.248640

****************************************
Design: MFA_5 
****************************************
Reference          Library       Unit Area   Count    Total Area   Attributes
-----------------------------------------------------------------------------
AND2X1_RVT         saed32rvt_tt1p05v25c     2.033152       1     2.033152
INVX0_RVT          saed32rvt_tt1p05v25c     1.270720       1     1.270720
MUX21X1_RVT        saed32rvt_tt1p05v25c     3.303872       1     3.303872
NAND2X0_RVT        saed32rvt_tt1p05v25c     1.524864       3     4.574592
OR2X1_RVT          saed32rvt_tt1p05v25c     2.033152       2     4.066304
-----------------------------------------------------------------------------
Total 5 references                                     15.248640

****************************************
Design: MFA_6 
****************************************
Reference          Library       Unit Area   Count    Total Area   Attributes
-----------------------------------------------------------------------------
AND2X1_RVT         saed32rvt_tt1p05v25c     2.033152       1     2.033152
INVX0_RVT          saed32rvt_tt1p05v25c     1.270720       1     1.270720
MUX21X1_RVT        saed32rvt_tt1p05v25c     3.303872       1     3.303872
NAND2X0_RVT        saed32rvt_tt1p05v25c     1.524864       3     4.574592
OR2X1_RVT          saed32rvt_tt1p05v25c     2.033152       2     4.066304
-----------------------------------------------------------------------------
Total 5 references                                     15.248640

****************************************
Design: MFA_7 
****************************************
Reference          Library       Unit Area   Count    Total Area   Attributes
-----------------------------------------------------------------------------
AND2X1_RVT         saed32rvt_tt1p05v25c     2.033152       1     2.033152
INVX0_RVT          saed32rvt_tt1p05v25c     1.270720       1     1.270720
MUX21X1_RVT        saed32rvt_tt1p05v25c     3.303872       1     3.303872
NAND2X0_RVT        saed32rvt_tt1p05v25c     1.524864       3     4.574592
OR2X1_RVT          saed32rvt_tt1p05v25c     2.033152       2     4.066304
-----------------------------------------------------------------------------
Total 5 references                                     15.248640

****************************************
Design: MFA_8 
****************************************
Reference          Library       Unit Area   Count    Total Area   Attributes
-----------------------------------------------------------------------------
AND2X1_RVT         saed32rvt_tt1p05v25c     2.033152       1     2.033152
INVX0_RVT          saed32rvt_tt1p05v25c     1.270720       1     1.270720
MUX21X1_RVT        saed32rvt_tt1p05v25c     3.303872       1     3.303872
NAND2X0_RVT        saed32rvt_tt1p05v25c     1.524864       3     4.574592
OR2X1_RVT          saed32rvt_tt1p05v25c     2.033152       2     4.066304
-----------------------------------------------------------------------------
Total 5 references                                     15.248640

****************************************
Design: MFA_9 
****************************************
Reference          Library       Unit Area   Count    Total Area   Attributes
-----------------------------------------------------------------------------
AND2X1_RVT         saed32rvt_tt1p05v25c     2.033152       1     2.033152
INVX0_RVT          saed32rvt_tt1p05v25c     1.270720       1     1.270720
MUX21X1_RVT        saed32rvt_tt1p05v25c     3.303872       1     3.303872
NAND2X0_RVT        saed32rvt_tt1p05v25c     1.524864       3     4.574592
OR2X1_RVT          saed32rvt_tt1p05v25c     2.033152       2     4.066304
-----------------------------------------------------------------------------
Total 5 references                                     15.248640

****************************************
Design: MFA_10 
****************************************
Reference          Library       Unit Area   Count    Total Area   Attributes
-----------------------------------------------------------------------------
AND2X1_RVT         saed32rvt_tt1p05v25c     2.033152       1     2.033152
INVX0_RVT          saed32rvt_tt1p05v25c     1.270720       1     1.270720
MUX21X1_RVT        saed32rvt_tt1p05v25c     3.303872       1     3.303872
NAND2X0_RVT        saed32rvt_tt1p05v25c     1.524864       3     4.574592
OR2X1_RVT          saed32rvt_tt1p05v25c     2.033152       2     4.066304
-----------------------------------------------------------------------------
Total 5 references                                     15.248640

****************************************
Design: MFA_11 
****************************************
Reference          Library       Unit Area   Count    Total Area   Attributes
-----------------------------------------------------------------------------
AND2X1_RVT         saed32rvt_tt1p05v25c     2.033152       1     2.033152
INVX0_RVT          saed32rvt_tt1p05v25c     1.270720       1     1.270720
MUX21X1_RVT        saed32rvt_tt1p05v25c     3.303872       1     3.303872
NAND2X0_RVT        saed32rvt_tt1p05v25c     1.524864       3     4.574592
OR2X1_RVT          saed32rvt_tt1p05v25c     2.033152       2     4.066304
-----------------------------------------------------------------------------
Total 5 references                                     15.248640

****************************************
Design: MFA_12 
****************************************
Reference          Library       Unit Area   Count    Total Area   Attributes
-----------------------------------------------------------------------------
AND2X1_RVT         saed32rvt_tt1p05v25c     2.033152       1     2.033152
INVX0_RVT          saed32rvt_tt1p05v25c     1.270720       1     1.270720
MUX21X1_RVT        saed32rvt_tt1p05v25c     3.303872       1     3.303872
NAND2X0_RVT        saed32rvt_tt1p05v25c     1.524864       3     4.574592
OR2X1_RVT          saed32rvt_tt1p05v25c     2.033152       2     4.066304
-----------------------------------------------------------------------------
Total 5 references                                     15.248640

****************************************
Design: MFA_13 
****************************************
Reference          Library       Unit Area   Count    Total Area   Attributes
-----------------------------------------------------------------------------
AND2X1_RVT         saed32rvt_tt1p05v25c     2.033152       1     2.033152
INVX0_RVT          saed32rvt_tt1p05v25c     1.270720       1     1.270720
MUX21X1_RVT        saed32rvt_tt1p05v25c     3.303872       1     3.303872
NAND2X0_RVT        saed32rvt_tt1p05v25c     1.524864       3     4.574592
OR2X1_RVT          saed32rvt_tt1p05v25c     2.033152       2     4.066304
-----------------------------------------------------------------------------
Total 5 references                                     15.248640

****************************************
Design: MFA_14 
****************************************
Reference          Library       Unit Area   Count    Total Area   Attributes
-----------------------------------------------------------------------------
AND2X1_RVT         saed32rvt_tt1p05v25c     2.033152       1     2.033152
INVX0_RVT          saed32rvt_tt1p05v25c     1.270720       1     1.270720
MUX21X1_RVT        saed32rvt_tt1p05v25c     3.303872       1     3.303872
NAND2X0_RVT        saed32rvt_tt1p05v25c     1.524864       3     4.574592
OR2X1_RVT          saed32rvt_tt1p05v25c     2.033152       2     4.066304
-----------------------------------------------------------------------------
Total 5 references                                     15.248640

****************************************
Design: MFA_15 
****************************************
Reference          Library       Unit Area   Count    Total Area   Attributes
-----------------------------------------------------------------------------
AND2X1_RVT         saed32rvt_tt1p05v25c     2.033152       1     2.033152
INVX0_RVT          saed32rvt_tt1p05v25c     1.270720       1     1.270720
MUX21X1_RVT        saed32rvt_tt1p05v25c     3.303872       1     3.303872
NAND2X0_RVT        saed32rvt_tt1p05v25c     1.524864       3     4.574592
OR2X1_RVT          saed32rvt_tt1p05v25c     2.033152       2     4.066304
-----------------------------------------------------------------------------
Total 5 references                                     15.248640

****************************************
Design: MFA_16 
****************************************
Reference          Library       Unit Area   Count    Total Area   Attributes
-----------------------------------------------------------------------------
AND2X1_RVT         saed32rvt_tt1p05v25c     2.033152       1     2.033152
INVX0_RVT          saed32rvt_tt1p05v25c     1.270720       1     1.270720
MUX21X1_RVT        saed32rvt_tt1p05v25c     3.303872       1     3.303872
NAND2X0_RVT        saed32rvt_tt1p05v25c     1.524864       3     4.574592
OR2X1_RVT          saed32rvt_tt1p05v25c     2.033152       2     4.066304
-----------------------------------------------------------------------------
Total 5 references                                     15.248640

****************************************
Design: MFA_17 
****************************************
Reference          Library       Unit Area   Count    Total Area   Attributes
-----------------------------------------------------------------------------
AND2X1_RVT         saed32rvt_tt1p05v25c     2.033152       1     2.033152
INVX0_RVT          saed32rvt_tt1p05v25c     1.270720       1     1.270720
MUX21X1_RVT        saed32rvt_tt1p05v25c     3.303872       1     3.303872
NAND2X0_RVT        saed32rvt_tt1p05v25c     1.524864       3     4.574592
OR2X1_RVT          saed32rvt_tt1p05v25c     2.033152       2     4.066304
-----------------------------------------------------------------------------
Total 5 references                                     15.248640

****************************************
Design: MFA_18 
****************************************
Reference          Library       Unit Area   Count    Total Area   Attributes
-----------------------------------------------------------------------------
AND2X1_RVT         saed32rvt_tt1p05v25c     2.033152       1     2.033152
INVX0_RVT          saed32rvt_tt1p05v25c     1.270720       1     1.270720
MUX21X1_RVT        saed32rvt_tt1p05v25c     3.303872       1     3.303872
NAND2X0_RVT        saed32rvt_tt1p05v25c     1.524864       3     4.574592
OR2X1_RVT          saed32rvt_tt1p05v25c     2.033152       2     4.066304
-----------------------------------------------------------------------------
Total 5 references                                     15.248640

****************************************
Design: MFA_19 
****************************************
Reference          Library       Unit Area   Count    Total Area   Attributes
-----------------------------------------------------------------------------
AND2X1_RVT         saed32rvt_tt1p05v25c     2.033152       1     2.033152
INVX0_RVT          saed32rvt_tt1p05v25c     1.270720       1     1.270720
MUX21X1_RVT        saed32rvt_tt1p05v25c     3.303872       1     3.303872
NAND2X0_RVT        saed32rvt_tt1p05v25c     1.524864       3     4.574592
OR2X1_RVT          saed32rvt_tt1p05v25c     2.033152       2     4.066304
-----------------------------------------------------------------------------
Total 5 references                                     15.248640

****************************************
Design: MFA_20 
****************************************
Reference          Library       Unit Area   Count    Total Area   Attributes
-----------------------------------------------------------------------------
AND2X1_RVT         saed32rvt_tt1p05v25c     2.033152       1     2.033152
INVX0_RVT          saed32rvt_tt1p05v25c     1.270720       1     1.270720
MUX21X1_RVT        saed32rvt_tt1p05v25c     3.303872       1     3.303872
NAND2X0_RVT        saed32rvt_tt1p05v25c     1.524864       3     4.574592
OR2X1_RVT          saed32rvt_tt1p05v25c     2.033152       2     4.066304
-----------------------------------------------------------------------------
Total 5 references                                     15.248640

****************************************
Design: MFA_21 
****************************************
Reference          Library       Unit Area   Count    Total Area   Attributes
-----------------------------------------------------------------------------
AND2X1_RVT         saed32rvt_tt1p05v25c     2.033152       1     2.033152
INVX0_RVT          saed32rvt_tt1p05v25c     1.270720       1     1.270720
MUX21X1_RVT        saed32rvt_tt1p05v25c     3.303872       1     3.303872
NAND2X0_RVT        saed32rvt_tt1p05v25c     1.524864       3     4.574592
OR2X1_RVT          saed32rvt_tt1p05v25c     2.033152       2     4.066304
-----------------------------------------------------------------------------
Total 5 references                                     15.248640

****************************************
Design: MFA_22 
****************************************
Reference          Library       Unit Area   Count    Total Area   Attributes
-----------------------------------------------------------------------------
AND2X1_RVT         saed32rvt_tt1p05v25c     2.033152       1     2.033152
INVX0_RVT          saed32rvt_tt1p05v25c     1.270720       1     1.270720
MUX21X1_RVT        saed32rvt_tt1p05v25c     3.303872       1     3.303872
NAND2X0_RVT        saed32rvt_tt1p05v25c     1.524864       3     4.574592
OR2X1_RVT          saed32rvt_tt1p05v25c     2.033152       2     4.066304
-----------------------------------------------------------------------------
Total 5 references                                     15.248640

****************************************
Design: MFA_23 
****************************************
Reference          Library       Unit Area   Count    Total Area   Attributes
-----------------------------------------------------------------------------
AND2X1_RVT         saed32rvt_tt1p05v25c     2.033152       1     2.033152
INVX0_RVT          saed32rvt_tt1p05v25c     1.270720       1     1.270720
MUX21X1_RVT        saed32rvt_tt1p05v25c     3.303872       1     3.303872
NAND2X0_RVT        saed32rvt_tt1p05v25c     1.524864       3     4.574592
OR2X1_RVT          saed32rvt_tt1p05v25c     2.033152       2     4.066304
-----------------------------------------------------------------------------
Total 5 references                                     15.248640

****************************************
Design: MFA_24 
****************************************
Reference          Library       Unit Area   Count    Total Area   Attributes
-----------------------------------------------------------------------------
AND2X1_RVT         saed32rvt_tt1p05v25c     2.033152       1     2.033152
INVX0_RVT          saed32rvt_tt1p05v25c     1.270720       1     1.270720
MUX21X1_RVT        saed32rvt_tt1p05v25c     3.303872       1     3.303872
NAND2X0_RVT        saed32rvt_tt1p05v25c     1.524864       3     4.574592
OR2X1_RVT          saed32rvt_tt1p05v25c     2.033152       2     4.066304
-----------------------------------------------------------------------------
Total 5 references                                     15.248640

****************************************
Design: MFA_25 
****************************************
Reference          Library       Unit Area   Count    Total Area   Attributes
-----------------------------------------------------------------------------
AND2X1_RVT         saed32rvt_tt1p05v25c     2.033152       1     2.033152
INVX0_RVT          saed32rvt_tt1p05v25c     1.270720       1     1.270720
MUX21X1_RVT        saed32rvt_tt1p05v25c     3.303872       1     3.303872
NAND2X0_RVT        saed32rvt_tt1p05v25c     1.524864       3     4.574592
OR2X1_RVT          saed32rvt_tt1p05v25c     2.033152       2     4.066304
-----------------------------------------------------------------------------
Total 5 references                                     15.248640

****************************************
Design: MFA_26 
****************************************
Reference          Library       Unit Area   Count    Total Area   Attributes
-----------------------------------------------------------------------------
AND2X1_RVT         saed32rvt_tt1p05v25c     2.033152       1     2.033152
INVX0_RVT          saed32rvt_tt1p05v25c     1.270720       1     1.270720
MUX21X1_RVT        saed32rvt_tt1p05v25c     3.303872       1     3.303872
NAND2X0_RVT        saed32rvt_tt1p05v25c     1.524864       3     4.574592
OR2X1_RVT          saed32rvt_tt1p05v25c     2.033152       2     4.066304
-----------------------------------------------------------------------------
Total 5 references                                     15.248640

****************************************
Design: MFA_27 
****************************************
Reference          Library       Unit Area   Count    Total Area   Attributes
-----------------------------------------------------------------------------
AND2X1_RVT         saed32rvt_tt1p05v25c     2.033152       1     2.033152
INVX0_RVT          saed32rvt_tt1p05v25c     1.270720       1     1.270720
MUX21X1_RVT        saed32rvt_tt1p05v25c     3.303872       1     3.303872
NAND2X0_RVT        saed32rvt_tt1p05v25c     1.524864       3     4.574592
OR2X1_RVT          saed32rvt_tt1p05v25c     2.033152       2     4.066304
-----------------------------------------------------------------------------
Total 5 references                                     15.248640

****************************************
Design: MFA_28 
****************************************
Reference          Library       Unit Area   Count    Total Area   Attributes
-----------------------------------------------------------------------------
AND2X1_RVT         saed32rvt_tt1p05v25c     2.033152       1     2.033152
INVX0_RVT          saed32rvt_tt1p05v25c     1.270720       1     1.270720
MUX21X1_RVT        saed32rvt_tt1p05v25c     3.303872       1     3.303872
NAND2X0_RVT        saed32rvt_tt1p05v25c     1.524864       3     4.574592
OR2X1_RVT          saed32rvt_tt1p05v25c     2.033152       2     4.066304
-----------------------------------------------------------------------------
Total 5 references                                     15.248640

****************************************
Design: MFA_29 
****************************************
Reference          Library       Unit Area   Count    Total Area   Attributes
-----------------------------------------------------------------------------
AND2X1_RVT         saed32rvt_tt1p05v25c     2.033152       1     2.033152
INVX0_RVT          saed32rvt_tt1p05v25c     1.270720       1     1.270720
MUX21X1_RVT        saed32rvt_tt1p05v25c     3.303872       1     3.303872
NAND2X0_RVT        saed32rvt_tt1p05v25c     1.524864       3     4.574592
OR2X1_RVT          saed32rvt_tt1p05v25c     2.033152       2     4.066304
-----------------------------------------------------------------------------
Total 5 references                                     15.248640

****************************************
Design: MFA_30 
****************************************
Reference          Library       Unit Area   Count    Total Area   Attributes
-----------------------------------------------------------------------------
AND2X1_RVT         saed32rvt_tt1p05v25c     2.033152       1     2.033152
INVX0_RVT          saed32rvt_tt1p05v25c     1.270720       1     1.270720
MUX21X1_RVT        saed32rvt_tt1p05v25c     3.303872       1     3.303872
NAND2X0_RVT        saed32rvt_tt1p05v25c     1.524864       3     4.574592
OR2X1_RVT          saed32rvt_tt1p05v25c     2.033152       2     4.066304
-----------------------------------------------------------------------------
Total 5 references                                     15.248640

****************************************
Design: MFA_31 
****************************************
Reference          Library       Unit Area   Count    Total Area   Attributes
-----------------------------------------------------------------------------
AND2X1_RVT         saed32rvt_tt1p05v25c     2.033152       1     2.033152
INVX0_RVT          saed32rvt_tt1p05v25c     1.270720       1     1.270720
MUX21X1_RVT        saed32rvt_tt1p05v25c     3.303872       1     3.303872
NAND2X0_RVT        saed32rvt_tt1p05v25c     1.524864       3     4.574592
OR2X1_RVT          saed32rvt_tt1p05v25c     2.033152       2     4.066304
-----------------------------------------------------------------------------
Total 5 references                                     15.248640

****************************************
Design: MFA_32 
****************************************
Reference          Library       Unit Area   Count    Total Area   Attributes
-----------------------------------------------------------------------------
AND2X1_RVT         saed32rvt_tt1p05v25c     2.033152       1     2.033152
INVX0_RVT          saed32rvt_tt1p05v25c     1.270720       1     1.270720
MUX21X1_RVT        saed32rvt_tt1p05v25c     3.303872       1     3.303872
NAND2X0_RVT        saed32rvt_tt1p05v25c     1.524864       3     4.574592
OR2X1_RVT          saed32rvt_tt1p05v25c     2.033152       2     4.066304
-----------------------------------------------------------------------------
Total 5 references                                     15.248640

****************************************
Design: MFA_33 
****************************************
Reference          Library       Unit Area   Count    Total Area   Attributes
-----------------------------------------------------------------------------
AND2X1_RVT         saed32rvt_tt1p05v25c     2.033152       1     2.033152
INVX0_RVT          saed32rvt_tt1p05v25c     1.270720       1     1.270720
MUX21X1_RVT        saed32rvt_tt1p05v25c     3.303872       1     3.303872
NAND2X0_RVT        saed32rvt_tt1p05v25c     1.524864       3     4.574592
OR2X1_RVT          saed32rvt_tt1p05v25c     2.033152       2     4.066304
-----------------------------------------------------------------------------
Total 5 references                                     15.248640

****************************************
Design: MFA_34 
****************************************
Reference          Library       Unit Area   Count    Total Area   Attributes
-----------------------------------------------------------------------------
AND2X1_RVT         saed32rvt_tt1p05v25c     2.033152       1     2.033152
INVX0_RVT          saed32rvt_tt1p05v25c     1.270720       1     1.270720
MUX21X1_RVT        saed32rvt_tt1p05v25c     3.303872       1     3.303872
NAND2X0_RVT        saed32rvt_tt1p05v25c     1.524864       3     4.574592
OR2X1_RVT          saed32rvt_tt1p05v25c     2.033152       2     4.066304
-----------------------------------------------------------------------------
Total 5 references                                     15.248640

****************************************
Design: MFA_35 
****************************************
Reference          Library       Unit Area   Count    Total Area   Attributes
-----------------------------------------------------------------------------
AND2X1_RVT         saed32rvt_tt1p05v25c     2.033152       1     2.033152
INVX0_RVT          saed32rvt_tt1p05v25c     1.270720       1     1.270720
MUX21X1_RVT        saed32rvt_tt1p05v25c     3.303872       1     3.303872
NAND2X0_RVT        saed32rvt_tt1p05v25c     1.524864       3     4.574592
OR2X1_RVT          saed32rvt_tt1p05v25c     2.033152       2     4.066304
-----------------------------------------------------------------------------
Total 5 references                                     15.248640

****************************************
Design: MFA_36 
****************************************
Reference          Library       Unit Area   Count    Total Area   Attributes
-----------------------------------------------------------------------------
AND2X1_RVT         saed32rvt_tt1p05v25c     2.033152       1     2.033152
INVX0_RVT          saed32rvt_tt1p05v25c     1.270720       1     1.270720
MUX21X1_RVT        saed32rvt_tt1p05v25c     3.303872       1     3.303872
NAND2X0_RVT        saed32rvt_tt1p05v25c     1.524864       3     4.574592
OR2X1_RVT          saed32rvt_tt1p05v25c     2.033152       2     4.066304
-----------------------------------------------------------------------------
Total 5 references                                     15.248640

****************************************
Design: MFA_37 
****************************************
Reference          Library       Unit Area   Count    Total Area   Attributes
-----------------------------------------------------------------------------
AND2X1_RVT         saed32rvt_tt1p05v25c     2.033152       1     2.033152
INVX0_RVT          saed32rvt_tt1p05v25c     1.270720       1     1.270720
MUX21X1_RVT        saed32rvt_tt1p05v25c     3.303872       1     3.303872
NAND2X0_RVT        saed32rvt_tt1p05v25c     1.524864       3     4.574592
OR2X1_RVT          saed32rvt_tt1p05v25c     2.033152       2     4.066304
-----------------------------------------------------------------------------
Total 5 references                                     15.248640

****************************************
Design: MFA_38 
****************************************
Reference          Library       Unit Area   Count    Total Area   Attributes
-----------------------------------------------------------------------------
AND2X1_RVT         saed32rvt_tt1p05v25c     2.033152       1     2.033152
INVX0_RVT          saed32rvt_tt1p05v25c     1.270720       1     1.270720
MUX21X1_RVT        saed32rvt_tt1p05v25c     3.303872       1     3.303872
NAND2X0_RVT        saed32rvt_tt1p05v25c     1.524864       3     4.574592
OR2X1_RVT          saed32rvt_tt1p05v25c     2.033152       2     4.066304
-----------------------------------------------------------------------------
Total 5 references                                     15.248640

****************************************
Design: MFA_39 
****************************************
Reference          Library       Unit Area   Count    Total Area   Attributes
-----------------------------------------------------------------------------
AND2X1_RVT         saed32rvt_tt1p05v25c     2.033152       1     2.033152
INVX0_RVT          saed32rvt_tt1p05v25c     1.270720       1     1.270720
MUX21X1_RVT        saed32rvt_tt1p05v25c     3.303872       1     3.303872
NAND2X0_RVT        saed32rvt_tt1p05v25c     1.524864       3     4.574592
OR2X1_RVT          saed32rvt_tt1p05v25c     2.033152       2     4.066304
-----------------------------------------------------------------------------
Total 5 references                                     15.248640

****************************************
Design: MFA_40 
****************************************
Reference          Library       Unit Area   Count    Total Area   Attributes
-----------------------------------------------------------------------------
AND2X1_RVT         saed32rvt_tt1p05v25c     2.033152       1     2.033152
INVX0_RVT          saed32rvt_tt1p05v25c     1.270720       1     1.270720
MUX21X1_RVT        saed32rvt_tt1p05v25c     3.303872       1     3.303872
NAND2X0_RVT        saed32rvt_tt1p05v25c     1.524864       3     4.574592
OR2X1_RVT          saed32rvt_tt1p05v25c     2.033152       2     4.066304
-----------------------------------------------------------------------------
Total 5 references                                     15.248640

****************************************
Design: MFA_41 
****************************************
Reference          Library       Unit Area   Count    Total Area   Attributes
-----------------------------------------------------------------------------
AND2X1_RVT         saed32rvt_tt1p05v25c     2.033152       1     2.033152
INVX0_RVT          saed32rvt_tt1p05v25c     1.270720       1     1.270720
MUX21X1_RVT        saed32rvt_tt1p05v25c     3.303872       1     3.303872
NAND2X0_RVT        saed32rvt_tt1p05v25c     1.524864       3     4.574592
OR2X1_RVT          saed32rvt_tt1p05v25c     2.033152       2     4.066304
-----------------------------------------------------------------------------
Total 5 references                                     15.248640

****************************************
Design: MFA_42 
****************************************
Reference          Library       Unit Area   Count    Total Area   Attributes
-----------------------------------------------------------------------------
AND2X1_RVT         saed32rvt_tt1p05v25c     2.033152       1     2.033152
INVX0_RVT          saed32rvt_tt1p05v25c     1.270720       1     1.270720
MUX21X1_RVT        saed32rvt_tt1p05v25c     3.303872       1     3.303872
NAND2X0_RVT        saed32rvt_tt1p05v25c     1.524864       3     4.574592
OR2X1_RVT          saed32rvt_tt1p05v25c     2.033152       2     4.066304
-----------------------------------------------------------------------------
Total 5 references                                     15.248640

****************************************
Design: MFA_43 
****************************************
Reference          Library       Unit Area   Count    Total Area   Attributes
-----------------------------------------------------------------------------
AND2X1_RVT         saed32rvt_tt1p05v25c     2.033152       1     2.033152
INVX0_RVT          saed32rvt_tt1p05v25c     1.270720       1     1.270720
MUX21X1_RVT        saed32rvt_tt1p05v25c     3.303872       1     3.303872
NAND2X0_RVT        saed32rvt_tt1p05v25c     1.524864       3     4.574592
OR2X1_RVT          saed32rvt_tt1p05v25c     2.033152       2     4.066304
-----------------------------------------------------------------------------
Total 5 references                                     15.248640

****************************************
Design: MFA_44 
****************************************
Reference          Library       Unit Area   Count    Total Area   Attributes
-----------------------------------------------------------------------------
AND2X1_RVT         saed32rvt_tt1p05v25c     2.033152       1     2.033152
INVX0_RVT          saed32rvt_tt1p05v25c     1.270720       1     1.270720
MUX21X1_RVT        saed32rvt_tt1p05v25c     3.303872       1     3.303872
NAND2X0_RVT        saed32rvt_tt1p05v25c     1.524864       3     4.574592
OR2X1_RVT          saed32rvt_tt1p05v25c     2.033152       2     4.066304
-----------------------------------------------------------------------------
Total 5 references                                     15.248640

****************************************
Design: MFA_45 
****************************************
Reference          Library       Unit Area   Count    Total Area   Attributes
-----------------------------------------------------------------------------
AND2X1_RVT         saed32rvt_tt1p05v25c     2.033152       1     2.033152
INVX0_RVT          saed32rvt_tt1p05v25c     1.270720       1     1.270720
MUX21X1_RVT        saed32rvt_tt1p05v25c     3.303872       1     3.303872
NAND2X0_RVT        saed32rvt_tt1p05v25c     1.524864       3     4.574592
OR2X1_RVT          saed32rvt_tt1p05v25c     2.033152       2     4.066304
-----------------------------------------------------------------------------
Total 5 references                                     15.248640

****************************************
Design: MFA_46 
****************************************
Reference          Library       Unit Area   Count    Total Area   Attributes
-----------------------------------------------------------------------------
AND2X1_RVT         saed32rvt_tt1p05v25c     2.033152       1     2.033152
INVX0_RVT          saed32rvt_tt1p05v25c     1.270720       1     1.270720
MUX21X1_RVT        saed32rvt_tt1p05v25c     3.303872       1     3.303872
NAND2X0_RVT        saed32rvt_tt1p05v25c     1.524864       3     4.574592
OR2X1_RVT          saed32rvt_tt1p05v25c     2.033152       2     4.066304
-----------------------------------------------------------------------------
Total 5 references                                     15.248640

****************************************
Design: MFA_47 
****************************************
Reference          Library       Unit Area   Count    Total Area   Attributes
-----------------------------------------------------------------------------
AND2X1_RVT         saed32rvt_tt1p05v25c     2.033152       1     2.033152
INVX0_RVT          saed32rvt_tt1p05v25c     1.270720       1     1.270720
MUX21X1_RVT        saed32rvt_tt1p05v25c     3.303872       1     3.303872
NAND2X0_RVT        saed32rvt_tt1p05v25c     1.524864       3     4.574592
OR2X1_RVT          saed32rvt_tt1p05v25c     2.033152       2     4.066304
-----------------------------------------------------------------------------
Total 5 references                                     15.248640

****************************************
Design: MFA_48 
****************************************
Reference          Library       Unit Area   Count    Total Area   Attributes
-----------------------------------------------------------------------------
AND2X1_RVT         saed32rvt_tt1p05v25c     2.033152       1     2.033152
INVX0_RVT          saed32rvt_tt1p05v25c     1.270720       1     1.270720
MUX21X1_RVT        saed32rvt_tt1p05v25c     3.303872       1     3.303872
NAND2X0_RVT        saed32rvt_tt1p05v25c     1.524864       3     4.574592
OR2X1_RVT          saed32rvt_tt1p05v25c     2.033152       2     4.066304
-----------------------------------------------------------------------------
Total 5 references                                     15.248640

****************************************
Design: MFA_49 
****************************************
Reference          Library       Unit Area   Count    Total Area   Attributes
-----------------------------------------------------------------------------
AND2X1_RVT         saed32rvt_tt1p05v25c     2.033152       1     2.033152
INVX0_RVT          saed32rvt_tt1p05v25c     1.270720       1     1.270720
MUX21X1_RVT        saed32rvt_tt1p05v25c     3.303872       1     3.303872
NAND2X0_RVT        saed32rvt_tt1p05v25c     1.524864       3     4.574592
OR2X1_RVT          saed32rvt_tt1p05v25c     2.033152       2     4.066304
-----------------------------------------------------------------------------
Total 5 references                                     15.248640

****************************************
Design: MFA_50 
****************************************
Reference          Library       Unit Area   Count    Total Area   Attributes
-----------------------------------------------------------------------------
AND2X1_RVT         saed32rvt_tt1p05v25c     2.033152       1     2.033152
INVX0_RVT          saed32rvt_tt1p05v25c     1.270720       1     1.270720
MUX21X1_RVT        saed32rvt_tt1p05v25c     3.303872       1     3.303872
NAND2X0_RVT        saed32rvt_tt1p05v25c     1.524864       3     4.574592
OR2X1_RVT          saed32rvt_tt1p05v25c     2.033152       2     4.066304
-----------------------------------------------------------------------------
Total 5 references                                     15.248640

****************************************
Design: MFA_51 
****************************************
Reference          Library       Unit Area   Count    Total Area   Attributes
-----------------------------------------------------------------------------
AND2X1_RVT         saed32rvt_tt1p05v25c     2.033152       1     2.033152
INVX0_RVT          saed32rvt_tt1p05v25c     1.270720       1     1.270720
MUX21X1_RVT        saed32rvt_tt1p05v25c     3.303872       1     3.303872
NAND2X0_RVT        saed32rvt_tt1p05v25c     1.524864       3     4.574592
OR2X1_RVT          saed32rvt_tt1p05v25c     2.033152       2     4.066304
-----------------------------------------------------------------------------
Total 5 references                                     15.248640

****************************************
Design: MFA_52 
****************************************
Reference          Library       Unit Area   Count    Total Area   Attributes
-----------------------------------------------------------------------------
AND2X1_RVT         saed32rvt_tt1p05v25c     2.033152       1     2.033152
INVX0_RVT          saed32rvt_tt1p05v25c     1.270720       1     1.270720
MUX21X1_RVT        saed32rvt_tt1p05v25c     3.303872       1     3.303872
NAND2X0_RVT        saed32rvt_tt1p05v25c     1.524864       3     4.574592
OR2X1_RVT          saed32rvt_tt1p05v25c     2.033152       2     4.066304
-----------------------------------------------------------------------------
Total 5 references                                     15.248640

****************************************
Design: MFA_53 
****************************************
Reference          Library       Unit Area   Count    Total Area   Attributes
-----------------------------------------------------------------------------
AND2X1_RVT         saed32rvt_tt1p05v25c     2.033152       1     2.033152
INVX0_RVT          saed32rvt_tt1p05v25c     1.270720       1     1.270720
MUX21X1_RVT        saed32rvt_tt1p05v25c     3.303872       1     3.303872
NAND2X0_RVT        saed32rvt_tt1p05v25c     1.524864       3     4.574592
OR2X1_RVT          saed32rvt_tt1p05v25c     2.033152       2     4.066304
-----------------------------------------------------------------------------
Total 5 references                                     15.248640

****************************************
Design: MFA_54 
****************************************
Reference          Library       Unit Area   Count    Total Area   Attributes
-----------------------------------------------------------------------------
AND2X1_RVT         saed32rvt_tt1p05v25c     2.033152       1     2.033152
INVX0_RVT          saed32rvt_tt1p05v25c     1.270720       1     1.270720
MUX21X1_RVT        saed32rvt_tt1p05v25c     3.303872       1     3.303872
NAND2X0_RVT        saed32rvt_tt1p05v25c     1.524864       3     4.574592
OR2X1_RVT          saed32rvt_tt1p05v25c     2.033152       2     4.066304
-----------------------------------------------------------------------------
Total 5 references                                     15.248640

****************************************
Design: MFA_55 
****************************************
Reference          Library       Unit Area   Count    Total Area   Attributes
-----------------------------------------------------------------------------
AND2X1_RVT         saed32rvt_tt1p05v25c     2.033152       1     2.033152
INVX0_RVT          saed32rvt_tt1p05v25c     1.270720       1     1.270720
MUX21X1_RVT        saed32rvt_tt1p05v25c     3.303872       1     3.303872
NAND2X0_RVT        saed32rvt_tt1p05v25c     1.524864       3     4.574592
OR2X1_RVT          saed32rvt_tt1p05v25c     2.033152       2     4.066304
-----------------------------------------------------------------------------
Total 5 references                                     15.248640

****************************************
Design: MFA_56 
****************************************
Reference          Library       Unit Area   Count    Total Area   Attributes
-----------------------------------------------------------------------------
AND2X1_RVT         saed32rvt_tt1p05v25c     2.033152       1     2.033152
INVX0_RVT          saed32rvt_tt1p05v25c     1.270720       1     1.270720
MUX21X1_RVT        saed32rvt_tt1p05v25c     3.303872       1     3.303872
NAND2X0_RVT        saed32rvt_tt1p05v25c     1.524864       3     4.574592
OR2X1_RVT          saed32rvt_tt1p05v25c     2.033152       2     4.066304
-----------------------------------------------------------------------------
Total 5 references                                     15.248640

****************************************
Design: MFA_57 
****************************************
Reference          Library       Unit Area   Count    Total Area   Attributes
-----------------------------------------------------------------------------
AND2X1_RVT         saed32rvt_tt1p05v25c     2.033152       1     2.033152
INVX0_RVT          saed32rvt_tt1p05v25c     1.270720       1     1.270720
MUX21X1_RVT        saed32rvt_tt1p05v25c     3.303872       1     3.303872
NAND2X0_RVT        saed32rvt_tt1p05v25c     1.524864       3     4.574592
OR2X1_RVT          saed32rvt_tt1p05v25c     2.033152       2     4.066304
-----------------------------------------------------------------------------
Total 5 references                                     15.248640

****************************************
Design: MFA_58 
****************************************
Reference          Library       Unit Area   Count    Total Area   Attributes
-----------------------------------------------------------------------------
AND2X1_RVT         saed32rvt_tt1p05v25c     2.033152       1     2.033152
INVX0_RVT          saed32rvt_tt1p05v25c     1.270720       1     1.270720
MUX21X1_RVT        saed32rvt_tt1p05v25c     3.303872       1     3.303872
NAND2X0_RVT        saed32rvt_tt1p05v25c     1.524864       3     4.574592
OR2X1_RVT          saed32rvt_tt1p05v25c     2.033152       2     4.066304
-----------------------------------------------------------------------------
Total 5 references                                     15.248640

****************************************
Design: MFA_59 
****************************************
Reference          Library       Unit Area   Count    Total Area   Attributes
-----------------------------------------------------------------------------
AND2X1_RVT         saed32rvt_tt1p05v25c     2.033152       1     2.033152
INVX0_RVT          saed32rvt_tt1p05v25c     1.270720       1     1.270720
MUX21X1_RVT        saed32rvt_tt1p05v25c     3.303872       1     3.303872
NAND2X0_RVT        saed32rvt_tt1p05v25c     1.524864       3     4.574592
OR2X1_RVT          saed32rvt_tt1p05v25c     2.033152       2     4.066304
-----------------------------------------------------------------------------
Total 5 references                                     15.248640

****************************************
Design: MFA_60 
****************************************
Reference          Library       Unit Area   Count    Total Area   Attributes
-----------------------------------------------------------------------------
AND2X1_RVT         saed32rvt_tt1p05v25c     2.033152       1     2.033152
INVX0_RVT          saed32rvt_tt1p05v25c     1.270720       1     1.270720
MUX21X1_RVT        saed32rvt_tt1p05v25c     3.303872       1     3.303872
NAND2X0_RVT        saed32rvt_tt1p05v25c     1.524864       3     4.574592
OR2X1_RVT          saed32rvt_tt1p05v25c     2.033152       2     4.066304
-----------------------------------------------------------------------------
Total 5 references                                     15.248640

****************************************
Design: MFA_61 
****************************************
Reference          Library       Unit Area   Count    Total Area   Attributes
-----------------------------------------------------------------------------
AND2X1_RVT         saed32rvt_tt1p05v25c     2.033152       1     2.033152
INVX0_RVT          saed32rvt_tt1p05v25c     1.270720       1     1.270720
MUX21X1_RVT        saed32rvt_tt1p05v25c     3.303872       1     3.303872
NAND2X0_RVT        saed32rvt_tt1p05v25c     1.524864       3     4.574592
OR2X1_RVT          saed32rvt_tt1p05v25c     2.033152       2     4.066304
-----------------------------------------------------------------------------
Total 5 references                                     15.248640

****************************************
Design: MFA_62 
****************************************
Reference          Library       Unit Area   Count    Total Area   Attributes
-----------------------------------------------------------------------------
AND2X1_RVT         saed32rvt_tt1p05v25c     2.033152       1     2.033152
INVX0_RVT          saed32rvt_tt1p05v25c     1.270720       1     1.270720
MUX21X1_RVT        saed32rvt_tt1p05v25c     3.303872       1     3.303872
NAND2X0_RVT        saed32rvt_tt1p05v25c     1.524864       3     4.574592
OR2X1_RVT          saed32rvt_tt1p05v25c     2.033152       2     4.066304
-----------------------------------------------------------------------------
Total 5 references                                     15.248640

****************************************
Design: MFA_63 
****************************************
Reference          Library       Unit Area   Count    Total Area   Attributes
-----------------------------------------------------------------------------
AND2X1_RVT         saed32rvt_tt1p05v25c     2.033152       1     2.033152
INVX0_RVT          saed32rvt_tt1p05v25c     1.270720       1     1.270720
MUX21X1_RVT        saed32rvt_tt1p05v25c     3.303872       1     3.303872
NAND2X0_RVT        saed32rvt_tt1p05v25c     1.524864       3     4.574592
OR2X1_RVT          saed32rvt_tt1p05v25c     2.033152       2     4.066304
-----------------------------------------------------------------------------
Total 5 references                                     15.248640
1
