Information: Propagating switching activity (low effort zero delay simulation). (PWR-6)
Warning: There is no defined clock in the design. (PWR-80)
Warning: Design has unannotated primary inputs. (PWR-414)
 
****************************************
Report : power
        -hier
        -analysis_effort low
Design : vbw_cla_kill
Version: K-2015.06-SP4
Date   : Wed Apr 26 19:43:40 2017
****************************************


Library(s) Used:

    saed32rvt_tt1p05v25c (File: /usr/local/packages/synopsys_2015/SAED32_EDK/lib/stdcell_rvt/db_nldm/saed32rvt_tt1p05v25c.db)


Operating Conditions: tt1p05v25c   Library: saed32rvt_tt1p05v25c
Wire Load Model Mode: enclosed

Design        Wire Load Model            Library
------------------------------------------------
vbw_cla_kill           8000              saed32rvt_tt1p05v25c
MFA_0                  ForQA             saed32rvt_tt1p05v25c
LA4_4                  ForQA             saed32rvt_tt1p05v25c
LA4_20                 ForQA             saed32rvt_tt1p05v25c
LA4_3                  ForQA             saed32rvt_tt1p05v25c
LA4_2                  ForQA             saed32rvt_tt1p05v25c
LA4_1                  ForQA             saed32rvt_tt1p05v25c
LA4_0                  ForQA             saed32rvt_tt1p05v25c
LA4_19                 ForQA             saed32rvt_tt1p05v25c
LA4_18                 ForQA             saed32rvt_tt1p05v25c
LA4_17                 ForQA             saed32rvt_tt1p05v25c
LA4_16                 ForQA             saed32rvt_tt1p05v25c
LA4_15                 ForQA             saed32rvt_tt1p05v25c
LA4_14                 ForQA             saed32rvt_tt1p05v25c
LA4_13                 ForQA             saed32rvt_tt1p05v25c
LA4_12                 ForQA             saed32rvt_tt1p05v25c
LA4_11                 ForQA             saed32rvt_tt1p05v25c
LA4_10                 ForQA             saed32rvt_tt1p05v25c
LA4_9                  ForQA             saed32rvt_tt1p05v25c
LA4_8                  ForQA             saed32rvt_tt1p05v25c
LA4_7                  ForQA             saed32rvt_tt1p05v25c
LA4_6                  ForQA             saed32rvt_tt1p05v25c
LA4_5                  ForQA             saed32rvt_tt1p05v25c
MFA_63                 ForQA             saed32rvt_tt1p05v25c
MFA_62                 ForQA             saed32rvt_tt1p05v25c
MFA_61                 ForQA             saed32rvt_tt1p05v25c
MFA_60                 ForQA             saed32rvt_tt1p05v25c
MFA_59                 ForQA             saed32rvt_tt1p05v25c
MFA_58                 ForQA             saed32rvt_tt1p05v25c
MFA_57                 ForQA             saed32rvt_tt1p05v25c
MFA_56                 ForQA             saed32rvt_tt1p05v25c
MFA_55                 ForQA             saed32rvt_tt1p05v25c
MFA_54                 ForQA             saed32rvt_tt1p05v25c
MFA_53                 ForQA             saed32rvt_tt1p05v25c
MFA_52                 ForQA             saed32rvt_tt1p05v25c
MFA_51                 ForQA             saed32rvt_tt1p05v25c
MFA_50                 ForQA             saed32rvt_tt1p05v25c
MFA_49                 ForQA             saed32rvt_tt1p05v25c
MFA_48                 ForQA             saed32rvt_tt1p05v25c
MFA_47                 ForQA             saed32rvt_tt1p05v25c
MFA_46                 ForQA             saed32rvt_tt1p05v25c
MFA_45                 ForQA             saed32rvt_tt1p05v25c
MFA_44                 ForQA             saed32rvt_tt1p05v25c
MFA_43                 ForQA             saed32rvt_tt1p05v25c
MFA_42                 ForQA             saed32rvt_tt1p05v25c
MFA_41                 ForQA             saed32rvt_tt1p05v25c
MFA_40                 ForQA             saed32rvt_tt1p05v25c
MFA_39                 ForQA             saed32rvt_tt1p05v25c
MFA_38                 ForQA             saed32rvt_tt1p05v25c
MFA_37                 ForQA             saed32rvt_tt1p05v25c
MFA_36                 ForQA             saed32rvt_tt1p05v25c
MFA_35                 ForQA             saed32rvt_tt1p05v25c
MFA_34                 ForQA             saed32rvt_tt1p05v25c
MFA_33                 ForQA             saed32rvt_tt1p05v25c
MFA_32                 ForQA             saed32rvt_tt1p05v25c
MFA_31                 ForQA             saed32rvt_tt1p05v25c
MFA_30                 ForQA             saed32rvt_tt1p05v25c
MFA_29                 ForQA             saed32rvt_tt1p05v25c
MFA_28                 ForQA             saed32rvt_tt1p05v25c
MFA_27                 ForQA             saed32rvt_tt1p05v25c
MFA_26                 ForQA             saed32rvt_tt1p05v25c
MFA_25                 ForQA             saed32rvt_tt1p05v25c
MFA_24                 ForQA             saed32rvt_tt1p05v25c
MFA_23                 ForQA             saed32rvt_tt1p05v25c
MFA_22                 ForQA             saed32rvt_tt1p05v25c
MFA_21                 ForQA             saed32rvt_tt1p05v25c
MFA_20                 ForQA             saed32rvt_tt1p05v25c
MFA_19                 ForQA             saed32rvt_tt1p05v25c
MFA_18                 ForQA             saed32rvt_tt1p05v25c
MFA_17                 ForQA             saed32rvt_tt1p05v25c
MFA_16                 ForQA             saed32rvt_tt1p05v25c
MFA_15                 ForQA             saed32rvt_tt1p05v25c
MFA_14                 ForQA             saed32rvt_tt1p05v25c
MFA_13                 ForQA             saed32rvt_tt1p05v25c
MFA_12                 ForQA             saed32rvt_tt1p05v25c
MFA_11                 ForQA             saed32rvt_tt1p05v25c
MFA_10                 ForQA             saed32rvt_tt1p05v25c
MFA_9                  ForQA             saed32rvt_tt1p05v25c
MFA_8                  ForQA             saed32rvt_tt1p05v25c
MFA_7                  ForQA             saed32rvt_tt1p05v25c
MFA_6                  ForQA             saed32rvt_tt1p05v25c
MFA_5                  ForQA             saed32rvt_tt1p05v25c
MFA_4                  ForQA             saed32rvt_tt1p05v25c
MFA_3                  ForQA             saed32rvt_tt1p05v25c
MFA_2                  ForQA             saed32rvt_tt1p05v25c
MFA_1                  ForQA             saed32rvt_tt1p05v25c


Global Operating Voltage = 1.05 
Power-specific unit information :
    Voltage Units = 1V
    Capacitance Units = 1.000000ff
    Time Units = 1ns
    Dynamic Power Units = 1uW    (derived from V,C,T units)
    Leakage Power Units = 1pW


--------------------------------------------------------------------------------
                                       Switch   Int      Leak     Total
Hierarchy                              Power    Power    Power    Power    %
--------------------------------------------------------------------------------
vbw_cla_kill                             71.546  120.897 9.19e+07  284.372 100.0
  layer3 (LA4_20)                         1.028    0.658 6.96e+05    2.382   0.8
  layer2_3_ (LA4_3)                       1.436    1.013 9.48e+05    3.397   1.2
  layer2_2_ (LA4_2)                       1.424    0.999 9.43e+05    3.365   1.2
  layer2_1_ (LA4_1)                       1.427    0.916 9.44e+05    3.287   1.2
  layer2_0_ (LA4_0)                       1.473    1.000 9.45e+05    3.418   1.2
  layer1_15_ (LA4_19)                     1.392    1.406 9.70e+05    3.767   1.3
  layer1_14_ (LA4_18)                     1.445    1.585 1.05e+06    4.078   1.4
  layer1_13_ (LA4_17)                     1.428    1.538 1.01e+06    3.972   1.4
  layer1_12_ (LA4_16)                     1.410    1.546 1.05e+06    4.004   1.4
  layer1_11_ (LA4_15)                     1.379    1.389 9.66e+05    3.734   1.3
  layer1_10_ (LA4_14)                     1.455    1.594 1.04e+06    4.093   1.4
  layer1_9_ (LA4_13)                      1.451    1.556 1.01e+06    4.014   1.4
  layer1_8_ (LA4_12)                      1.311    1.460 1.05e+06    3.819   1.3
  layer1_7_ (LA4_11)                      1.336    1.228 9.21e+05    3.486   1.2
  layer1_6_ (LA4_10)                      1.451    1.587 1.05e+06    4.087   1.4
  layer1_5_ (LA4_9)                       1.466    1.575 1.01e+06    4.050   1.4
  layer1_4_ (LA4_8)                       1.399    1.541 1.05e+06    3.990   1.4
  layer1_3_ (LA4_7)                       1.364    1.382 9.65e+05    3.711   1.3
  layer1_2_ (LA4_6)                       1.451    1.587 1.05e+06    4.087   1.4
  layer1_1_ (LA4_5)                       1.446    1.559 1.01e+06    4.012   1.4
  layer1_0_ (LA4_4)                       1.320    1.482 1.05e+06    3.853   1.4
  mfa_inst_63_ (MFA_63)                   0.573    1.421 1.05e+06    3.047   1.1
  mfa_inst_62_ (MFA_62)                   0.663    1.411 1.05e+06    3.125   1.1
  mfa_inst_61_ (MFA_61)                   0.665    1.415 1.05e+06    3.134   1.1
  mfa_inst_60_ (MFA_60)                   0.623    1.409 1.05e+06    3.085   1.1
  mfa_inst_59_ (MFA_59)                   0.601    1.379 1.05e+06    3.033   1.1
  mfa_inst_58_ (MFA_58)                   0.673    1.411 1.05e+06    3.136   1.1
  mfa_inst_57_ (MFA_57)                   0.669    1.416 1.05e+06    3.135   1.1
  mfa_inst_56_ (MFA_56)                   0.629    1.424 1.05e+06    3.106   1.1
  mfa_inst_55_ (MFA_55)                   0.564    1.386 1.05e+06    3.002   1.1
  mfa_inst_54_ (MFA_54)                   0.665    1.403 1.05e+06    3.121   1.1
  mfa_inst_53_ (MFA_53)                   0.663    1.399 1.05e+06    3.114   1.1
  mfa_inst_52_ (MFA_52)                   0.623    1.415 1.05e+06    3.092   1.1
  mfa_inst_51_ (MFA_51)                   0.602    1.380 1.05e+06    3.037   1.1
  mfa_inst_50_ (MFA_50)                   0.668    1.397 1.05e+06    3.116   1.1
  mfa_inst_49_ (MFA_49)                   0.669    1.375 1.05e+06    3.093   1.1
  mfa_inst_48_ (MFA_48)                   0.607    1.299 1.05e+06    2.954   1.0
  mfa_inst_47_ (MFA_47)                   0.573    1.414 1.05e+06    3.041   1.1
  mfa_inst_46_ (MFA_46)                   0.675    1.431 1.05e+06    3.160   1.1
  mfa_inst_45_ (MFA_45)                   0.664    1.404 1.05e+06    3.121   1.1
  mfa_inst_44_ (MFA_44)                   0.620    1.407 1.05e+06    3.078   1.1
  mfa_inst_43_ (MFA_43)                   0.610    1.407 1.05e+06    3.066   1.1
  mfa_inst_42_ (MFA_42)                   0.667    1.414 1.05e+06    3.134   1.1
  mfa_inst_41_ (MFA_41)                   0.676    1.421 1.05e+06    3.149   1.1
  mfa_inst_40_ (MFA_40)                   0.624    1.415 1.05e+06    3.090   1.1
  mfa_inst_39_ (MFA_39)                   0.568    1.411 1.05e+06    3.031   1.1
  mfa_inst_38_ (MFA_38)                   0.670    1.420 1.05e+06    3.143   1.1
  mfa_inst_37_ (MFA_37)                   0.681    1.430 1.05e+06    3.164   1.1
  mfa_inst_36_ (MFA_36)                   0.624    1.400 1.05e+06    3.076   1.1
  mfa_inst_35_ (MFA_35)                   0.608    1.377 1.05e+06    3.037   1.1
  mfa_inst_34_ (MFA_34)                   0.655    1.346 1.05e+06    3.052   1.1
  mfa_inst_33_ (MFA_33)                   0.649    1.292 1.05e+06    2.988   1.1
  mfa_inst_32_ (MFA_32)                   0.587    1.153 1.05e+06    2.792   1.0
  mfa_inst_31_ (MFA_31)                   0.554    1.397 1.06e+06    3.007   1.1
  mfa_inst_30_ (MFA_30)                   0.662    1.407 1.05e+06    3.121   1.1
  mfa_inst_29_ (MFA_29)                   0.662    1.400 1.05e+06    3.114   1.1
  mfa_inst_28_ (MFA_28)                   0.626    1.416 1.05e+06    3.093   1.1
  mfa_inst_27_ (MFA_27)                   0.604    1.383 1.05e+06    3.042   1.1
  mfa_inst_26_ (MFA_26)                   0.670    1.413 1.05e+06    3.134   1.1
  mfa_inst_25_ (MFA_25)                   0.666    1.412 1.05e+06    3.129   1.1
  mfa_inst_24_ (MFA_24)                   0.615    1.409 1.05e+06    3.075   1.1
  mfa_inst_23_ (MFA_23)                   0.566    1.414 1.05e+06    3.030   1.1
  mfa_inst_22_ (MFA_22)                   0.675    1.437 1.05e+06    3.161   1.1
  mfa_inst_21_ (MFA_21)                   0.674    1.422 1.05e+06    3.150   1.1
  mfa_inst_20_ (MFA_20)                   0.619    1.409 1.05e+06    3.080   1.1
  mfa_inst_19_ (MFA_19)                   0.611    1.407 1.05e+06    3.071   1.1
  mfa_inst_18_ (MFA_18)                   0.647    1.357 1.05e+06    3.056   1.1
  mfa_inst_17_ (MFA_17)                   0.655    1.343 1.05e+06    3.047   1.1
  mfa_inst_16_ (MFA_16)                   0.602    1.289 1.05e+06    2.941   1.0
  mfa_inst_15_ (MFA_15)                   0.568    1.398 1.05e+06    3.017   1.1
  mfa_inst_14_ (MFA_14)                   0.661    1.393 1.05e+06    3.107   1.1
  mfa_inst_13_ (MFA_13)                   0.675    1.418 1.05e+06    3.145   1.1
  mfa_inst_12_ (MFA_12)                   0.617    1.389 1.05e+06    3.061   1.1
  mfa_inst_11_ (MFA_11)                   0.601    1.393 1.05e+06    3.047   1.1
  mfa_inst_10_ (MFA_10)                   0.671    1.414 1.05e+06    3.138   1.1
  mfa_inst_9_ (MFA_9)                     0.677    1.421 1.05e+06    3.150   1.1
  mfa_inst_8_ (MFA_8)                     0.628    1.426 1.05e+06    3.107   1.1
  mfa_inst_7_ (MFA_7)                     0.572    1.411 1.05e+06    3.036   1.1
  mfa_inst_6_ (MFA_6)                     0.662    1.402 1.05e+06    3.117   1.1
  mfa_inst_5_ (MFA_5)                     0.665    1.411 1.05e+06    3.127   1.1
  mfa_inst_4_ (MFA_4)                     0.628    1.417 1.05e+06    3.098   1.1
  mfa_inst_3_ (MFA_3)                     0.604    1.375 1.05e+06    3.031   1.1
  mfa_inst_2_ (MFA_2)                     0.661    1.356 1.05e+06    3.067   1.1
  mfa_inst_1_ (MFA_1)                     0.654    1.283 1.05e+06    2.986   1.1
  mfa_inst_0_ (MFA_0)                     0.591    1.122 1.05e+06    2.762   1.0
1
