 
****************************************
Report : timing
        -path full
        -delay max
        -input_pins
        -max_paths 1
        -transition_time
        -capacitance
Design : vbw_cla_kill
Version: K-2015.06-SP4
Date   : Wed Apr 26 19:43:40 2017
****************************************

Operating Conditions: tt1p05v25c   Library: saed32rvt_tt1p05v25c
Wire Load Model Mode: enclosed

  Startpoint: b[1] (input port)
  Endpoint: s[63] (output port)
  Path Group: (none)
  Path Type: max

  Des/Clust/Port     Wire Load Model       Library
  ------------------------------------------------
  vbw_cla_kill       8000                  saed32rvt_tt1p05v25c
  MFA_1              ForQA                 saed32rvt_tt1p05v25c
  LA4_4              ForQA                 saed32rvt_tt1p05v25c
  LA4_0              ForQA                 saed32rvt_tt1p05v25c
  LA4_20             ForQA                 saed32rvt_tt1p05v25c
  LA4_3              ForQA                 saed32rvt_tt1p05v25c
  LA4_19             ForQA                 saed32rvt_tt1p05v25c
  MFA_63             ForQA                 saed32rvt_tt1p05v25c

  Point                           Cap     Trans      Incr       Path
  ---------------------------------------------------------------------
  input external delay                               0.00       0.00 f
  b[1] (in)                      1.15      0.00      0.00       0.00 f
  mfa_inst_1_/b (MFA_1)                              0.00       0.00 f
  mfa_inst_1_/U1/A (INVX0_RVT)             0.00      0.01       0.01 f
  mfa_inst_1_/U1/Y (INVX0_RVT)     1.60     0.01     0.01       0.03 r
  mfa_inst_1_/U3/A1 (OR2X1_RVT)            0.01      0.02       0.04 r
  mfa_inst_1_/U3/Y (OR2X1_RVT)     1.68     0.02     0.04       0.08 r
  mfa_inst_1_/U4/A2 (NAND2X0_RVT)          0.02      0.01       0.09 r
  mfa_inst_1_/U4/Y (NAND2X0_RVT)     2.14     0.05     0.03     0.13 f
  mfa_inst_1_/p (MFA_1)                              0.00       0.13 f
  layer1_0_/p[1] (LA4_4)                             0.00       0.13 f
  layer1_0_/U2/A1 (NAND2X0_RVT)            0.05      0.02       0.14 f
  layer1_0_/U2/Y (NAND2X0_RVT)     0.78     0.03     0.03       0.18 r
  layer1_0_/U4/A1 (NAND2X0_RVT)            0.03      0.01       0.19 r
  layer1_0_/U4/Y (NAND2X0_RVT)     0.78     0.03     0.02       0.22 f
  layer1_0_/U5/A1 (NAND2X0_RVT)            0.03      0.01       0.23 f
  layer1_0_/U5/Y (NAND2X0_RVT)     0.78     0.03     0.03       0.26 r
  layer1_0_/U7/A1 (NAND2X0_RVT)            0.03      0.01       0.27 r
  layer1_0_/U7/Y (NAND2X0_RVT)     0.83     0.03     0.02       0.29 f
  layer1_0_/U8/A1 (AND2X1_RVT)             0.03      0.01       0.31 f
  layer1_0_/U8/Y (AND2X1_RVT)     0.93     0.02      0.03       0.34 f
  layer1_0_/U9/A2 (OR2X1_RVT)              0.02      0.02       0.36 f
  layer1_0_/U9/Y (OR2X1_RVT)     1.08      0.02      0.03       0.39 f
  layer1_0_/G (LA4_4)                                0.00       0.39 f
  layer2_0_/g[0] (LA4_0)                             0.00       0.39 f
  layer2_0_/U2/A2 (NAND2X0_RVT)            0.02      0.01       0.40 f
  layer2_0_/U2/Y (NAND2X0_RVT)     0.78     0.02     0.02       0.42 r
  layer2_0_/U4/A1 (NAND2X0_RVT)            0.02      0.01       0.44 r
  layer2_0_/U4/Y (NAND2X0_RVT)     0.78     0.03     0.02       0.46 f
  layer2_0_/U5/A1 (NAND2X0_RVT)            0.03      0.01       0.47 f
  layer2_0_/U5/Y (NAND2X0_RVT)     0.78     0.03     0.03       0.50 r
  layer2_0_/U7/A1 (NAND2X0_RVT)            0.03      0.01       0.51 r
  layer2_0_/U7/Y (NAND2X0_RVT)     0.83     0.03     0.02       0.53 f
  layer2_0_/U8/A1 (AND2X1_RVT)             0.03      0.01       0.55 f
  layer2_0_/U8/Y (AND2X1_RVT)     0.93     0.02      0.03       0.58 f
  layer2_0_/U9/A2 (OR2X1_RVT)              0.02      0.02       0.60 f
  layer2_0_/U9/Y (OR2X1_RVT)     1.08      0.01      0.03       0.63 f
  layer2_0_/G (LA4_0)                                0.00       0.63 f
  layer3/g[0] (LA4_20)                               0.00       0.63 f
  layer3/U10/A (INVX0_RVT)                 0.01      0.01       0.64 f
  layer3/U10/Y (INVX0_RVT)       0.78      0.01      0.01       0.65 r
  layer3/U12/A1 (NAND2X0_RVT)              0.01      0.01       0.67 r
  layer3/U12/Y (NAND2X0_RVT)     3.37      0.06      0.04       0.71 f
  layer3/U13/A2 (NAND2X0_RVT)              0.06      0.01       0.73 f
  layer3/U13/Y (NAND2X0_RVT)     0.70      0.04      0.04       0.77 r
  layer3/U14/A2 (NAND2X0_RVT)              0.04      0.01       0.78 r
  layer3/U14/Y (NAND2X0_RVT)     3.37      0.06      0.05       0.83 f
  layer3/U15/A2 (NAND2X0_RVT)              0.06      0.01       0.84 f
  layer3/U15/Y (NAND2X0_RVT)     0.70      0.04      0.04       0.89 r
  layer3/U16/A2 (NAND2X0_RVT)              0.04      0.01       0.90 r
  layer3/U16/Y (NAND2X0_RVT)     2.89      0.06      0.05       0.94 f
  layer3/co[3] (LA4_20)                              0.00       0.94 f
  layer2_3_/ci (LA4_3)                               0.00       0.94 f
  layer2_3_/U11/A1 (NAND2X0_RVT)           0.06      0.02       0.96 f
  layer2_3_/U11/Y (NAND2X0_RVT)     0.70     0.03     0.04      1.00 r
  layer2_3_/U12/A2 (NAND2X0_RVT)           0.03      0.01       1.01 r
  layer2_3_/U12/Y (NAND2X0_RVT)     2.81     0.05     0.04      1.05 f
  layer2_3_/U13/A2 (NAND2X0_RVT)           0.05      0.01       1.07 f
  layer2_3_/U13/Y (NAND2X0_RVT)     0.70     0.04     0.04      1.10 r
  layer2_3_/U14/A2 (NAND2X0_RVT)           0.04      0.01       1.12 r
  layer2_3_/U14/Y (NAND2X0_RVT)     2.81     0.05     0.04      1.16 f
  layer2_3_/U15/A2 (NAND2X0_RVT)           0.05      0.01       1.18 f
  layer2_3_/U15/Y (NAND2X0_RVT)     0.70     0.04     0.04      1.21 r
  layer2_3_/U16/A2 (NAND2X0_RVT)           0.04      0.01       1.22 r
  layer2_3_/U16/Y (NAND2X0_RVT)     2.32     0.05     0.04      1.26 f
  layer2_3_/co[3] (LA4_3)                            0.00       1.26 f
  layer1_15_/ci (LA4_19)                             0.00       1.26 f
  layer1_15_/U11/A1 (NAND2X0_RVT)          0.05      0.02       1.28 f
  layer1_15_/U11/Y (NAND2X0_RVT)     0.70     0.03     0.03     1.31 r
  layer1_15_/U12/A2 (NAND2X0_RVT)          0.03      0.01       1.33 r
  layer1_15_/U12/Y (NAND2X0_RVT)     2.24     0.05     0.04     1.36 f
  layer1_15_/U13/A2 (NAND2X0_RVT)          0.05      0.01       1.38 f
  layer1_15_/U13/Y (NAND2X0_RVT)     0.70     0.03     0.03     1.41 r
  layer1_15_/U14/A2 (NAND2X0_RVT)          0.03      0.01       1.42 r
  layer1_15_/U14/Y (NAND2X0_RVT)     2.24     0.05     0.04     1.46 f
  layer1_15_/U15/A2 (NAND2X0_RVT)          0.05      0.01       1.48 f
  layer1_15_/U15/Y (NAND2X0_RVT)     0.70     0.03     0.03     1.51 r
  layer1_15_/U16/A2 (NAND2X0_RVT)          0.03      0.01       1.52 r
  layer1_15_/U16/Y (NAND2X0_RVT)     1.76     0.04     0.03     1.56 f
  layer1_15_/co[3] (LA4_19)                          0.00       1.56 f
  mfa_inst_63_/ci (MFA_63)                           0.00       1.56 f
  mfa_inst_63_/U5/S0 (MUX21X1_RVT)         0.04      0.03       1.58 f
  mfa_inst_63_/U5/Y (MUX21X1_RVT)     0.78     0.02     0.06     1.64 f
  mfa_inst_63_/U7/A1 (NAND2X0_RVT)         0.02      0.01       1.66 f
  mfa_inst_63_/U7/Y (NAND2X0_RVT)     0.00     0.01     0.02     1.67 r
  mfa_inst_63_/s (MFA_63)                            0.00       1.67 r
  s[63] (out)                              0.01      0.00       1.67 r
  data arrival time                                             1.67
  ---------------------------------------------------------------------
  (Path is unconstrained)


1
