 
****************************************
Report : reference
Design : array_var_bw_mul_bad
Version: K-2015.06-SP4
Date   : Sun Apr 16 14:47:22 2017
****************************************

Attributes:
    b - black box (unknown)
   bo - allows boundary optimization
    d - dont_touch
   mo - map_only
    h - hierarchical
    n - noncombinational
    r - removable
    s - synthetic operator
    u - contains unmapped logic

Reference          Library       Unit Area   Count    Total Area   Attributes
-----------------------------------------------------------------------------
MUX21X1_RVT        saed32rvt_tt1p05v25c     3.303872      32   105.723907
array_8_bit_mul_0               413.746432       1    413.746432  h
array_8_bit_mul_1               413.746432       1    413.746432  h
array_fix_bw_mul               1696.665336       1   1696.665336  h
-----------------------------------------------------------------------------
Total 4 references                                   2629.882108

****************************************
Design: array_8_bit_mul_0 
****************************************
Reference          Library       Unit Area   Count    Total Area   Attributes
-----------------------------------------------------------------------------
AND2X1_RVT         saed32rvt_tt1p05v25c     2.033152      71   144.353799
AND3X1_RVT         saed32rvt_tt1p05v25c     2.287296       2     4.574592
AND4X1_RVT         saed32rvt_tt1p05v25c     2.541440       1     2.541440
FADDX1_RVT         saed32rvt_tt1p05v25c     4.828736      48   231.779320 r
HADDX1_RVT         saed32rvt_tt1p05v25c     3.303872       8    26.430977 r
OR2X1_RVT          saed32rvt_tt1p05v25c     2.033152       2     4.066304
-----------------------------------------------------------------------------
Total 6 references                                    413.746432

****************************************
Design: array_8_bit_mul_1 
****************************************
Reference          Library       Unit Area   Count    Total Area   Attributes
-----------------------------------------------------------------------------
AND2X1_RVT         saed32rvt_tt1p05v25c     2.033152      71   144.353799
AND3X1_RVT         saed32rvt_tt1p05v25c     2.287296       2     4.574592
AND4X1_RVT         saed32rvt_tt1p05v25c     2.541440       1     2.541440
FADDX1_RVT         saed32rvt_tt1p05v25c     4.828736      48   231.779320 r
HADDX1_RVT         saed32rvt_tt1p05v25c     3.303872       8    26.430977 r
OR2X1_RVT          saed32rvt_tt1p05v25c     2.033152       2     4.066304
-----------------------------------------------------------------------------
Total 6 references                                    413.746432

****************************************
Design: array_fix_bw_mul 
****************************************
Reference          Library       Unit Area   Count    Total Area   Attributes
-----------------------------------------------------------------------------
AND2X1_RVT         saed32rvt_tt1p05v25c     2.033152     271   550.984220
AND3X1_RVT         saed32rvt_tt1p05v25c     2.287296       2     4.574592
AND4X1_RVT         saed32rvt_tt1p05v25c     2.541440       1     2.541440
FADDX1_RVT         saed32rvt_tt1p05v25c     4.828736     224  1081.636826 r
HADDX1_RVT         saed32rvt_tt1p05v25c     3.303872      16    52.861954 r
OR2X1_RVT          saed32rvt_tt1p05v25c     2.033152       2     4.066304
-----------------------------------------------------------------------------
Total 6 references                                   1696.665336
1
