 
****************************************
Report : area
Design : array_var_bw_mul_bad
Version: K-2015.06-SP4
Date   : Sun Apr 16 14:47:22 2017
****************************************

Library(s) Used:

    saed32rvt_tt1p05v25c (File: /usr/local/packages/synopsys_2015/SAED32_EDK/lib/stdcell_rvt/db_nldm/saed32rvt_tt1p05v25c.db)

Number of ports:                          193
Number of nets:                          1287
Number of cells:                          815
Number of combinational cells:            812
Number of sequential cells:                 0
Number of macros/black boxes:               0
Number of buf/inv:                          0
Number of references:                       4

Combinational area:               2629.882108
Buf/Inv area:                        0.000000
Noncombinational area:               0.000000
Macro/Black Box area:                0.000000
Net Interconnect area:             610.749553

Total cell area:                  2629.882108
Total area:                       3240.631660

Hierarchical area distribution
------------------------------

                                  Global cell area          Local cell area
                                  ------------------  ---------------------------- 
Hierarchical cell                 Absolute   Percent  Combi-     Noncombi-  Black-
                                  Total      Total    national   national   boxes   Design
--------------------------------  ---------  -------  ---------  ---------  ------  -----------------
array_var_bw_mul_bad              2629.8821    100.0   105.7239     0.0000  0.0000  array_var_bw_mul_bad
mul_08_hi_i                        413.7464     15.7   413.7464     0.0000  0.0000  array_8_bit_mul_1
mul_08_lo_i                        413.7464     15.7   413.7464     0.0000  0.0000  array_8_bit_mul_0
mul_16_i                          1696.6653     64.5  1696.6653     0.0000  0.0000  array_fix_bw_mul
--------------------------------  ---------  -------  ---------  ---------  ------  -----------------
Total                                                 2629.8821     0.0000  0.0000

1
