 
****************************************
Report : reference
Design : vbw_adder_nci
Version: K-2015.06-SP4
Date   : Wed Apr 26 19:40:54 2017
****************************************

Attributes:
    b - black box (unknown)
   bo - allows boundary optimization
    d - dont_touch
   mo - map_only
    h - hierarchical
    n - noncombinational
    r - removable
    s - synthetic operator
    u - contains unmapped logic

Reference          Library       Unit Area   Count    Total Area   Attributes
-----------------------------------------------------------------------------
AND2X1_RVT         saed32rvt_tt1p05v25c     2.033152       2     4.066304
INVX0_RVT          saed32rvt_tt1p05v25c     1.270720       1     1.270720
NAND2X0_RVT        saed32rvt_tt1p05v25c     1.524864       1     1.524864
NOR2X0_RVT         saed32rvt_tt1p05v25c     2.541440       1     2.541440
adder_nci_WIDTH8_0              107.757058       1    107.757058  h
adder_nci_WIDTH8_1              107.757058       1    107.757058  h
adder_nci_WIDTH8_2              107.757058       1    107.757058  h
adder_nci_WIDTH8_3              107.757058       1    107.757058  h
adder_nci_WIDTH8_4              107.757058       1    107.757058  h
adder_nci_WIDTH8_5              107.757058       1    107.757058  h
adder_nci_WIDTH8_6              107.757058       1    107.757058  h
adder_nci_WIDTH8_7              107.757058       1    107.757058  h
-----------------------------------------------------------------------------
Total 12 references                                   871.459792

****************************************
Design: adder_nci_WIDTH8_0 
****************************************
Reference          Library       Unit Area   Count    Total Area   Attributes
-----------------------------------------------------------------------------
MFA_nci_0                        18.806656       1     18.806656  h
adder_WIDTH7_0                   88.950402       1     88.950402  h
-----------------------------------------------------------------------------
Total 2 references                                    107.757058

****************************************
Design: MFA_nci_0 
****************************************
Reference          Library       Unit Area   Count    Total Area   Attributes
-----------------------------------------------------------------------------
INVX0_RVT          saed32rvt_tt1p05v25c     1.270720       2     2.541440
MUX21X1_RVT        saed32rvt_tt1p05v25c     3.303872       1     3.303872
NAND2X0_RVT        saed32rvt_tt1p05v25c     1.524864       6     9.149184
NAND3X0_RVT        saed32rvt_tt1p05v25c     1.779008       1     1.779008
OR2X1_RVT          saed32rvt_tt1p05v25c     2.033152       1     2.033152
-----------------------------------------------------------------------------
Total 5 references                                     18.806656

****************************************
Design: adder_WIDTH7_0 
****************************************
Reference          Library       Unit Area   Count    Total Area   Attributes
-----------------------------------------------------------------------------
AND2X1_RVT         saed32rvt_tt1p05v25c     2.033152      14    28.464129
NAND2X0_RVT        saed32rvt_tt1p05v25c     1.524864      21    32.022143
OR2X1_RVT          saed32rvt_tt1p05v25c     2.033152      14    28.464129
-----------------------------------------------------------------------------
Total 3 references                                     88.950402

****************************************
Design: adder_nci_WIDTH8_1 
****************************************
Reference          Library       Unit Area   Count    Total Area   Attributes
-----------------------------------------------------------------------------
MFA_nci_1                        18.806656       1     18.806656  h
adder_WIDTH7_1                   88.950402       1     88.950402  h
-----------------------------------------------------------------------------
Total 2 references                                    107.757058

****************************************
Design: MFA_nci_1 
****************************************
Reference          Library       Unit Area   Count    Total Area   Attributes
-----------------------------------------------------------------------------
INVX0_RVT          saed32rvt_tt1p05v25c     1.270720       2     2.541440
MUX21X1_RVT        saed32rvt_tt1p05v25c     3.303872       1     3.303872
NAND2X0_RVT        saed32rvt_tt1p05v25c     1.524864       6     9.149184
NAND3X0_RVT        saed32rvt_tt1p05v25c     1.779008       1     1.779008
OR2X1_RVT          saed32rvt_tt1p05v25c     2.033152       1     2.033152
-----------------------------------------------------------------------------
Total 5 references                                     18.806656

****************************************
Design: adder_WIDTH7_1 
****************************************
Reference          Library       Unit Area   Count    Total Area   Attributes
-----------------------------------------------------------------------------
AND2X1_RVT         saed32rvt_tt1p05v25c     2.033152      14    28.464129
NAND2X0_RVT        saed32rvt_tt1p05v25c     1.524864      21    32.022143
OR2X1_RVT          saed32rvt_tt1p05v25c     2.033152      14    28.464129
-----------------------------------------------------------------------------
Total 3 references                                     88.950402

****************************************
Design: adder_nci_WIDTH8_2 
****************************************
Reference          Library       Unit Area   Count    Total Area   Attributes
-----------------------------------------------------------------------------
MFA_nci_2                        18.806656       1     18.806656  h
adder_WIDTH7_2                   88.950402       1     88.950402  h
-----------------------------------------------------------------------------
Total 2 references                                    107.757058

****************************************
Design: MFA_nci_2 
****************************************
Reference          Library       Unit Area   Count    Total Area   Attributes
-----------------------------------------------------------------------------
INVX0_RVT          saed32rvt_tt1p05v25c     1.270720       2     2.541440
MUX21X1_RVT        saed32rvt_tt1p05v25c     3.303872       1     3.303872
NAND2X0_RVT        saed32rvt_tt1p05v25c     1.524864       6     9.149184
NAND3X0_RVT        saed32rvt_tt1p05v25c     1.779008       1     1.779008
OR2X1_RVT          saed32rvt_tt1p05v25c     2.033152       1     2.033152
-----------------------------------------------------------------------------
Total 5 references                                     18.806656

****************************************
Design: adder_WIDTH7_2 
****************************************
Reference          Library       Unit Area   Count    Total Area   Attributes
-----------------------------------------------------------------------------
AND2X1_RVT         saed32rvt_tt1p05v25c     2.033152      14    28.464129
NAND2X0_RVT        saed32rvt_tt1p05v25c     1.524864      21    32.022143
OR2X1_RVT          saed32rvt_tt1p05v25c     2.033152      14    28.464129
-----------------------------------------------------------------------------
Total 3 references                                     88.950402

****************************************
Design: adder_nci_WIDTH8_3 
****************************************
Reference          Library       Unit Area   Count    Total Area   Attributes
-----------------------------------------------------------------------------
MFA_nci_3                        18.806656       1     18.806656  h
adder_WIDTH7_3                   88.950402       1     88.950402  h
-----------------------------------------------------------------------------
Total 2 references                                    107.757058

****************************************
Design: MFA_nci_3 
****************************************
Reference          Library       Unit Area   Count    Total Area   Attributes
-----------------------------------------------------------------------------
INVX0_RVT          saed32rvt_tt1p05v25c     1.270720       2     2.541440
MUX21X1_RVT        saed32rvt_tt1p05v25c     3.303872       1     3.303872
NAND2X0_RVT        saed32rvt_tt1p05v25c     1.524864       6     9.149184
NAND3X0_RVT        saed32rvt_tt1p05v25c     1.779008       1     1.779008
OR2X1_RVT          saed32rvt_tt1p05v25c     2.033152       1     2.033152
-----------------------------------------------------------------------------
Total 5 references                                     18.806656

****************************************
Design: adder_WIDTH7_3 
****************************************
Reference          Library       Unit Area   Count    Total Area   Attributes
-----------------------------------------------------------------------------
AND2X1_RVT         saed32rvt_tt1p05v25c     2.033152      14    28.464129
NAND2X0_RVT        saed32rvt_tt1p05v25c     1.524864      21    32.022143
OR2X1_RVT          saed32rvt_tt1p05v25c     2.033152      14    28.464129
-----------------------------------------------------------------------------
Total 3 references                                     88.950402

****************************************
Design: adder_nci_WIDTH8_4 
****************************************
Reference          Library       Unit Area   Count    Total Area   Attributes
-----------------------------------------------------------------------------
MFA_nci_4                        18.806656       1     18.806656  h
adder_WIDTH7_4                   88.950402       1     88.950402  h
-----------------------------------------------------------------------------
Total 2 references                                    107.757058

****************************************
Design: MFA_nci_4 
****************************************
Reference          Library       Unit Area   Count    Total Area   Attributes
-----------------------------------------------------------------------------
INVX0_RVT          saed32rvt_tt1p05v25c     1.270720       2     2.541440
MUX21X1_RVT        saed32rvt_tt1p05v25c     3.303872       1     3.303872
NAND2X0_RVT        saed32rvt_tt1p05v25c     1.524864       6     9.149184
NAND3X0_RVT        saed32rvt_tt1p05v25c     1.779008       1     1.779008
OR2X1_RVT          saed32rvt_tt1p05v25c     2.033152       1     2.033152
-----------------------------------------------------------------------------
Total 5 references                                     18.806656

****************************************
Design: adder_WIDTH7_4 
****************************************
Reference          Library       Unit Area   Count    Total Area   Attributes
-----------------------------------------------------------------------------
AND2X1_RVT         saed32rvt_tt1p05v25c     2.033152      14    28.464129
NAND2X0_RVT        saed32rvt_tt1p05v25c     1.524864      21    32.022143
OR2X1_RVT          saed32rvt_tt1p05v25c     2.033152      14    28.464129
-----------------------------------------------------------------------------
Total 3 references                                     88.950402

****************************************
Design: adder_nci_WIDTH8_5 
****************************************
Reference          Library       Unit Area   Count    Total Area   Attributes
-----------------------------------------------------------------------------
MFA_nci_5                        18.806656       1     18.806656  h
adder_WIDTH7_5                   88.950402       1     88.950402  h
-----------------------------------------------------------------------------
Total 2 references                                    107.757058

****************************************
Design: MFA_nci_5 
****************************************
Reference          Library       Unit Area   Count    Total Area   Attributes
-----------------------------------------------------------------------------
INVX0_RVT          saed32rvt_tt1p05v25c     1.270720       2     2.541440
MUX21X1_RVT        saed32rvt_tt1p05v25c     3.303872       1     3.303872
NAND2X0_RVT        saed32rvt_tt1p05v25c     1.524864       6     9.149184
NAND3X0_RVT        saed32rvt_tt1p05v25c     1.779008       1     1.779008
OR2X1_RVT          saed32rvt_tt1p05v25c     2.033152       1     2.033152
-----------------------------------------------------------------------------
Total 5 references                                     18.806656

****************************************
Design: adder_WIDTH7_5 
****************************************
Reference          Library       Unit Area   Count    Total Area   Attributes
-----------------------------------------------------------------------------
AND2X1_RVT         saed32rvt_tt1p05v25c     2.033152      14    28.464129
NAND2X0_RVT        saed32rvt_tt1p05v25c     1.524864      21    32.022143
OR2X1_RVT          saed32rvt_tt1p05v25c     2.033152      14    28.464129
-----------------------------------------------------------------------------
Total 3 references                                     88.950402

****************************************
Design: adder_nci_WIDTH8_6 
****************************************
Reference          Library       Unit Area   Count    Total Area   Attributes
-----------------------------------------------------------------------------
MFA_nci_6                        18.806656       1     18.806656  h
adder_WIDTH7_6                   88.950402       1     88.950402  h
-----------------------------------------------------------------------------
Total 2 references                                    107.757058

****************************************
Design: MFA_nci_6 
****************************************
Reference          Library       Unit Area   Count    Total Area   Attributes
-----------------------------------------------------------------------------
INVX0_RVT          saed32rvt_tt1p05v25c     1.270720       2     2.541440
MUX21X1_RVT        saed32rvt_tt1p05v25c     3.303872       1     3.303872
NAND2X0_RVT        saed32rvt_tt1p05v25c     1.524864       6     9.149184
NAND3X0_RVT        saed32rvt_tt1p05v25c     1.779008       1     1.779008
OR2X1_RVT          saed32rvt_tt1p05v25c     2.033152       1     2.033152
-----------------------------------------------------------------------------
Total 5 references                                     18.806656

****************************************
Design: adder_WIDTH7_6 
****************************************
Reference          Library       Unit Area   Count    Total Area   Attributes
-----------------------------------------------------------------------------
AND2X1_RVT         saed32rvt_tt1p05v25c     2.033152      14    28.464129
NAND2X0_RVT        saed32rvt_tt1p05v25c     1.524864      21    32.022143
OR2X1_RVT          saed32rvt_tt1p05v25c     2.033152      14    28.464129
-----------------------------------------------------------------------------
Total 3 references                                     88.950402

****************************************
Design: adder_nci_WIDTH8_7 
****************************************
Reference          Library       Unit Area   Count    Total Area   Attributes
-----------------------------------------------------------------------------
MFA_nci_7                        18.806656       1     18.806656  h
adder_WIDTH7_7                   88.950402       1     88.950402  h
-----------------------------------------------------------------------------
Total 2 references                                    107.757058

****************************************
Design: MFA_nci_7 
****************************************
Reference          Library       Unit Area   Count    Total Area   Attributes
-----------------------------------------------------------------------------
INVX0_RVT          saed32rvt_tt1p05v25c     1.270720       2     2.541440
MUX21X1_RVT        saed32rvt_tt1p05v25c     3.303872       1     3.303872
NAND2X0_RVT        saed32rvt_tt1p05v25c     1.524864       6     9.149184
NAND3X0_RVT        saed32rvt_tt1p05v25c     1.779008       1     1.779008
OR2X1_RVT          saed32rvt_tt1p05v25c     2.033152       1     2.033152
-----------------------------------------------------------------------------
Total 5 references                                     18.806656

****************************************
Design: adder_WIDTH7_7 
****************************************
Reference          Library       Unit Area   Count    Total Area   Attributes
-----------------------------------------------------------------------------
AND2X1_RVT         saed32rvt_tt1p05v25c     2.033152      14    28.464129
NAND2X0_RVT        saed32rvt_tt1p05v25c     1.524864      21    32.022143
OR2X1_RVT          saed32rvt_tt1p05v25c     2.033152      14    28.464129
-----------------------------------------------------------------------------
Total 3 references                                     88.950402
1
