 
****************************************
Report : timing
        -path full
        -delay max
        -input_pins
        -max_paths 1
        -transition_time
        -capacitance
Design : vbw_adder_nci
Version: K-2015.06-SP4
Date   : Wed Apr 26 19:40:54 2017
****************************************

Operating Conditions: tt1p05v25c   Library: saed32rvt_tt1p05v25c
Wire Load Model Mode: enclosed

  Startpoint: control[1] (input port)
  Endpoint: co (output port)
  Path Group: (none)
  Path Type: max

  Des/Clust/Port     Wire Load Model       Library
  ------------------------------------------------
  vbw_adder_nci      8000                  saed32rvt_tt1p05v25c
  MFA_nci_7          ForQA                 saed32rvt_tt1p05v25c
  adder_nci_WIDTH8_7 ForQA                 saed32rvt_tt1p05v25c
  adder_WIDTH7_7     ForQA                 saed32rvt_tt1p05v25c
  MFA_nci_6          ForQA                 saed32rvt_tt1p05v25c
  adder_nci_WIDTH8_6 ForQA                 saed32rvt_tt1p05v25c
  adder_WIDTH7_6     ForQA                 saed32rvt_tt1p05v25c
  MFA_nci_5          ForQA                 saed32rvt_tt1p05v25c
  adder_nci_WIDTH8_5 ForQA                 saed32rvt_tt1p05v25c
  adder_WIDTH7_5     ForQA                 saed32rvt_tt1p05v25c
  MFA_nci_4          ForQA                 saed32rvt_tt1p05v25c
  adder_nci_WIDTH8_4 ForQA                 saed32rvt_tt1p05v25c
  adder_WIDTH7_4     ForQA                 saed32rvt_tt1p05v25c
  MFA_nci_3          ForQA                 saed32rvt_tt1p05v25c
  adder_nci_WIDTH8_3 ForQA                 saed32rvt_tt1p05v25c
  adder_WIDTH7_3     ForQA                 saed32rvt_tt1p05v25c
  MFA_nci_2          ForQA                 saed32rvt_tt1p05v25c
  adder_nci_WIDTH8_2 ForQA                 saed32rvt_tt1p05v25c
  adder_WIDTH7_2     ForQA                 saed32rvt_tt1p05v25c
  MFA_nci_1          ForQA                 saed32rvt_tt1p05v25c
  adder_nci_WIDTH8_1 ForQA                 saed32rvt_tt1p05v25c
  adder_WIDTH7_1     ForQA                 saed32rvt_tt1p05v25c
  MFA_nci_0          ForQA                 saed32rvt_tt1p05v25c
  adder_nci_WIDTH8_0 ForQA                 saed32rvt_tt1p05v25c
  adder_WIDTH7_0     ForQA                 saed32rvt_tt1p05v25c

  Point                                          Cap     Trans      Incr       Path
  ------------------------------------------------------------------------------------
  input external delay                                              0.00       0.00 f
  control[1] (in)                               1.78      0.00      0.00       0.00 f
  U9/A1 (NOR2X0_RVT)                                      0.00      0.02       0.02 f
  U9/Y (NOR2X0_RVT)                             2.31      0.02      0.04       0.06 r
  U11/A1 (AND2X1_RVT)                                     0.02      0.02       0.08 r
  U11/Y (AND2X1_RVT)                            1.20      0.02      0.03       0.11 r
  genblk1_0__adder_inst/ci (adder_nci_WIDTH8_7)                     0.00       0.11 r
  genblk1_0__adder_inst/mfa_inst/ci (MFA_nci_7)                     0.00       0.11 r
  genblk1_0__adder_inst/mfa_inst/U10/A1 (NAND3X0_RVT)     0.02      0.02       0.12 r
  genblk1_0__adder_inst/mfa_inst/U10/Y (NAND3X0_RVT)     0.78     0.03     0.03     0.15 f
  genblk1_0__adder_inst/mfa_inst/U11/A1 (NAND2X0_RVT)     0.03      0.01       0.16 f
  genblk1_0__adder_inst/mfa_inst/U11/Y (NAND2X0_RVT)     1.68     0.04     0.04     0.20 r
  genblk1_0__adder_inst/mfa_inst/co (MFA_nci_7)                     0.00       0.20 r
  genblk1_0__adder_inst/adder_inst/ci (adder_WIDTH7_7)              0.00       0.20 r
  genblk1_0__adder_inst/adder_inst/U4/A2 (NAND2X0_RVT)     0.04     0.01       0.22 r
  genblk1_0__adder_inst/adder_inst/U4/Y (NAND2X0_RVT)     1.58     0.04     0.03     0.25 f
  genblk1_0__adder_inst/adder_inst/U10/A2 (NAND2X0_RVT)     0.04     0.01      0.26 f
  genblk1_0__adder_inst/adder_inst/U10/Y (NAND2X0_RVT)     1.68     0.04     0.04     0.31 r
  genblk1_0__adder_inst/adder_inst/U11/A2 (NAND2X0_RVT)     0.04     0.01      0.32 r
  genblk1_0__adder_inst/adder_inst/U11/Y (NAND2X0_RVT)     1.58     0.04     0.03     0.35 f
  genblk1_0__adder_inst/adder_inst/U17/A2 (NAND2X0_RVT)     0.04     0.01      0.37 f
  genblk1_0__adder_inst/adder_inst/U17/Y (NAND2X0_RVT)     1.68     0.04     0.04     0.41 r
  genblk1_0__adder_inst/adder_inst/U18/A2 (NAND2X0_RVT)     0.04     0.01      0.42 r
  genblk1_0__adder_inst/adder_inst/U18/Y (NAND2X0_RVT)     1.58     0.04     0.03     0.46 f
  genblk1_0__adder_inst/adder_inst/U24/A2 (NAND2X0_RVT)     0.04     0.01      0.47 f
  genblk1_0__adder_inst/adder_inst/U24/Y (NAND2X0_RVT)     1.68     0.04     0.04     0.51 r
  genblk1_0__adder_inst/adder_inst/U25/A2 (NAND2X0_RVT)     0.04     0.01      0.53 r
  genblk1_0__adder_inst/adder_inst/U25/Y (NAND2X0_RVT)     1.58     0.04     0.03     0.56 f
  genblk1_0__adder_inst/adder_inst/U31/A2 (NAND2X0_RVT)     0.04     0.01      0.57 f
  genblk1_0__adder_inst/adder_inst/U31/Y (NAND2X0_RVT)     1.68     0.04     0.04     0.61 r
  genblk1_0__adder_inst/adder_inst/U32/A2 (NAND2X0_RVT)     0.04     0.01      0.63 r
  genblk1_0__adder_inst/adder_inst/U32/Y (NAND2X0_RVT)     1.58     0.04     0.03     0.66 f
  genblk1_0__adder_inst/adder_inst/U38/A2 (NAND2X0_RVT)     0.04     0.01      0.68 f
  genblk1_0__adder_inst/adder_inst/U38/Y (NAND2X0_RVT)     1.68     0.04     0.04     0.72 r
  genblk1_0__adder_inst/adder_inst/U39/A2 (NAND2X0_RVT)     0.04     0.01      0.73 r
  genblk1_0__adder_inst/adder_inst/U39/Y (NAND2X0_RVT)     1.58     0.04     0.03     0.76 f
  genblk1_0__adder_inst/adder_inst/U45/A2 (NAND2X0_RVT)     0.04     0.01      0.78 f
  genblk1_0__adder_inst/adder_inst/U45/Y (NAND2X0_RVT)     1.68     0.04     0.04     0.82 r
  genblk1_0__adder_inst/adder_inst/U46/A2 (NAND2X0_RVT)     0.04     0.01      0.83 r
  genblk1_0__adder_inst/adder_inst/U46/Y (NAND2X0_RVT)     1.58     0.04     0.03     0.87 f
  genblk1_0__adder_inst/adder_inst/U47/A2 (NAND2X0_RVT)     0.04     0.01      0.88 f
  genblk1_0__adder_inst/adder_inst/U47/Y (NAND2X0_RVT)     1.20     0.03     0.04     0.92 r
  genblk1_0__adder_inst/adder_inst/co (adder_WIDTH7_7)              0.00       0.92 r
  genblk1_0__adder_inst/co (adder_nci_WIDTH8_7)                     0.00       0.92 r
  genblk1_1__adder_inst/ci (adder_nci_WIDTH8_6)                     0.00       0.92 r
  genblk1_1__adder_inst/mfa_inst/ci (MFA_nci_6)                     0.00       0.92 r
  genblk1_1__adder_inst/mfa_inst/U10/A1 (NAND3X0_RVT)     0.03      0.02       0.93 r
  genblk1_1__adder_inst/mfa_inst/U10/Y (NAND3X0_RVT)     0.78     0.05     0.03     0.96 f
  genblk1_1__adder_inst/mfa_inst/U11/A1 (NAND2X0_RVT)     0.05      0.01       0.98 f
  genblk1_1__adder_inst/mfa_inst/U11/Y (NAND2X0_RVT)     1.68     0.04     0.04     1.02 r
  genblk1_1__adder_inst/mfa_inst/co (MFA_nci_6)                     0.00       1.02 r
  genblk1_1__adder_inst/adder_inst/ci (adder_WIDTH7_6)              0.00       1.02 r
  genblk1_1__adder_inst/adder_inst/U4/A2 (NAND2X0_RVT)     0.04     0.01       1.03 r
  genblk1_1__adder_inst/adder_inst/U4/Y (NAND2X0_RVT)     1.58     0.04     0.03     1.07 f
  genblk1_1__adder_inst/adder_inst/U10/A2 (NAND2X0_RVT)     0.04     0.01      1.08 f
  genblk1_1__adder_inst/adder_inst/U10/Y (NAND2X0_RVT)     1.68     0.04     0.04     1.12 r
  genblk1_1__adder_inst/adder_inst/U11/A2 (NAND2X0_RVT)     0.04     0.01      1.14 r
  genblk1_1__adder_inst/adder_inst/U11/Y (NAND2X0_RVT)     1.58     0.04     0.03     1.17 f
  genblk1_1__adder_inst/adder_inst/U17/A2 (NAND2X0_RVT)     0.04     0.01      1.18 f
  genblk1_1__adder_inst/adder_inst/U17/Y (NAND2X0_RVT)     1.68     0.04     0.04     1.23 r
  genblk1_1__adder_inst/adder_inst/U18/A2 (NAND2X0_RVT)     0.04     0.01      1.24 r
  genblk1_1__adder_inst/adder_inst/U18/Y (NAND2X0_RVT)     1.58     0.04     0.03     1.27 f
  genblk1_1__adder_inst/adder_inst/U24/A2 (NAND2X0_RVT)     0.04     0.01      1.29 f
  genblk1_1__adder_inst/adder_inst/U24/Y (NAND2X0_RVT)     1.68     0.04     0.04     1.33 r
  genblk1_1__adder_inst/adder_inst/U25/A2 (NAND2X0_RVT)     0.04     0.01      1.34 r
  genblk1_1__adder_inst/adder_inst/U25/Y (NAND2X0_RVT)     1.58     0.04     0.03     1.38 f
  genblk1_1__adder_inst/adder_inst/U31/A2 (NAND2X0_RVT)     0.04     0.01      1.39 f
  genblk1_1__adder_inst/adder_inst/U31/Y (NAND2X0_RVT)     1.68     0.04     0.04     1.43 r
  genblk1_1__adder_inst/adder_inst/U32/A2 (NAND2X0_RVT)     0.04     0.01      1.45 r
  genblk1_1__adder_inst/adder_inst/U32/Y (NAND2X0_RVT)     1.58     0.04     0.03     1.48 f
  genblk1_1__adder_inst/adder_inst/U38/A2 (NAND2X0_RVT)     0.04     0.01      1.49 f
  genblk1_1__adder_inst/adder_inst/U38/Y (NAND2X0_RVT)     1.68     0.04     0.04     1.53 r
  genblk1_1__adder_inst/adder_inst/U39/A2 (NAND2X0_RVT)     0.04     0.01      1.55 r
  genblk1_1__adder_inst/adder_inst/U39/Y (NAND2X0_RVT)     1.58     0.04     0.03     1.58 f
  genblk1_1__adder_inst/adder_inst/U45/A2 (NAND2X0_RVT)     0.04     0.01      1.60 f
  genblk1_1__adder_inst/adder_inst/U45/Y (NAND2X0_RVT)     1.68     0.04     0.04     1.64 r
  genblk1_1__adder_inst/adder_inst/U46/A2 (NAND2X0_RVT)     0.04     0.01      1.65 r
  genblk1_1__adder_inst/adder_inst/U46/Y (NAND2X0_RVT)     1.58     0.04     0.03     1.68 f
  genblk1_1__adder_inst/adder_inst/U47/A2 (NAND2X0_RVT)     0.04     0.01      1.70 f
  genblk1_1__adder_inst/adder_inst/U47/Y (NAND2X0_RVT)     1.20     0.03     0.04     1.74 r
  genblk1_1__adder_inst/adder_inst/co (adder_WIDTH7_6)              0.00       1.74 r
  genblk1_1__adder_inst/co (adder_nci_WIDTH8_6)                     0.00       1.74 r
  genblk1_2__adder_inst/ci (adder_nci_WIDTH8_5)                     0.00       1.74 r
  genblk1_2__adder_inst/mfa_inst/ci (MFA_nci_5)                     0.00       1.74 r
  genblk1_2__adder_inst/mfa_inst/U10/A1 (NAND3X0_RVT)     0.03      0.02       1.75 r
  genblk1_2__adder_inst/mfa_inst/U10/Y (NAND3X0_RVT)     0.78     0.04     0.03     1.78 f
  genblk1_2__adder_inst/mfa_inst/U11/A1 (NAND2X0_RVT)     0.04      0.01       1.79 f
  genblk1_2__adder_inst/mfa_inst/U11/Y (NAND2X0_RVT)     1.68     0.04     0.04     1.83 r
  genblk1_2__adder_inst/mfa_inst/co (MFA_nci_5)                     0.00       1.83 r
  genblk1_2__adder_inst/adder_inst/ci (adder_WIDTH7_5)              0.00       1.83 r
  genblk1_2__adder_inst/adder_inst/U4/A2 (NAND2X0_RVT)     0.04     0.01       1.85 r
  genblk1_2__adder_inst/adder_inst/U4/Y (NAND2X0_RVT)     1.58     0.04     0.03     1.88 f
  genblk1_2__adder_inst/adder_inst/U10/A2 (NAND2X0_RVT)     0.04     0.01      1.90 f
  genblk1_2__adder_inst/adder_inst/U10/Y (NAND2X0_RVT)     1.68     0.04     0.04     1.94 r
  genblk1_2__adder_inst/adder_inst/U11/A2 (NAND2X0_RVT)     0.04     0.01      1.95 r
  genblk1_2__adder_inst/adder_inst/U11/Y (NAND2X0_RVT)     1.58     0.04     0.03     1.98 f
  genblk1_2__adder_inst/adder_inst/U17/A2 (NAND2X0_RVT)     0.04     0.01      2.00 f
  genblk1_2__adder_inst/adder_inst/U17/Y (NAND2X0_RVT)     1.68     0.04     0.04     2.04 r
  genblk1_2__adder_inst/adder_inst/U18/A2 (NAND2X0_RVT)     0.04     0.01      2.05 r
  genblk1_2__adder_inst/adder_inst/U18/Y (NAND2X0_RVT)     1.58     0.04     0.03     2.09 f
  genblk1_2__adder_inst/adder_inst/U24/A2 (NAND2X0_RVT)     0.04     0.01      2.10 f
  genblk1_2__adder_inst/adder_inst/U24/Y (NAND2X0_RVT)     1.68     0.04     0.04     2.14 r
  genblk1_2__adder_inst/adder_inst/U25/A2 (NAND2X0_RVT)     0.04     0.01      2.16 r
  genblk1_2__adder_inst/adder_inst/U25/Y (NAND2X0_RVT)     1.58     0.04     0.03     2.19 f
  genblk1_2__adder_inst/adder_inst/U31/A2 (NAND2X0_RVT)     0.04     0.01      2.20 f
  genblk1_2__adder_inst/adder_inst/U31/Y (NAND2X0_RVT)     1.68     0.04     0.04     2.25 r
  genblk1_2__adder_inst/adder_inst/U32/A2 (NAND2X0_RVT)     0.04     0.01      2.26 r
  genblk1_2__adder_inst/adder_inst/U32/Y (NAND2X0_RVT)     1.58     0.04     0.03     2.29 f
  genblk1_2__adder_inst/adder_inst/U38/A2 (NAND2X0_RVT)     0.04     0.01      2.31 f
  genblk1_2__adder_inst/adder_inst/U38/Y (NAND2X0_RVT)     1.68     0.04     0.04     2.35 r
  genblk1_2__adder_inst/adder_inst/U39/A2 (NAND2X0_RVT)     0.04     0.01      2.36 r
  genblk1_2__adder_inst/adder_inst/U39/Y (NAND2X0_RVT)     1.58     0.04     0.03     2.40 f
  genblk1_2__adder_inst/adder_inst/U45/A2 (NAND2X0_RVT)     0.04     0.01      2.41 f
  genblk1_2__adder_inst/adder_inst/U45/Y (NAND2X0_RVT)     1.68     0.04     0.04     2.45 r
  genblk1_2__adder_inst/adder_inst/U46/A2 (NAND2X0_RVT)     0.04     0.01      2.47 r
  genblk1_2__adder_inst/adder_inst/U46/Y (NAND2X0_RVT)     1.58     0.04     0.03     2.50 f
  genblk1_2__adder_inst/adder_inst/U47/A2 (NAND2X0_RVT)     0.04     0.01      2.51 f
  genblk1_2__adder_inst/adder_inst/U47/Y (NAND2X0_RVT)     1.20     0.03     0.04     2.55 r
  genblk1_2__adder_inst/adder_inst/co (adder_WIDTH7_5)              0.00       2.55 r
  genblk1_2__adder_inst/co (adder_nci_WIDTH8_5)                     0.00       2.55 r
  genblk1_3__adder_inst/ci (adder_nci_WIDTH8_4)                     0.00       2.55 r
  genblk1_3__adder_inst/mfa_inst/ci (MFA_nci_4)                     0.00       2.55 r
  genblk1_3__adder_inst/mfa_inst/U10/A1 (NAND3X0_RVT)     0.03      0.02       2.57 r
  genblk1_3__adder_inst/mfa_inst/U10/Y (NAND3X0_RVT)     0.78     0.05     0.03     2.60 f
  genblk1_3__adder_inst/mfa_inst/U11/A1 (NAND2X0_RVT)     0.05      0.01       2.61 f
  genblk1_3__adder_inst/mfa_inst/U11/Y (NAND2X0_RVT)     1.68     0.04     0.04     2.65 r
  genblk1_3__adder_inst/mfa_inst/co (MFA_nci_4)                     0.00       2.65 r
  genblk1_3__adder_inst/adder_inst/ci (adder_WIDTH7_4)              0.00       2.65 r
  genblk1_3__adder_inst/adder_inst/U4/A2 (NAND2X0_RVT)     0.04     0.01       2.67 r
  genblk1_3__adder_inst/adder_inst/U4/Y (NAND2X0_RVT)     1.58     0.04     0.03     2.70 f
  genblk1_3__adder_inst/adder_inst/U10/A2 (NAND2X0_RVT)     0.04     0.01      2.71 f
  genblk1_3__adder_inst/adder_inst/U10/Y (NAND2X0_RVT)     1.68     0.04     0.04     2.76 r
  genblk1_3__adder_inst/adder_inst/U11/A2 (NAND2X0_RVT)     0.04     0.01      2.77 r
  genblk1_3__adder_inst/adder_inst/U11/Y (NAND2X0_RVT)     1.58     0.04     0.03     2.80 f
  genblk1_3__adder_inst/adder_inst/U17/A2 (NAND2X0_RVT)     0.04     0.01      2.82 f
  genblk1_3__adder_inst/adder_inst/U17/Y (NAND2X0_RVT)     1.68     0.04     0.04     2.86 r
  genblk1_3__adder_inst/adder_inst/U18/A2 (NAND2X0_RVT)     0.04     0.01      2.87 r
  genblk1_3__adder_inst/adder_inst/U18/Y (NAND2X0_RVT)     1.58     0.04     0.03     2.91 f
  genblk1_3__adder_inst/adder_inst/U24/A2 (NAND2X0_RVT)     0.04     0.01      2.92 f
  genblk1_3__adder_inst/adder_inst/U24/Y (NAND2X0_RVT)     1.68     0.04     0.04     2.96 r
  genblk1_3__adder_inst/adder_inst/U25/A2 (NAND2X0_RVT)     0.04     0.01      2.98 r
  genblk1_3__adder_inst/adder_inst/U25/Y (NAND2X0_RVT)     1.58     0.04     0.03     3.01 f
  genblk1_3__adder_inst/adder_inst/U31/A2 (NAND2X0_RVT)     0.04     0.01      3.02 f
  genblk1_3__adder_inst/adder_inst/U31/Y (NAND2X0_RVT)     1.68     0.04     0.04     3.06 r
  genblk1_3__adder_inst/adder_inst/U32/A2 (NAND2X0_RVT)     0.04     0.01      3.08 r
  genblk1_3__adder_inst/adder_inst/U32/Y (NAND2X0_RVT)     1.58     0.04     0.03     3.11 f
  genblk1_3__adder_inst/adder_inst/U38/A2 (NAND2X0_RVT)     0.04     0.01      3.12 f
  genblk1_3__adder_inst/adder_inst/U38/Y (NAND2X0_RVT)     1.68     0.04     0.04     3.17 r
  genblk1_3__adder_inst/adder_inst/U39/A2 (NAND2X0_RVT)     0.04     0.01      3.18 r
  genblk1_3__adder_inst/adder_inst/U39/Y (NAND2X0_RVT)     1.58     0.04     0.03     3.21 f
  genblk1_3__adder_inst/adder_inst/U45/A2 (NAND2X0_RVT)     0.04     0.01      3.23 f
  genblk1_3__adder_inst/adder_inst/U45/Y (NAND2X0_RVT)     1.68     0.04     0.04     3.27 r
  genblk1_3__adder_inst/adder_inst/U46/A2 (NAND2X0_RVT)     0.04     0.01      3.28 r
  genblk1_3__adder_inst/adder_inst/U46/Y (NAND2X0_RVT)     1.58     0.04     0.03     3.32 f
  genblk1_3__adder_inst/adder_inst/U47/A2 (NAND2X0_RVT)     0.04     0.01      3.33 f
  genblk1_3__adder_inst/adder_inst/U47/Y (NAND2X0_RVT)     1.20     0.03     0.04     3.37 r
  genblk1_3__adder_inst/adder_inst/co (adder_WIDTH7_4)              0.00       3.37 r
  genblk1_3__adder_inst/co (adder_nci_WIDTH8_4)                     0.00       3.37 r
  genblk1_4__adder_inst/ci (adder_nci_WIDTH8_3)                     0.00       3.37 r
  genblk1_4__adder_inst/mfa_inst/ci (MFA_nci_3)                     0.00       3.37 r
  genblk1_4__adder_inst/mfa_inst/U10/A1 (NAND3X0_RVT)     0.03      0.02       3.38 r
  genblk1_4__adder_inst/mfa_inst/U10/Y (NAND3X0_RVT)     0.78     0.04     0.03     3.41 f
  genblk1_4__adder_inst/mfa_inst/U11/A1 (NAND2X0_RVT)     0.04      0.01       3.43 f
  genblk1_4__adder_inst/mfa_inst/U11/Y (NAND2X0_RVT)     1.68     0.04     0.04     3.47 r
  genblk1_4__adder_inst/mfa_inst/co (MFA_nci_3)                     0.00       3.47 r
  genblk1_4__adder_inst/adder_inst/ci (adder_WIDTH7_3)              0.00       3.47 r
  genblk1_4__adder_inst/adder_inst/U4/A2 (NAND2X0_RVT)     0.04     0.01       3.48 r
  genblk1_4__adder_inst/adder_inst/U4/Y (NAND2X0_RVT)     1.58     0.04     0.03     3.51 f
  genblk1_4__adder_inst/adder_inst/U10/A2 (NAND2X0_RVT)     0.04     0.01      3.53 f
  genblk1_4__adder_inst/adder_inst/U10/Y (NAND2X0_RVT)     1.68     0.04     0.04     3.57 r
  genblk1_4__adder_inst/adder_inst/U11/A2 (NAND2X0_RVT)     0.04     0.01      3.58 r
  genblk1_4__adder_inst/adder_inst/U11/Y (NAND2X0_RVT)     1.58     0.04     0.03     3.62 f
  genblk1_4__adder_inst/adder_inst/U17/A2 (NAND2X0_RVT)     0.04     0.01      3.63 f
  genblk1_4__adder_inst/adder_inst/U17/Y (NAND2X0_RVT)     1.68     0.04     0.04     3.67 r
  genblk1_4__adder_inst/adder_inst/U18/A2 (NAND2X0_RVT)     0.04     0.01      3.69 r
  genblk1_4__adder_inst/adder_inst/U18/Y (NAND2X0_RVT)     1.58     0.04     0.03     3.72 f
  genblk1_4__adder_inst/adder_inst/U24/A2 (NAND2X0_RVT)     0.04     0.01      3.73 f
  genblk1_4__adder_inst/adder_inst/U24/Y (NAND2X0_RVT)     1.68     0.04     0.04     3.78 r
  genblk1_4__adder_inst/adder_inst/U25/A2 (NAND2X0_RVT)     0.04     0.01      3.79 r
  genblk1_4__adder_inst/adder_inst/U25/Y (NAND2X0_RVT)     1.58     0.04     0.03     3.82 f
  genblk1_4__adder_inst/adder_inst/U31/A2 (NAND2X0_RVT)     0.04     0.01      3.84 f
  genblk1_4__adder_inst/adder_inst/U31/Y (NAND2X0_RVT)     1.68     0.04     0.04     3.88 r
  genblk1_4__adder_inst/adder_inst/U32/A2 (NAND2X0_RVT)     0.04     0.01      3.89 r
  genblk1_4__adder_inst/adder_inst/U32/Y (NAND2X0_RVT)     1.58     0.04     0.03     3.93 f
  genblk1_4__adder_inst/adder_inst/U38/A2 (NAND2X0_RVT)     0.04     0.01      3.94 f
  genblk1_4__adder_inst/adder_inst/U38/Y (NAND2X0_RVT)     1.68     0.04     0.04     3.98 r
  genblk1_4__adder_inst/adder_inst/U39/A2 (NAND2X0_RVT)     0.04     0.01      4.00 r
  genblk1_4__adder_inst/adder_inst/U39/Y (NAND2X0_RVT)     1.58     0.04     0.03     4.03 f
  genblk1_4__adder_inst/adder_inst/U45/A2 (NAND2X0_RVT)     0.04     0.01      4.04 f
  genblk1_4__adder_inst/adder_inst/U45/Y (NAND2X0_RVT)     1.68     0.04     0.04     4.08 r
  genblk1_4__adder_inst/adder_inst/U46/A2 (NAND2X0_RVT)     0.04     0.01      4.10 r
  genblk1_4__adder_inst/adder_inst/U46/Y (NAND2X0_RVT)     1.58     0.04     0.03     4.13 f
  genblk1_4__adder_inst/adder_inst/U47/A2 (NAND2X0_RVT)     0.04     0.01      4.15 f
  genblk1_4__adder_inst/adder_inst/U47/Y (NAND2X0_RVT)     1.20     0.03     0.04     4.18 r
  genblk1_4__adder_inst/adder_inst/co (adder_WIDTH7_3)              0.00       4.18 r
  genblk1_4__adder_inst/co (adder_nci_WIDTH8_3)                     0.00       4.18 r
  genblk1_5__adder_inst/ci (adder_nci_WIDTH8_2)                     0.00       4.18 r
  genblk1_5__adder_inst/mfa_inst/ci (MFA_nci_2)                     0.00       4.18 r
  genblk1_5__adder_inst/mfa_inst/U10/A1 (NAND3X0_RVT)     0.03      0.02       4.20 r
  genblk1_5__adder_inst/mfa_inst/U10/Y (NAND3X0_RVT)     0.78     0.05     0.03     4.23 f
  genblk1_5__adder_inst/mfa_inst/U11/A1 (NAND2X0_RVT)     0.05      0.01       4.24 f
  genblk1_5__adder_inst/mfa_inst/U11/Y (NAND2X0_RVT)     1.68     0.04     0.04     4.28 r
  genblk1_5__adder_inst/mfa_inst/co (MFA_nci_2)                     0.00       4.28 r
  genblk1_5__adder_inst/adder_inst/ci (adder_WIDTH7_2)              0.00       4.28 r
  genblk1_5__adder_inst/adder_inst/U4/A2 (NAND2X0_RVT)     0.04     0.01       4.30 r
  genblk1_5__adder_inst/adder_inst/U4/Y (NAND2X0_RVT)     1.58     0.04     0.03     4.33 f
  genblk1_5__adder_inst/adder_inst/U10/A2 (NAND2X0_RVT)     0.04     0.01      4.35 f
  genblk1_5__adder_inst/adder_inst/U10/Y (NAND2X0_RVT)     1.68     0.04     0.04     4.39 r
  genblk1_5__adder_inst/adder_inst/U11/A2 (NAND2X0_RVT)     0.04     0.01      4.40 r
  genblk1_5__adder_inst/adder_inst/U11/Y (NAND2X0_RVT)     1.58     0.04     0.03     4.43 f
  genblk1_5__adder_inst/adder_inst/U17/A2 (NAND2X0_RVT)     0.04     0.01      4.45 f
  genblk1_5__adder_inst/adder_inst/U17/Y (NAND2X0_RVT)     1.68     0.04     0.04     4.49 r
  genblk1_5__adder_inst/adder_inst/U18/A2 (NAND2X0_RVT)     0.04     0.01      4.50 r
  genblk1_5__adder_inst/adder_inst/U18/Y (NAND2X0_RVT)     1.58     0.04     0.03     4.54 f
  genblk1_5__adder_inst/adder_inst/U24/A2 (NAND2X0_RVT)     0.04     0.01      4.55 f
  genblk1_5__adder_inst/adder_inst/U24/Y (NAND2X0_RVT)     1.68     0.04     0.04     4.59 r
  genblk1_5__adder_inst/adder_inst/U25/A2 (NAND2X0_RVT)     0.04     0.01      4.61 r
  genblk1_5__adder_inst/adder_inst/U25/Y (NAND2X0_RVT)     1.58     0.04     0.03     4.64 f
  genblk1_5__adder_inst/adder_inst/U31/A2 (NAND2X0_RVT)     0.04     0.01      4.65 f
  genblk1_5__adder_inst/adder_inst/U31/Y (NAND2X0_RVT)     1.68     0.04     0.04     4.70 r
  genblk1_5__adder_inst/adder_inst/U32/A2 (NAND2X0_RVT)     0.04     0.01      4.71 r
  genblk1_5__adder_inst/adder_inst/U32/Y (NAND2X0_RVT)     1.58     0.04     0.03     4.74 f
  genblk1_5__adder_inst/adder_inst/U38/A2 (NAND2X0_RVT)     0.04     0.01      4.76 f
  genblk1_5__adder_inst/adder_inst/U38/Y (NAND2X0_RVT)     1.68     0.04     0.04     4.80 r
  genblk1_5__adder_inst/adder_inst/U39/A2 (NAND2X0_RVT)     0.04     0.01      4.81 r
  genblk1_5__adder_inst/adder_inst/U39/Y (NAND2X0_RVT)     1.58     0.04     0.03     4.85 f
  genblk1_5__adder_inst/adder_inst/U45/A2 (NAND2X0_RVT)     0.04     0.01      4.86 f
  genblk1_5__adder_inst/adder_inst/U45/Y (NAND2X0_RVT)     1.68     0.04     0.04     4.90 r
  genblk1_5__adder_inst/adder_inst/U46/A2 (NAND2X0_RVT)     0.04     0.01      4.92 r
  genblk1_5__adder_inst/adder_inst/U46/Y (NAND2X0_RVT)     1.58     0.04     0.03     4.95 f
  genblk1_5__adder_inst/adder_inst/U47/A2 (NAND2X0_RVT)     0.04     0.01      4.96 f
  genblk1_5__adder_inst/adder_inst/U47/Y (NAND2X0_RVT)     1.20     0.03     0.04     5.00 r
  genblk1_5__adder_inst/adder_inst/co (adder_WIDTH7_2)              0.00       5.00 r
  genblk1_5__adder_inst/co (adder_nci_WIDTH8_2)                     0.00       5.00 r
  genblk1_6__adder_inst/ci (adder_nci_WIDTH8_1)                     0.00       5.00 r
  genblk1_6__adder_inst/mfa_inst/ci (MFA_nci_1)                     0.00       5.00 r
  genblk1_6__adder_inst/mfa_inst/U10/A1 (NAND3X0_RVT)     0.03      0.02       5.02 r
  genblk1_6__adder_inst/mfa_inst/U10/Y (NAND3X0_RVT)     0.78     0.04     0.03     5.05 f
  genblk1_6__adder_inst/mfa_inst/U11/A1 (NAND2X0_RVT)     0.04      0.01       5.06 f
  genblk1_6__adder_inst/mfa_inst/U11/Y (NAND2X0_RVT)     1.68     0.04     0.04     5.10 r
  genblk1_6__adder_inst/mfa_inst/co (MFA_nci_1)                     0.00       5.10 r
  genblk1_6__adder_inst/adder_inst/ci (adder_WIDTH7_1)              0.00       5.10 r
  genblk1_6__adder_inst/adder_inst/U4/A2 (NAND2X0_RVT)     0.04     0.01       5.11 r
  genblk1_6__adder_inst/adder_inst/U4/Y (NAND2X0_RVT)     1.58     0.04     0.03     5.15 f
  genblk1_6__adder_inst/adder_inst/U10/A2 (NAND2X0_RVT)     0.04     0.01      5.16 f
  genblk1_6__adder_inst/adder_inst/U10/Y (NAND2X0_RVT)     1.68     0.04     0.04     5.20 r
  genblk1_6__adder_inst/adder_inst/U11/A2 (NAND2X0_RVT)     0.04     0.01      5.22 r
  genblk1_6__adder_inst/adder_inst/U11/Y (NAND2X0_RVT)     1.58     0.04     0.03     5.25 f
  genblk1_6__adder_inst/adder_inst/U17/A2 (NAND2X0_RVT)     0.04     0.01      5.26 f
  genblk1_6__adder_inst/adder_inst/U17/Y (NAND2X0_RVT)     1.68     0.04     0.04     5.31 r
  genblk1_6__adder_inst/adder_inst/U18/A2 (NAND2X0_RVT)     0.04     0.01      5.32 r
  genblk1_6__adder_inst/adder_inst/U18/Y (NAND2X0_RVT)     1.58     0.04     0.03     5.35 f
  genblk1_6__adder_inst/adder_inst/U24/A2 (NAND2X0_RVT)     0.04     0.01      5.37 f
  genblk1_6__adder_inst/adder_inst/U24/Y (NAND2X0_RVT)     1.68     0.04     0.04     5.41 r
  genblk1_6__adder_inst/adder_inst/U25/A2 (NAND2X0_RVT)     0.04     0.01      5.42 r
  genblk1_6__adder_inst/adder_inst/U25/Y (NAND2X0_RVT)     1.58     0.04     0.03     5.46 f
  genblk1_6__adder_inst/adder_inst/U31/A2 (NAND2X0_RVT)     0.04     0.01      5.47 f
  genblk1_6__adder_inst/adder_inst/U31/Y (NAND2X0_RVT)     1.68     0.04     0.04     5.51 r
  genblk1_6__adder_inst/adder_inst/U32/A2 (NAND2X0_RVT)     0.04     0.01      5.52 r
  genblk1_6__adder_inst/adder_inst/U32/Y (NAND2X0_RVT)     1.58     0.04     0.03     5.56 f
  genblk1_6__adder_inst/adder_inst/U38/A2 (NAND2X0_RVT)     0.04     0.01      5.57 f
  genblk1_6__adder_inst/adder_inst/U38/Y (NAND2X0_RVT)     1.68     0.04     0.04     5.61 r
  genblk1_6__adder_inst/adder_inst/U39/A2 (NAND2X0_RVT)     0.04     0.01      5.63 r
  genblk1_6__adder_inst/adder_inst/U39/Y (NAND2X0_RVT)     1.58     0.04     0.03     5.66 f
  genblk1_6__adder_inst/adder_inst/U45/A2 (NAND2X0_RVT)     0.04     0.01      5.67 f
  genblk1_6__adder_inst/adder_inst/U45/Y (NAND2X0_RVT)     1.68     0.04     0.04     5.72 r
  genblk1_6__adder_inst/adder_inst/U46/A2 (NAND2X0_RVT)     0.04     0.01      5.73 r
  genblk1_6__adder_inst/adder_inst/U46/Y (NAND2X0_RVT)     1.58     0.04     0.03     5.76 f
  genblk1_6__adder_inst/adder_inst/U47/A2 (NAND2X0_RVT)     0.04     0.01      5.78 f
  genblk1_6__adder_inst/adder_inst/U47/Y (NAND2X0_RVT)     1.20     0.03     0.04     5.82 r
  genblk1_6__adder_inst/adder_inst/co (adder_WIDTH7_1)              0.00       5.82 r
  genblk1_6__adder_inst/co (adder_nci_WIDTH8_1)                     0.00       5.82 r
  genblk1_7__adder_inst/ci (adder_nci_WIDTH8_0)                     0.00       5.82 r
  genblk1_7__adder_inst/mfa_inst/ci (MFA_nci_0)                     0.00       5.82 r
  genblk1_7__adder_inst/mfa_inst/U10/A1 (NAND3X0_RVT)     0.03      0.02       5.83 r
  genblk1_7__adder_inst/mfa_inst/U10/Y (NAND3X0_RVT)     0.78     0.05     0.03     5.86 f
  genblk1_7__adder_inst/mfa_inst/U11/A1 (NAND2X0_RVT)     0.05      0.01       5.87 f
  genblk1_7__adder_inst/mfa_inst/U11/Y (NAND2X0_RVT)     1.68     0.04     0.04     5.92 r
  genblk1_7__adder_inst/mfa_inst/co (MFA_nci_0)                     0.00       5.92 r
  genblk1_7__adder_inst/adder_inst/ci (adder_WIDTH7_0)              0.00       5.92 r
  genblk1_7__adder_inst/adder_inst/U4/A2 (NAND2X0_RVT)     0.04     0.01       5.93 r
  genblk1_7__adder_inst/adder_inst/U4/Y (NAND2X0_RVT)     1.58     0.04     0.03     5.96 f
  genblk1_7__adder_inst/adder_inst/U10/A2 (NAND2X0_RVT)     0.04     0.01      5.98 f
  genblk1_7__adder_inst/adder_inst/U10/Y (NAND2X0_RVT)     1.68     0.04     0.04     6.02 r
  genblk1_7__adder_inst/adder_inst/U11/A2 (NAND2X0_RVT)     0.04     0.01      6.03 r
  genblk1_7__adder_inst/adder_inst/U11/Y (NAND2X0_RVT)     1.58     0.04     0.03     6.07 f
  genblk1_7__adder_inst/adder_inst/U17/A2 (NAND2X0_RVT)     0.04     0.01      6.08 f
  genblk1_7__adder_inst/adder_inst/U17/Y (NAND2X0_RVT)     1.68     0.04     0.04     6.12 r
  genblk1_7__adder_inst/adder_inst/U18/A2 (NAND2X0_RVT)     0.04     0.01      6.14 r
  genblk1_7__adder_inst/adder_inst/U18/Y (NAND2X0_RVT)     1.58     0.04     0.03     6.17 f
  genblk1_7__adder_inst/adder_inst/U24/A2 (NAND2X0_RVT)     0.04     0.01      6.18 f
  genblk1_7__adder_inst/adder_inst/U24/Y (NAND2X0_RVT)     1.68     0.04     0.04     6.23 r
  genblk1_7__adder_inst/adder_inst/U25/A2 (NAND2X0_RVT)     0.04     0.01      6.24 r
  genblk1_7__adder_inst/adder_inst/U25/Y (NAND2X0_RVT)     1.58     0.04     0.03     6.27 f
  genblk1_7__adder_inst/adder_inst/U31/A2 (NAND2X0_RVT)     0.04     0.01      6.29 f
  genblk1_7__adder_inst/adder_inst/U31/Y (NAND2X0_RVT)     1.68     0.04     0.04     6.33 r
  genblk1_7__adder_inst/adder_inst/U32/A2 (NAND2X0_RVT)     0.04     0.01      6.34 r
  genblk1_7__adder_inst/adder_inst/U32/Y (NAND2X0_RVT)     1.58     0.04     0.03     6.38 f
  genblk1_7__adder_inst/adder_inst/U38/A2 (NAND2X0_RVT)     0.04     0.01      6.39 f
  genblk1_7__adder_inst/adder_inst/U38/Y (NAND2X0_RVT)     1.68     0.04     0.04     6.43 r
  genblk1_7__adder_inst/adder_inst/U39/A2 (NAND2X0_RVT)     0.04     0.01      6.45 r
  genblk1_7__adder_inst/adder_inst/U39/Y (NAND2X0_RVT)     1.58     0.04     0.03     6.48 f
  genblk1_7__adder_inst/adder_inst/U45/A2 (NAND2X0_RVT)     0.04     0.01      6.49 f
  genblk1_7__adder_inst/adder_inst/U45/Y (NAND2X0_RVT)     1.68     0.04     0.04     6.53 r
  genblk1_7__adder_inst/adder_inst/U46/A2 (NAND2X0_RVT)     0.04     0.01      6.55 r
  genblk1_7__adder_inst/adder_inst/U46/Y (NAND2X0_RVT)     1.58     0.04     0.03     6.58 f
  genblk1_7__adder_inst/adder_inst/U47/A2 (NAND2X0_RVT)     0.04     0.01      6.60 f
  genblk1_7__adder_inst/adder_inst/U47/Y (NAND2X0_RVT)     0.56     0.03     0.03     6.63 r
  genblk1_7__adder_inst/adder_inst/co (adder_WIDTH7_0)              0.00       6.63 r
  genblk1_7__adder_inst/co (adder_nci_WIDTH8_0)                     0.00       6.63 r
  U10/A2 (AND2X1_RVT)                                     0.03      0.01       6.64 r
  U10/Y (AND2X1_RVT)                            0.00      0.01      0.03       6.67 r
  co (out)                                                0.01      0.00       6.67 r
  data arrival time                                                            6.67
  ------------------------------------------------------------------------------------
  (Path is unconstrained)


1
