Information: Propagating switching activity (low effort zero delay simulation). (PWR-6)
Warning: There is no defined clock in the design. (PWR-80)
Warning: Design has unannotated primary inputs. (PWR-414)
 
****************************************
Report : power
        -hier
        -analysis_effort low
Design : vbw_adder_nci
Version: K-2015.06-SP4
Date   : Wed Apr 26 19:40:54 2017
****************************************


Library(s) Used:

    saed32rvt_tt1p05v25c (File: /usr/local/packages/synopsys_2015/SAED32_EDK/lib/stdcell_rvt/db_nldm/saed32rvt_tt1p05v25c.db)


Operating Conditions: tt1p05v25c   Library: saed32rvt_tt1p05v25c
Wire Load Model Mode: enclosed

Design        Wire Load Model            Library
------------------------------------------------
vbw_adder_nci          8000              saed32rvt_tt1p05v25c
adder_nci_WIDTH8_7     ForQA             saed32rvt_tt1p05v25c
MFA_nci_7              ForQA             saed32rvt_tt1p05v25c
adder_WIDTH7_7         ForQA             saed32rvt_tt1p05v25c
adder_nci_WIDTH8_0     ForQA             saed32rvt_tt1p05v25c
adder_nci_WIDTH8_1     ForQA             saed32rvt_tt1p05v25c
adder_nci_WIDTH8_2     ForQA             saed32rvt_tt1p05v25c
adder_nci_WIDTH8_3     ForQA             saed32rvt_tt1p05v25c
adder_nci_WIDTH8_4     ForQA             saed32rvt_tt1p05v25c
adder_nci_WIDTH8_5     ForQA             saed32rvt_tt1p05v25c
adder_nci_WIDTH8_6     ForQA             saed32rvt_tt1p05v25c
adder_WIDTH7_0         ForQA             saed32rvt_tt1p05v25c
adder_WIDTH7_1         ForQA             saed32rvt_tt1p05v25c
adder_WIDTH7_2         ForQA             saed32rvt_tt1p05v25c
adder_WIDTH7_3         ForQA             saed32rvt_tt1p05v25c
adder_WIDTH7_4         ForQA             saed32rvt_tt1p05v25c
adder_WIDTH7_5         ForQA             saed32rvt_tt1p05v25c
adder_WIDTH7_6         ForQA             saed32rvt_tt1p05v25c
MFA_nci_0              ForQA             saed32rvt_tt1p05v25c
MFA_nci_1              ForQA             saed32rvt_tt1p05v25c
MFA_nci_2              ForQA             saed32rvt_tt1p05v25c
MFA_nci_3              ForQA             saed32rvt_tt1p05v25c
MFA_nci_4              ForQA             saed32rvt_tt1p05v25c
MFA_nci_5              ForQA             saed32rvt_tt1p05v25c
MFA_nci_6              ForQA             saed32rvt_tt1p05v25c


Global Operating Voltage = 1.05 
Power-specific unit information :
    Voltage Units = 1V
    Capacitance Units = 1.000000ff
    Time Units = 1ns
    Dynamic Power Units = 1uW    (derived from V,C,T units)
    Leakage Power Units = 1pW


--------------------------------------------------------------------------------
                                       Switch   Int      Leak     Total
Hierarchy                              Power    Power    Power    Power    %
--------------------------------------------------------------------------------
vbw_adder_nci                            46.786   94.142 6.98e+07  210.778 100.0
  genblk1_7__adder_inst (adder_nci_WIDTH8_0)    5.841   11.855 8.71e+06   26.404  12.5
    adder_inst (adder_WIDTH7_0)           4.782   10.266 7.82e+06   22.871  10.9
    mfa_inst (MFA_nci_0)                  1.060    1.589 8.84e+05    3.533   1.7
  genblk1_6__adder_inst (adder_nci_WIDTH8_1)    5.762   11.689 8.61e+06   26.065  12.4
    adder_inst (adder_WIDTH7_1)           4.835   10.292 7.78e+06   22.910  10.9
    mfa_inst (MFA_nci_1)                  0.927    1.397 8.32e+05    3.156   1.5
  genblk1_5__adder_inst (adder_nci_WIDTH8_2)    5.951   11.940 8.70e+06   26.588  12.6
    adder_inst (adder_WIDTH7_2)           4.907   10.371 7.81e+06   23.092  11.0
    mfa_inst (MFA_nci_2)                  1.044    1.569 8.84e+05    3.496   1.7
  genblk1_4__adder_inst (adder_nci_WIDTH8_3)    5.565   11.381 8.55e+06   25.497  12.1
    adder_inst (adder_WIDTH7_3)           4.753   10.141 7.77e+06   22.663  10.8
    mfa_inst (MFA_nci_3)                  0.812    1.241 7.81e+05    2.834   1.3
  genblk1_3__adder_inst (adder_nci_WIDTH8_4)    5.901   11.876 8.69e+06   26.463  12.6
    adder_inst (adder_WIDTH7_4)           4.853   10.298 7.80e+06   22.953  10.9
    mfa_inst (MFA_nci_4)                  1.048    1.578 8.83e+05    3.509   1.7
  genblk1_2__adder_inst (adder_nci_WIDTH8_5)    5.735   11.640 8.61e+06   25.989  12.3
    adder_inst (adder_WIDTH7_5)           4.789   10.209 7.78e+06   22.779  10.8
    mfa_inst (MFA_nci_5)                  0.945    1.430 8.34e+05    3.210   1.5
  genblk1_1__adder_inst (adder_nci_WIDTH8_6)    5.938   11.910 8.70e+06   26.549  12.6
    adder_inst (adder_WIDTH7_6)           4.890   10.327 7.82e+06   23.034  10.9
    mfa_inst (MFA_nci_6)                  1.048    1.583 8.85e+05    3.515   1.7
  genblk1_0__adder_inst (adder_nci_WIDTH8_7)    5.512   11.309 8.61e+06   25.436  12.1
    adder_inst (adder_WIDTH7_7)           4.759   10.170 7.77e+06   22.699  10.8
    mfa_inst (MFA_nci_7)                  0.753    1.139 8.45e+05    2.737   1.3
1
