Information: Propagating switching activity (low effort zero delay simulation). (PWR-6)
Warning: There is no defined clock in the design. (PWR-80)
Warning: Design has unannotated primary inputs. (PWR-414)
 
****************************************
Report : power
        -hier
        -analysis_effort low
Design : vbw_rca_bsln2
Version: K-2015.06-SP4
Date   : Wed Apr 26 19:42:49 2017
****************************************


Library(s) Used:

    saed32rvt_tt1p05v25c (File: /usr/local/packages/synopsys_2015/SAED32_EDK/lib/stdcell_rvt/db_nldm/saed32rvt_tt1p05v25c.db)


Operating Conditions: tt1p05v25c   Library: saed32rvt_tt1p05v25c
Wire Load Model Mode: enclosed

Design        Wire Load Model            Library
------------------------------------------------
vbw_rca_bsln2          8000              saed32rvt_tt1p05v25c
adder_WIDTH64          8000              saed32rvt_tt1p05v25c
adder_WIDTH32          8000              saed32rvt_tt1p05v25c
adder_WIDTH16_1        ForQA             saed32rvt_tt1p05v25c
adder_WIDTH8_3         ForQA             saed32rvt_tt1p05v25c
adder_WIDTH16_0        ForQA             saed32rvt_tt1p05v25c
adder_WIDTH8_0         ForQA             saed32rvt_tt1p05v25c
adder_WIDTH8_1         ForQA             saed32rvt_tt1p05v25c
adder_WIDTH8_2         ForQA             saed32rvt_tt1p05v25c


Global Operating Voltage = 1.05 
Power-specific unit information :
    Voltage Units = 1V
    Capacitance Units = 1.000000ff
    Time Units = 1ns
    Dynamic Power Units = 1uW    (derived from V,C,T units)
    Leakage Power Units = 1pW


--------------------------------------------------------------------------------
                                       Switch   Int      Leak     Total
Hierarchy                              Power    Power    Power    Power    %
--------------------------------------------------------------------------------
vbw_rca_bsln2                           111.921  257.672 1.84e+08  553.886 100.0
  add8_4 (adder_WIDTH8_0)                 5.615   10.031 7.56e+06   23.209   4.2
  add8_5 (adder_WIDTH8_1)                 5.599   10.098 7.57e+06   23.268   4.2
  add8_6 (adder_WIDTH8_2)                 5.588   10.080 7.56e+06   23.230   4.2
  add8_7 (adder_WIDTH8_3)                 5.623   10.142 7.56e+06   23.327   4.2
  add16_2 (adder_WIDTH16_0)              11.981   21.709 1.65e+07   50.210   9.1
  add16_3 (adder_WIDTH16_1)              11.959   21.833 1.65e+07   50.306   9.1
  add32_1 (adder_WIDTH32)                18.532   44.751 3.44e+07   97.703  17.6
  add64_0 (adder_WIDTH64)                37.025   92.236 7.15e+07  200.745  36.2
1
