 
****************************************
Report : area
Design : vbw_rca_bsln2
Version: K-2015.06-SP4
Date   : Mon Apr 24 11:52:28 2017
****************************************

Library(s) Used:

    saed32rvt_tt1p05v25c (File: /usr/local/packages/synopsys_2015/SAED32_EDK/lib/stdcell_rvt/db_nldm/saed32rvt_tt1p05v25c.db)

Number of ports:                          692
Number of nets:                          1098
Number of cells:                          347
Number of combinational cells:            338
Number of sequential cells:                 1
Number of macros/black boxes:               0
Number of buf/inv:                          4
Number of references:                      16

Combinational area:               1177.703286
Buf/Inv area:                        6.607744
Noncombinational area:               0.000000
Macro/Black Box area:                0.000000
Net Interconnect area:             178.654390

Total cell area:                  1177.703286
Total area:                       1356.357676

Hierarchical area distribution
------------------------------

                                  Global cell area          Local cell area
                                  ------------------  ---------------------------- 
Hierarchical cell                 Absolute   Percent  Combi-     Noncombi-  Black-
                                  Total      Total    national   national   boxes   Design
--------------------------------  ---------  -------  ---------  ---------  ------  ---------------
vbw_rca_bsln2                     1177.7033    100.0   401.5475     0.0000  0.0000  vbw_rca_bsln2
add16_2                             77.7681      6.6    77.7681     0.0000  0.0000  adder_WIDTH16_0
add16_3                             77.7681      6.6    77.7681     0.0000  0.0000  adder_WIDTH16_1
add32_1                            155.0278     13.2   155.0278     0.0000  0.0000  adder_WIDTH32
add64_0                            309.0391     26.2   309.0391     0.0000  0.0000  adder_WIDTH64
add8_4                              39.1382      3.3    39.1382     0.0000  0.0000  adder_WIDTH8_0
add8_5                              39.1382      3.3    39.1382     0.0000  0.0000  adder_WIDTH8_1
add8_6                              39.1382      3.3    39.1382     0.0000  0.0000  adder_WIDTH8_2
add8_7                              39.1382      3.3    39.1382     0.0000  0.0000  adder_WIDTH8_3
--------------------------------  ---------  -------  ---------  ---------  ------  ---------------
Total                                                 1177.7033     0.0000  0.0000

1
