 
****************************************
Report : timing
        -path full
        -delay max
        -input_pins
        -max_paths 1
        -transition_time
        -capacitance
Design : vbw_rca_bsln2
Version: K-2015.06-SP4
Date   : Mon Apr 24 11:52:28 2017
****************************************

Operating Conditions: tt1p05v25c   Library: saed32rvt_tt1p05v25c
Wire Load Model Mode: enclosed

  Startpoint: control[1] (input port)
  Endpoint: s[63] (output port)
  Path Group: (none)
  Path Type: max

  Des/Clust/Port     Wire Load Model       Library
  ------------------------------------------------
  vbw_rca_bsln2      8000                  saed32rvt_tt1p05v25c
  adder_WIDTH64      8000                  saed32rvt_tt1p05v25c

  Point                           Cap     Trans      Incr       Path
  ---------------------------------------------------------------------
  input external delay                               0.00       0.00 f
  control[1] (in)               15.96      0.00      0.00       0.00 f
  U143/A (INVX0_RVT)                       0.00      0.04       0.04 f
  U143/Y (INVX0_RVT)             5.78      0.05      0.03       0.08 r
  U146/A1 (AND2X1_RVT)                     0.05      0.03       0.10 r
  U146/Y (AND2X1_RVT)            8.52      0.05      0.06       0.16 r
  U147/A (NBUFFX2_RVT)                     0.05      0.02       0.18 r
  U147/Y (NBUFFX2_RVT)          17.62      0.06      0.06       0.25 r
  U213/A1 (AND2X1_RVT)                     0.06      0.06       0.30 r
  U213/Y (AND2X1_RVT)            1.98      0.02      0.04       0.34 r
  add64_0/ci (adder_WIDTH64)                         0.00       0.34 r
  add64_0/U64/A (FADDX1_RVT)               0.02      0.04       0.38 r
  add64_0/U64/CO (FADDX1_RVT)     1.48     0.03      0.06       0.44 r
  add64_0/U63/CI (FADDX1_RVT)              0.03      0.03       0.48 r
  add64_0/U63/CO (FADDX1_RVT)     1.48     0.03      0.06       0.53 r
  add64_0/U62/CI (FADDX1_RVT)              0.03      0.03       0.56 r
  add64_0/U62/CO (FADDX1_RVT)     1.48     0.03      0.06       0.62 r
  add64_0/U61/CI (FADDX1_RVT)              0.03      0.03       0.65 r
  add64_0/U61/CO (FADDX1_RVT)     1.48     0.03      0.06       0.71 r
  add64_0/U60/CI (FADDX1_RVT)              0.03      0.03       0.74 r
  add64_0/U60/CO (FADDX1_RVT)     1.48     0.03      0.06       0.80 r
  add64_0/U59/CI (FADDX1_RVT)              0.03      0.03       0.83 r
  add64_0/U59/CO (FADDX1_RVT)     1.48     0.03      0.06       0.88 r
  add64_0/U58/CI (FADDX1_RVT)              0.03      0.03       0.92 r
  add64_0/U58/CO (FADDX1_RVT)     1.48     0.03      0.06       0.97 r
  add64_0/U57/CI (FADDX1_RVT)              0.03      0.03       1.00 r
  add64_0/U57/CO (FADDX1_RVT)     1.48     0.03      0.06       1.06 r
  add64_0/U56/CI (FADDX1_RVT)              0.03      0.03       1.09 r
  add64_0/U56/CO (FADDX1_RVT)     1.48     0.03      0.06       1.15 r
  add64_0/U55/CI (FADDX1_RVT)              0.03      0.03       1.18 r
  add64_0/U55/CO (FADDX1_RVT)     1.48     0.03      0.06       1.23 r
  add64_0/U54/CI (FADDX1_RVT)              0.03      0.03       1.27 r
  add64_0/U54/CO (FADDX1_RVT)     1.48     0.03      0.06       1.32 r
  add64_0/U53/CI (FADDX1_RVT)              0.03      0.03       1.35 r
  add64_0/U53/CO (FADDX1_RVT)     1.48     0.03      0.06       1.41 r
  add64_0/U52/CI (FADDX1_RVT)              0.03      0.03       1.44 r
  add64_0/U52/CO (FADDX1_RVT)     1.48     0.03      0.06       1.50 r
  add64_0/U51/CI (FADDX1_RVT)              0.03      0.03       1.53 r
  add64_0/U51/CO (FADDX1_RVT)     1.48     0.03      0.06       1.58 r
  add64_0/U50/CI (FADDX1_RVT)              0.03      0.03       1.62 r
  add64_0/U50/CO (FADDX1_RVT)     1.48     0.03      0.06       1.67 r
  add64_0/U49/CI (FADDX1_RVT)              0.03      0.03       1.70 r
  add64_0/U49/CO (FADDX1_RVT)     1.48     0.03      0.06       1.76 r
  add64_0/U48/CI (FADDX1_RVT)              0.03      0.03       1.79 r
  add64_0/U48/CO (FADDX1_RVT)     1.48     0.03      0.06       1.85 r
  add64_0/U47/CI (FADDX1_RVT)              0.03      0.03       1.88 r
  add64_0/U47/CO (FADDX1_RVT)     1.48     0.03      0.06       1.93 r
  add64_0/U46/CI (FADDX1_RVT)              0.03      0.03       1.97 r
  add64_0/U46/CO (FADDX1_RVT)     1.48     0.03      0.06       2.02 r
  add64_0/U45/CI (FADDX1_RVT)              0.03      0.03       2.05 r
  add64_0/U45/CO (FADDX1_RVT)     1.48     0.03      0.06       2.11 r
  add64_0/U44/CI (FADDX1_RVT)              0.03      0.03       2.14 r
  add64_0/U44/CO (FADDX1_RVT)     1.48     0.03      0.06       2.20 r
  add64_0/U43/CI (FADDX1_RVT)              0.03      0.03       2.23 r
  add64_0/U43/CO (FADDX1_RVT)     1.48     0.03      0.06       2.29 r
  add64_0/U42/CI (FADDX1_RVT)              0.03      0.03       2.32 r
  add64_0/U42/CO (FADDX1_RVT)     1.48     0.03      0.06       2.37 r
  add64_0/U41/CI (FADDX1_RVT)              0.03      0.03       2.41 r
  add64_0/U41/CO (FADDX1_RVT)     1.48     0.03      0.06       2.46 r
  add64_0/U40/CI (FADDX1_RVT)              0.03      0.03       2.49 r
  add64_0/U40/CO (FADDX1_RVT)     1.48     0.03      0.06       2.55 r
  add64_0/U39/CI (FADDX1_RVT)              0.03      0.03       2.58 r
  add64_0/U39/CO (FADDX1_RVT)     1.48     0.03      0.06       2.64 r
  add64_0/U38/CI (FADDX1_RVT)              0.03      0.03       2.67 r
  add64_0/U38/CO (FADDX1_RVT)     1.48     0.03      0.06       2.72 r
  add64_0/U37/CI (FADDX1_RVT)              0.03      0.03       2.76 r
  add64_0/U37/CO (FADDX1_RVT)     1.48     0.03      0.06       2.81 r
  add64_0/U36/CI (FADDX1_RVT)              0.03      0.03       2.84 r
  add64_0/U36/CO (FADDX1_RVT)     1.48     0.03      0.06       2.90 r
  add64_0/U35/CI (FADDX1_RVT)              0.03      0.03       2.93 r
  add64_0/U35/CO (FADDX1_RVT)     1.48     0.03      0.06       2.99 r
  add64_0/U34/CI (FADDX1_RVT)              0.03      0.03       3.02 r
  add64_0/U34/CO (FADDX1_RVT)     1.48     0.03      0.06       3.07 r
  add64_0/U33/CI (FADDX1_RVT)              0.03      0.03       3.11 r
  add64_0/U33/CO (FADDX1_RVT)     1.48     0.03      0.06       3.16 r
  add64_0/U32/CI (FADDX1_RVT)              0.03      0.03       3.19 r
  add64_0/U32/CO (FADDX1_RVT)     1.48     0.03      0.06       3.25 r
  add64_0/U31/CI (FADDX1_RVT)              0.03      0.03       3.28 r
  add64_0/U31/CO (FADDX1_RVT)     1.48     0.03      0.06       3.34 r
  add64_0/U30/CI (FADDX1_RVT)              0.03      0.03       3.37 r
  add64_0/U30/CO (FADDX1_RVT)     1.48     0.03      0.06       3.42 r
  add64_0/U29/CI (FADDX1_RVT)              0.03      0.03       3.46 r
  add64_0/U29/CO (FADDX1_RVT)     1.48     0.03      0.06       3.51 r
  add64_0/U28/CI (FADDX1_RVT)              0.03      0.03       3.54 r
  add64_0/U28/CO (FADDX1_RVT)     1.48     0.03      0.06       3.60 r
  add64_0/U27/CI (FADDX1_RVT)              0.03      0.03       3.63 r
  add64_0/U27/CO (FADDX1_RVT)     1.48     0.03      0.06       3.69 r
  add64_0/U26/CI (FADDX1_RVT)              0.03      0.03       3.72 r
  add64_0/U26/CO (FADDX1_RVT)     1.48     0.03      0.06       3.78 r
  add64_0/U25/CI (FADDX1_RVT)              0.03      0.03       3.81 r
  add64_0/U25/CO (FADDX1_RVT)     1.48     0.03      0.06       3.86 r
  add64_0/U24/CI (FADDX1_RVT)              0.03      0.03       3.90 r
  add64_0/U24/CO (FADDX1_RVT)     1.48     0.03      0.06       3.95 r
  add64_0/U23/CI (FADDX1_RVT)              0.03      0.03       3.98 r
  add64_0/U23/CO (FADDX1_RVT)     1.48     0.03      0.06       4.04 r
  add64_0/U22/CI (FADDX1_RVT)              0.03      0.03       4.07 r
  add64_0/U22/CO (FADDX1_RVT)     1.48     0.03      0.06       4.13 r
  add64_0/U21/CI (FADDX1_RVT)              0.03      0.03       4.16 r
  add64_0/U21/CO (FADDX1_RVT)     1.48     0.03      0.06       4.21 r
  add64_0/U20/CI (FADDX1_RVT)              0.03      0.03       4.25 r
  add64_0/U20/CO (FADDX1_RVT)     1.48     0.03      0.06       4.30 r
  add64_0/U19/CI (FADDX1_RVT)              0.03      0.03       4.33 r
  add64_0/U19/CO (FADDX1_RVT)     1.48     0.03      0.06       4.39 r
  add64_0/U18/CI (FADDX1_RVT)              0.03      0.03       4.42 r
  add64_0/U18/CO (FADDX1_RVT)     1.48     0.03      0.06       4.48 r
  add64_0/U17/CI (FADDX1_RVT)              0.03      0.03       4.51 r
  add64_0/U17/CO (FADDX1_RVT)     1.48     0.03      0.06       4.56 r
  add64_0/U16/CI (FADDX1_RVT)              0.03      0.03       4.60 r
  add64_0/U16/CO (FADDX1_RVT)     1.48     0.03      0.06       4.65 r
  add64_0/U15/CI (FADDX1_RVT)              0.03      0.03       4.68 r
  add64_0/U15/CO (FADDX1_RVT)     1.48     0.03      0.06       4.74 r
  add64_0/U14/CI (FADDX1_RVT)              0.03      0.03       4.77 r
  add64_0/U14/CO (FADDX1_RVT)     1.48     0.03      0.06       4.83 r
  add64_0/U13/CI (FADDX1_RVT)              0.03      0.03       4.86 r
  add64_0/U13/CO (FADDX1_RVT)     1.48     0.03      0.06       4.91 r
  add64_0/U12/CI (FADDX1_RVT)              0.03      0.03       4.95 r
  add64_0/U12/CO (FADDX1_RVT)     1.48     0.03      0.06       5.00 r
  add64_0/U11/CI (FADDX1_RVT)              0.03      0.03       5.03 r
  add64_0/U11/CO (FADDX1_RVT)     1.48     0.03      0.06       5.09 r
  add64_0/U10/CI (FADDX1_RVT)              0.03      0.03       5.12 r
  add64_0/U10/CO (FADDX1_RVT)     1.48     0.03      0.06       5.18 r
  add64_0/U9/CI (FADDX1_RVT)               0.03      0.03       5.21 r
  add64_0/U9/CO (FADDX1_RVT)     1.48      0.03      0.06       5.27 r
  add64_0/U8/CI (FADDX1_RVT)               0.03      0.03       5.30 r
  add64_0/U8/CO (FADDX1_RVT)     1.48      0.03      0.06       5.35 r
  add64_0/U7/CI (FADDX1_RVT)               0.03      0.03       5.39 r
  add64_0/U7/CO (FADDX1_RVT)     1.48      0.03      0.06       5.44 r
  add64_0/U6/CI (FADDX1_RVT)               0.03      0.03       5.47 r
  add64_0/U6/CO (FADDX1_RVT)     1.48      0.03      0.06       5.53 r
  add64_0/U5/CI (FADDX1_RVT)               0.03      0.03       5.56 r
  add64_0/U5/CO (FADDX1_RVT)     1.48      0.03      0.06       5.62 r
  add64_0/U4/CI (FADDX1_RVT)               0.03      0.03       5.65 r
  add64_0/U4/CO (FADDX1_RVT)     1.48      0.03      0.06       5.70 r
  add64_0/U3/CI (FADDX1_RVT)               0.03      0.03       5.74 r
  add64_0/U3/CO (FADDX1_RVT)     1.48      0.03      0.06       5.79 r
  add64_0/U2/CI (FADDX1_RVT)               0.03      0.03       5.82 r
  add64_0/U2/CO (FADDX1_RVT)     1.48      0.03      0.06       5.88 r
  add64_0/U1/CI (FADDX1_RVT)               0.03      0.03       5.91 r
  add64_0/U1/S (FADDX1_RVT)      0.55      0.02      0.08       5.99 f
  add64_0/s[63] (adder_WIDTH64)                      0.00       5.99 f
  U185/A2 (AND2X1_RVT)                     0.02      0.01       6.00 f
  U185/Y (AND2X1_RVT)            0.61      0.02      0.03       6.03 f
  U187/A3 (OR4X1_RVT)                      0.02      0.01       6.05 f
  U187/Y (OR4X1_RVT)             0.00      0.01      0.06       6.11 f
  s[63] (out)                              0.01      0.00       6.11 f
  data arrival time                                             6.11
  ---------------------------------------------------------------------
  (Path is unconstrained)


1
