 
****************************************
Report : timing
        -path full
        -delay max
        -input_pins
        -max_paths 1
        -transition_time
        -capacitance
Design : array_fix_bw_mul
Version: K-2015.06-SP4
Date   : Sun Apr 16 12:39:52 2017
****************************************

Operating Conditions: tt1p05v25c   Library: saed32rvt_tt1p05v25c
Wire Load Model Mode: enclosed

  Startpoint: b[0] (input port)
  Endpoint: p[30] (output port)
  Path Group: (none)
  Path Type: max

  Des/Clust/Port     Wire Load Model       Library
  ------------------------------------------------
  array_fix_bw_mul   8000                  saed32rvt_tt1p05v25c

  Point                           Cap     Trans      Incr       Path
  ---------------------------------------------------------------------
  input external delay                               0.00       0.00 r
  b[0] (in)                      9.92      0.00      0.00       0.00 r
  U514/A1 (AND2X1_RVT)                     0.00      0.04       0.04 r
  U514/Y (AND2X1_RVT)            1.98      0.02      0.03       0.07 r
  U572/A (FADDX1_RVT)                      0.02      0.04       0.11 r
  U572/CO (FADDX1_RVT)           1.98      0.03      0.06       0.17 r
  U570/A (FADDX1_RVT)                      0.03      0.04       0.22 r
  U570/S (FADDX1_RVT)            1.96      0.03      0.09       0.31 f
  U600/A (FADDX1_RVT)                      0.03      0.04       0.35 f
  U600/S (FADDX1_RVT)            1.98      0.03      0.09       0.44 r
  U630/A (FADDX1_RVT)                      0.03      0.04       0.49 r
  U630/S (FADDX1_RVT)            1.96      0.03      0.09       0.58 f
  U660/A (FADDX1_RVT)                      0.03      0.04       0.62 f
  U660/S (FADDX1_RVT)            1.98      0.03      0.09       0.71 r
  U690/A (FADDX1_RVT)                      0.03      0.04       0.75 r
  U690/S (FADDX1_RVT)            1.96      0.03      0.09       0.85 f
  U720/A (FADDX1_RVT)                      0.03      0.04       0.89 f
  U720/S (FADDX1_RVT)            1.98      0.03      0.09       0.98 r
  U750/A (FADDX1_RVT)                      0.03      0.04       1.02 r
  U750/S (FADDX1_RVT)            1.96      0.03      0.09       1.11 f
  U780/A (FADDX1_RVT)                      0.03      0.04       1.16 f
  U780/S (FADDX1_RVT)            1.98      0.03      0.09       1.25 r
  U810/A (FADDX1_RVT)                      0.03      0.04       1.29 r
  U810/S (FADDX1_RVT)            1.96      0.03      0.09       1.38 f
  U840/A (FADDX1_RVT)                      0.03      0.04       1.43 f
  U840/S (FADDX1_RVT)            1.98      0.03      0.09       1.52 r
  U870/A (FADDX1_RVT)                      0.03      0.04       1.56 r
  U870/S (FADDX1_RVT)            1.96      0.03      0.09       1.65 f
  U900/A (FADDX1_RVT)                      0.03      0.04       1.70 f
  U900/S (FADDX1_RVT)            1.98      0.03      0.09       1.79 r
  U985/A (FADDX1_RVT)                      0.03      0.04       1.83 r
  U985/S (FADDX1_RVT)            1.96      0.03      0.09       1.92 f
  U989/A (FADDX1_RVT)                      0.03      0.04       1.96 f
  U989/S (FADDX1_RVT)            1.57      0.03      0.09       2.05 r
  U988/A2 (AND2X1_RVT)                     0.03      0.01       2.07 r
  U988/Y (AND2X1_RVT)            2.61      0.02      0.04       2.11 r
  U990/A1 (OR2X1_RVT)                      0.02      0.02       2.12 r
  U990/Y (OR2X1_RVT)             0.56      0.02      0.03       2.15 r
  U991/A2 (AND2X1_RVT)                     0.02      0.01       2.17 r
  U991/Y (AND2X1_RVT)            1.48      0.02      0.03       2.20 r
  U1007/CI (FADDX1_RVT)                    0.02      0.03       2.23 r
  U1007/CO (FADDX1_RVT)          1.48      0.03      0.05       2.28 r
  U1006/CI (FADDX1_RVT)                    0.03      0.03       2.32 r
  U1006/CO (FADDX1_RVT)          1.48      0.03      0.06       2.37 r
  U1005/CI (FADDX1_RVT)                    0.03      0.03       2.40 r
  U1005/CO (FADDX1_RVT)          1.48      0.03      0.06       2.46 r
  U1004/CI (FADDX1_RVT)                    0.03      0.03       2.49 r
  U1004/CO (FADDX1_RVT)          1.48      0.03      0.06       2.55 r
  U1003/CI (FADDX1_RVT)                    0.03      0.03       2.58 r
  U1003/CO (FADDX1_RVT)          1.48      0.03      0.06       2.63 r
  U1002/CI (FADDX1_RVT)                    0.03      0.03       2.67 r
  U1002/CO (FADDX1_RVT)          1.48      0.03      0.06       2.72 r
  U1001/CI (FADDX1_RVT)                    0.03      0.03       2.75 r
  U1001/CO (FADDX1_RVT)          1.48      0.03      0.06       2.81 r
  U1000/CI (FADDX1_RVT)                    0.03      0.03       2.84 r
  U1000/CO (FADDX1_RVT)          1.48      0.03      0.06       2.90 r
  U999/CI (FADDX1_RVT)                     0.03      0.03       2.93 r
  U999/CO (FADDX1_RVT)           1.48      0.03      0.06       2.99 r
  U998/CI (FADDX1_RVT)                     0.03      0.03       3.02 r
  U998/CO (FADDX1_RVT)           1.48      0.03      0.06       3.07 r
  U997/CI (FADDX1_RVT)                     0.03      0.03       3.11 r
  U997/CO (FADDX1_RVT)           1.48      0.03      0.06       3.16 r
  U996/CI (FADDX1_RVT)                     0.03      0.03       3.19 r
  U996/CO (FADDX1_RVT)           2.20      0.03      0.06       3.25 r
  U995/CI (FADDX1_RVT)                     0.03      0.04       3.29 r
  U995/S (FADDX1_RVT)            0.00      0.02      0.08       3.37 f
  p[30] (out)                              0.02      0.00       3.37 f
  data arrival time                                             3.37
  ---------------------------------------------------------------------
  (Path is unconstrained)


1
