 
****************************************
Report : area
Design : array_fix_bw_mul
Version: K-2015.06-SP4
Date   : Sun Apr 16 12:39:52 2017
****************************************

Library(s) Used:

    saed32rvt_tt1p05v25c (File: /usr/local/packages/synopsys_2015/SAED32_EDK/lib/stdcell_rvt/db_nldm/saed32rvt_tt1p05v25c.db)

Number of ports:                           64
Number of nets:                           770
Number of cells:                          516
Number of combinational cells:            516
Number of sequential cells:                 0
Number of macros/black boxes:               0
Number of buf/inv:                          0
Number of references:                       6

Combinational area:               1696.665336
Buf/Inv area:                        0.000000
Noncombinational area:               0.000000
Macro/Black Box area:                0.000000
Net Interconnect area:             303.118871

Total cell area:                  1696.665336
Total area:                       1999.784206

Hierarchical area distribution
------------------------------

                                  Global cell area          Local cell area
                                  ------------------  ---------------------------- 
Hierarchical cell                 Absolute   Percent  Combi-     Noncombi-  Black-
                                  Total      Total    national   national   boxes   Design
--------------------------------  ---------  -------  ---------  ---------  ------  ---------
array_fix_bw_mul                  1696.6653    100.0  1696.6653     0.0000  0.0000  array_fix_bw_mul
--------------------------------  ---------  -------  ---------  ---------  ------  ---------
Total                                                 1696.6653     0.0000  0.0000

1
