 
****************************************
Report : area
Design : vbw_cla_bsln
Version: K-2015.06-SP4
Date   : Sun Apr 23 19:50:33 2017
****************************************

Library(s) Used:

    saed32rvt_tt1p05v25c (File: /usr/local/packages/synopsys_2015/SAED32_EDK/lib/stdcell_rvt/db_nldm/saed32rvt_tt1p05v25c.db)

Number of ports:                         3040
Number of nets:                          4200
Number of cells:                         1792
Number of combinational cells:           1400
Number of sequential cells:               112
Number of macros/black boxes:               0
Number of buf/inv:                          8
Number of references:                      19

Combinational area:               3426.115402
Buf/Inv area:                       14.994497
Noncombinational area:               0.000000
Macro/Black Box area:                0.000000
Net Interconnect area:             538.064154

Total cell area:                  3426.115402
Total area:                       3964.179555

Hierarchical area distribution
------------------------------

                                  Global cell area          Local cell area
                                  ------------------  ---------------------------- 
Hierarchical cell                 Absolute   Percent  Combi-     Noncombi-  Black-
                                  Total      Total    national   national   boxes   Design
--------------------------------  ---------  -------  ---------  ---------  ------  -------------------
vbw_cla_bsln                      3426.1154    100.0   565.9787     0.0000  0.0000  vbw_cla_bsln
add16_1                            217.5473      6.3     0.0000     0.0000  0.0000  cla_adder_WIDTH16_0
add16_1/genblk1_layer1_0_           12.1989      0.4    12.1989     0.0000  0.0000  LA4_56
add16_1/genblk1_layer1_1_           26.9393      0.8    26.9393     0.0000  0.0000  LA4_57
add16_1/genblk1_layer1_2_           26.9393      0.8    26.9393     0.0000  0.0000  LA4_58
add16_1/genblk1_layer1_3_           12.1989      0.4    12.1989     0.0000  0.0000  LA4_59
add16_1/genblk1_layer2               8.1326      0.2     8.1326     0.0000  0.0000  LA4_55
add16_1/mfa_inst_0_                  5.3370      0.2     5.3370     0.0000  0.0000  MFA_168
add16_1/mfa_inst_10_                 8.6409      0.3     8.6409     0.0000  0.0000  MFA_178
add16_1/mfa_inst_11_                 8.6409      0.3     8.6409     0.0000  0.0000  MFA_179
add16_1/mfa_inst_12_                 8.6409      0.3     8.6409     0.0000  0.0000  MFA_180
add16_1/mfa_inst_13_                 8.6409      0.3     8.6409     0.0000  0.0000  MFA_181
add16_1/mfa_inst_14_                 8.6409      0.3     8.6409     0.0000  0.0000  MFA_182
add16_1/mfa_inst_15_                 4.8287      0.1     4.8287     0.0000  0.0000  MFA_183
add16_1/mfa_inst_1_                  8.6409      0.3     8.6409     0.0000  0.0000  MFA_169
add16_1/mfa_inst_2_                  8.6409      0.3     8.6409     0.0000  0.0000  MFA_170
add16_1/mfa_inst_3_                  8.6409      0.3     8.6409     0.0000  0.0000  MFA_171
add16_1/mfa_inst_4_                  8.6409      0.3     8.6409     0.0000  0.0000  MFA_172
add16_1/mfa_inst_5_                  8.6409      0.3     8.6409     0.0000  0.0000  MFA_173
add16_1/mfa_inst_6_                  8.6409      0.3     8.6409     0.0000  0.0000  MFA_174
add16_1/mfa_inst_7_                  8.6409      0.3     8.6409     0.0000  0.0000  MFA_175
add16_1/mfa_inst_8_                  8.6409      0.3     8.6409     0.0000  0.0000  MFA_176
add16_1/mfa_inst_9_                  8.6409      0.3     8.6409     0.0000  0.0000  MFA_177
add16_2                            217.5473      6.3     0.0000     0.0000  0.0000  cla_adder_WIDTH16_1
add16_2/genblk1_layer1_0_           12.1989      0.4    12.1989     0.0000  0.0000  LA4_61
add16_2/genblk1_layer1_1_           26.9393      0.8    26.9393     0.0000  0.0000  LA4_62
add16_2/genblk1_layer1_2_           26.9393      0.8    26.9393     0.0000  0.0000  LA4_63
add16_2/genblk1_layer1_3_           12.1989      0.4    12.1989     0.0000  0.0000  LA4_64
add16_2/genblk1_layer2               8.1326      0.2     8.1326     0.0000  0.0000  LA4_60
add16_2/mfa_inst_0_                  5.3370      0.2     5.3370     0.0000  0.0000  MFA_184
add16_2/mfa_inst_10_                 8.6409      0.3     8.6409     0.0000  0.0000  MFA_194
add16_2/mfa_inst_11_                 8.6409      0.3     8.6409     0.0000  0.0000  MFA_195
add16_2/mfa_inst_12_                 8.6409      0.3     8.6409     0.0000  0.0000  MFA_196
add16_2/mfa_inst_13_                 8.6409      0.3     8.6409     0.0000  0.0000  MFA_197
add16_2/mfa_inst_14_                 8.6409      0.3     8.6409     0.0000  0.0000  MFA_198
add16_2/mfa_inst_15_                 4.8287      0.1     4.8287     0.0000  0.0000  MFA_199
add16_2/mfa_inst_1_                  8.6409      0.3     8.6409     0.0000  0.0000  MFA_185
add16_2/mfa_inst_2_                  8.6409      0.3     8.6409     0.0000  0.0000  MFA_186
add16_2/mfa_inst_3_                  8.6409      0.3     8.6409     0.0000  0.0000  MFA_187
add16_2/mfa_inst_4_                  8.6409      0.3     8.6409     0.0000  0.0000  MFA_188
add16_2/mfa_inst_5_                  8.6409      0.3     8.6409     0.0000  0.0000  MFA_189
add16_2/mfa_inst_6_                  8.6409      0.3     8.6409     0.0000  0.0000  MFA_190
add16_2/mfa_inst_7_                  8.6409      0.3     8.6409     0.0000  0.0000  MFA_191
add16_2/mfa_inst_8_                  8.6409      0.3     8.6409     0.0000  0.0000  MFA_192
add16_2/mfa_inst_9_                  8.6409      0.3     8.6409     0.0000  0.0000  MFA_193
add16_3                            217.5473      6.3     0.0000     0.0000  0.0000  cla_adder_WIDTH16_2
add16_3/genblk1_layer1_0_           12.1989      0.4    12.1989     0.0000  0.0000  LA4_2
add16_3/genblk1_layer1_1_           26.9393      0.8    26.9393     0.0000  0.0000  LA4_3
add16_3/genblk1_layer1_2_           26.9393      0.8    26.9393     0.0000  0.0000  LA4_4
add16_3/genblk1_layer1_3_           12.1989      0.4    12.1989     0.0000  0.0000  LA4_5
add16_3/genblk1_layer2               8.1326      0.2     8.1326     0.0000  0.0000  LA4_65
add16_3/mfa_inst_0_                  5.3370      0.2     5.3370     0.0000  0.0000  MFA_8
add16_3/mfa_inst_10_                 8.6409      0.3     8.6409     0.0000  0.0000  MFA_18
add16_3/mfa_inst_11_                 8.6409      0.3     8.6409     0.0000  0.0000  MFA_19
add16_3/mfa_inst_12_                 8.6409      0.3     8.6409     0.0000  0.0000  MFA_20
add16_3/mfa_inst_13_                 8.6409      0.3     8.6409     0.0000  0.0000  MFA_21
add16_3/mfa_inst_14_                 8.6409      0.3     8.6409     0.0000  0.0000  MFA_22
add16_3/mfa_inst_15_                 4.8287      0.1     4.8287     0.0000  0.0000  MFA_23
add16_3/mfa_inst_1_                  8.6409      0.3     8.6409     0.0000  0.0000  MFA_9
add16_3/mfa_inst_2_                  8.6409      0.3     8.6409     0.0000  0.0000  MFA_10
add16_3/mfa_inst_3_                  8.6409      0.3     8.6409     0.0000  0.0000  MFA_11
add16_3/mfa_inst_4_                  8.6409      0.3     8.6409     0.0000  0.0000  MFA_12
add16_3/mfa_inst_5_                  8.6409      0.3     8.6409     0.0000  0.0000  MFA_13
add16_3/mfa_inst_6_                  8.6409      0.3     8.6409     0.0000  0.0000  MFA_14
add16_3/mfa_inst_7_                  8.6409      0.3     8.6409     0.0000  0.0000  MFA_15
add16_3/mfa_inst_8_                  8.6409      0.3     8.6409     0.0000  0.0000  MFA_16
add16_3/mfa_inst_9_                  8.6409      0.3     8.6409     0.0000  0.0000  MFA_17
add32_1                            479.8239     14.0     0.0000     0.0000  0.0000  cla_adder_WIDTH32
add32_1/genblk1_layer1_0_           12.1989      0.4    12.1989     0.0000  0.0000  LA4_8
add32_1/genblk1_layer1_1_           26.9393      0.8    26.9393     0.0000  0.0000  LA4_9
add32_1/genblk1_layer1_2_           26.9393      0.8    26.9393     0.0000  0.0000  LA4_10
add32_1/genblk1_layer1_3_           26.9393      0.8    26.9393     0.0000  0.0000  LA4_11
add32_1/genblk1_layer1_4_           26.9393      0.8    26.9393     0.0000  0.0000  LA4_12
add32_1/genblk1_layer1_5_           26.9393      0.8    26.9393     0.0000  0.0000  LA4_13
add32_1/genblk1_layer1_6_           26.9393      0.8    26.9393     0.0000  0.0000  LA4_14
add32_1/genblk1_layer1_7_           12.1989      0.4    12.1989     0.0000  0.0000  LA4_15
add32_1/genblk1_layer2_0_           12.1989      0.4    12.1989     0.0000  0.0000  LA4_6
add32_1/genblk1_layer2_1_           12.1989      0.4    12.1989     0.0000  0.0000  LA4_7
add32_1/genblk1_layer3               0.0000      0.0     0.0000     0.0000  0.0000  LA4_66
add32_1/mfa_inst_0_                  5.3370      0.2     5.3370     0.0000  0.0000  MFA_24
add32_1/mfa_inst_10_                 8.6409      0.3     8.6409     0.0000  0.0000  MFA_34
add32_1/mfa_inst_11_                 8.6409      0.3     8.6409     0.0000  0.0000  MFA_35
add32_1/mfa_inst_12_                 8.6409      0.3     8.6409     0.0000  0.0000  MFA_36
add32_1/mfa_inst_13_                 8.6409      0.3     8.6409     0.0000  0.0000  MFA_37
add32_1/mfa_inst_14_                 8.6409      0.3     8.6409     0.0000  0.0000  MFA_38
add32_1/mfa_inst_15_                 8.6409      0.3     8.6409     0.0000  0.0000  MFA_39
add32_1/mfa_inst_16_                 8.6409      0.3     8.6409     0.0000  0.0000  MFA_40
add32_1/mfa_inst_17_                 8.6409      0.3     8.6409     0.0000  0.0000  MFA_41
add32_1/mfa_inst_18_                 8.6409      0.3     8.6409     0.0000  0.0000  MFA_42
add32_1/mfa_inst_19_                 8.6409      0.3     8.6409     0.0000  0.0000  MFA_43
add32_1/mfa_inst_1_                  8.6409      0.3     8.6409     0.0000  0.0000  MFA_25
add32_1/mfa_inst_20_                 8.6409      0.3     8.6409     0.0000  0.0000  MFA_44
add32_1/mfa_inst_21_                 8.6409      0.3     8.6409     0.0000  0.0000  MFA_45
add32_1/mfa_inst_22_                 8.6409      0.3     8.6409     0.0000  0.0000  MFA_46
add32_1/mfa_inst_23_                 8.6409      0.3     8.6409     0.0000  0.0000  MFA_47
add32_1/mfa_inst_24_                 8.6409      0.3     8.6409     0.0000  0.0000  MFA_48
add32_1/mfa_inst_25_                 8.6409      0.3     8.6409     0.0000  0.0000  MFA_49
add32_1/mfa_inst_26_                 8.6409      0.3     8.6409     0.0000  0.0000  MFA_50
add32_1/mfa_inst_27_                 8.6409      0.3     8.6409     0.0000  0.0000  MFA_51
add32_1/mfa_inst_28_                 8.6409      0.3     8.6409     0.0000  0.0000  MFA_52
add32_1/mfa_inst_29_                 8.6409      0.3     8.6409     0.0000  0.0000  MFA_53
add32_1/mfa_inst_2_                  8.6409      0.3     8.6409     0.0000  0.0000  MFA_26
add32_1/mfa_inst_30_                 8.6409      0.3     8.6409     0.0000  0.0000  MFA_54
add32_1/mfa_inst_31_                 4.8287      0.1     4.8287     0.0000  0.0000  MFA_55
add32_1/mfa_inst_3_                  8.6409      0.3     8.6409     0.0000  0.0000  MFA_27
add32_1/mfa_inst_4_                  8.6409      0.3     8.6409     0.0000  0.0000  MFA_28
add32_1/mfa_inst_5_                  8.6409      0.3     8.6409     0.0000  0.0000  MFA_29
add32_1/mfa_inst_6_                  8.6409      0.3     8.6409     0.0000  0.0000  MFA_30
add32_1/mfa_inst_7_                  8.6409      0.3     8.6409     0.0000  0.0000  MFA_31
add32_1/mfa_inst_8_                  8.6409      0.3     8.6409     0.0000  0.0000  MFA_32
add32_1/mfa_inst_9_                  8.6409      0.3     8.6409     0.0000  0.0000  MFA_33
add64                             1122.8082     32.8     4.0663     0.0000  0.0000  cla_adder_WIDTH64
add64/genblk1_layer1_0_             26.9393      0.8    26.9393     0.0000  0.0000  LA4_20
add64/genblk1_layer1_10_            26.9393      0.8    26.9393     0.0000  0.0000  LA4_30
add64/genblk1_layer1_11_            26.9393      0.8    26.9393     0.0000  0.0000  LA4_31
add64/genblk1_layer1_12_            26.9393      0.8    26.9393     0.0000  0.0000  LA4_32
add64/genblk1_layer1_13_            26.9393      0.8    26.9393     0.0000  0.0000  LA4_33
add64/genblk1_layer1_14_            26.9393      0.8    26.9393     0.0000  0.0000  LA4_34
add64/genblk1_layer1_15_            26.9393      0.8    26.9393     0.0000  0.0000  LA4_35
add64/genblk1_layer1_1_             26.9393      0.8    26.9393     0.0000  0.0000  LA4_21
add64/genblk1_layer1_2_             26.9393      0.8    26.9393     0.0000  0.0000  LA4_22
add64/genblk1_layer1_3_             26.9393      0.8    26.9393     0.0000  0.0000  LA4_23
add64/genblk1_layer1_4_             26.9393      0.8    26.9393     0.0000  0.0000  LA4_24
add64/genblk1_layer1_5_             26.9393      0.8    26.9393     0.0000  0.0000  LA4_25
add64/genblk1_layer1_6_             26.9393      0.8    26.9393     0.0000  0.0000  LA4_26
add64/genblk1_layer1_7_             26.9393      0.8    26.9393     0.0000  0.0000  LA4_27
add64/genblk1_layer1_8_             26.9393      0.8    26.9393     0.0000  0.0000  LA4_28
add64/genblk1_layer1_9_             26.9393      0.8    26.9393     0.0000  0.0000  LA4_29
add64/genblk1_layer2_0_             26.9393      0.8    26.9393     0.0000  0.0000  LA4_16
add64/genblk1_layer2_1_             26.9393      0.8    26.9393     0.0000  0.0000  LA4_17
add64/genblk1_layer2_2_             26.9393      0.8    26.9393     0.0000  0.0000  LA4_18
add64/genblk1_layer2_3_             26.9393      0.8    26.9393     0.0000  0.0000  LA4_19
add64/genblk1_layer3                26.9393      0.8    26.9393     0.0000  0.0000  LA4_67
add64/mfa_inst_0_                    8.6409      0.3     8.6409     0.0000  0.0000  MFA_56
add64/mfa_inst_10_                   8.6409      0.3     8.6409     0.0000  0.0000  MFA_66
add64/mfa_inst_11_                   8.6409      0.3     8.6409     0.0000  0.0000  MFA_67
add64/mfa_inst_12_                   8.6409      0.3     8.6409     0.0000  0.0000  MFA_68
add64/mfa_inst_13_                   8.6409      0.3     8.6409     0.0000  0.0000  MFA_69
add64/mfa_inst_14_                   8.6409      0.3     8.6409     0.0000  0.0000  MFA_70
add64/mfa_inst_15_                   8.6409      0.3     8.6409     0.0000  0.0000  MFA_71
add64/mfa_inst_16_                   8.6409      0.3     8.6409     0.0000  0.0000  MFA_72
add64/mfa_inst_17_                   8.6409      0.3     8.6409     0.0000  0.0000  MFA_73
add64/mfa_inst_18_                   8.6409      0.3     8.6409     0.0000  0.0000  MFA_74
add64/mfa_inst_19_                   8.6409      0.3     8.6409     0.0000  0.0000  MFA_75
add64/mfa_inst_1_                    8.6409      0.3     8.6409     0.0000  0.0000  MFA_57
add64/mfa_inst_20_                   8.6409      0.3     8.6409     0.0000  0.0000  MFA_76
add64/mfa_inst_21_                   8.6409      0.3     8.6409     0.0000  0.0000  MFA_77
add64/mfa_inst_22_                   8.6409      0.3     8.6409     0.0000  0.0000  MFA_78
add64/mfa_inst_23_                   8.6409      0.3     8.6409     0.0000  0.0000  MFA_79
add64/mfa_inst_24_                   8.6409      0.3     8.6409     0.0000  0.0000  MFA_80
add64/mfa_inst_25_                   8.6409      0.3     8.6409     0.0000  0.0000  MFA_81
add64/mfa_inst_26_                   8.6409      0.3     8.6409     0.0000  0.0000  MFA_82
add64/mfa_inst_27_                   8.6409      0.3     8.6409     0.0000  0.0000  MFA_83
add64/mfa_inst_28_                   8.6409      0.3     8.6409     0.0000  0.0000  MFA_84
add64/mfa_inst_29_                   8.6409      0.3     8.6409     0.0000  0.0000  MFA_85
add64/mfa_inst_2_                    8.6409      0.3     8.6409     0.0000  0.0000  MFA_58
add64/mfa_inst_30_                   8.6409      0.3     8.6409     0.0000  0.0000  MFA_86
add64/mfa_inst_31_                   8.6409      0.3     8.6409     0.0000  0.0000  MFA_87
add64/mfa_inst_32_                   8.6409      0.3     8.6409     0.0000  0.0000  MFA_88
add64/mfa_inst_33_                   8.6409      0.3     8.6409     0.0000  0.0000  MFA_89
add64/mfa_inst_34_                   8.6409      0.3     8.6409     0.0000  0.0000  MFA_90
add64/mfa_inst_35_                   8.6409      0.3     8.6409     0.0000  0.0000  MFA_91
add64/mfa_inst_36_                   8.6409      0.3     8.6409     0.0000  0.0000  MFA_92
add64/mfa_inst_37_                   8.6409      0.3     8.6409     0.0000  0.0000  MFA_93
add64/mfa_inst_38_                   8.6409      0.3     8.6409     0.0000  0.0000  MFA_94
add64/mfa_inst_39_                   8.6409      0.3     8.6409     0.0000  0.0000  MFA_95
add64/mfa_inst_3_                    8.6409      0.3     8.6409     0.0000  0.0000  MFA_59
add64/mfa_inst_40_                   8.6409      0.3     8.6409     0.0000  0.0000  MFA_96
add64/mfa_inst_41_                   8.6409      0.3     8.6409     0.0000  0.0000  MFA_97
add64/mfa_inst_42_                   8.6409      0.3     8.6409     0.0000  0.0000  MFA_98
add64/mfa_inst_43_                   8.6409      0.3     8.6409     0.0000  0.0000  MFA_99
add64/mfa_inst_44_                   8.6409      0.3     8.6409     0.0000  0.0000  MFA_100
add64/mfa_inst_45_                   8.6409      0.3     8.6409     0.0000  0.0000  MFA_101
add64/mfa_inst_46_                   8.6409      0.3     8.6409     0.0000  0.0000  MFA_102
add64/mfa_inst_47_                   8.6409      0.3     8.6409     0.0000  0.0000  MFA_103
add64/mfa_inst_48_                   8.6409      0.3     8.6409     0.0000  0.0000  MFA_104
add64/mfa_inst_49_                   8.6409      0.3     8.6409     0.0000  0.0000  MFA_105
add64/mfa_inst_4_                    8.6409      0.3     8.6409     0.0000  0.0000  MFA_60
add64/mfa_inst_50_                   8.6409      0.3     8.6409     0.0000  0.0000  MFA_106
add64/mfa_inst_51_                   8.6409      0.3     8.6409     0.0000  0.0000  MFA_107
add64/mfa_inst_52_                   8.6409      0.3     8.6409     0.0000  0.0000  MFA_108
add64/mfa_inst_53_                   8.6409      0.3     8.6409     0.0000  0.0000  MFA_109
add64/mfa_inst_54_                   8.6409      0.3     8.6409     0.0000  0.0000  MFA_110
add64/mfa_inst_55_                   8.6409      0.3     8.6409     0.0000  0.0000  MFA_111
add64/mfa_inst_56_                   8.6409      0.3     8.6409     0.0000  0.0000  MFA_112
add64/mfa_inst_57_                   8.6409      0.3     8.6409     0.0000  0.0000  MFA_113
add64/mfa_inst_58_                   8.6409      0.3     8.6409     0.0000  0.0000  MFA_114
add64/mfa_inst_59_                   8.6409      0.3     8.6409     0.0000  0.0000  MFA_115
add64/mfa_inst_5_                    8.6409      0.3     8.6409     0.0000  0.0000  MFA_61
add64/mfa_inst_60_                   8.6409      0.3     8.6409     0.0000  0.0000  MFA_116
add64/mfa_inst_61_                   8.6409      0.3     8.6409     0.0000  0.0000  MFA_117
add64/mfa_inst_62_                   8.6409      0.3     8.6409     0.0000  0.0000  MFA_118
add64/mfa_inst_63_                   8.6409      0.3     8.6409     0.0000  0.0000  MFA_119
add64/mfa_inst_6_                    8.6409      0.3     8.6409     0.0000  0.0000  MFA_62
add64/mfa_inst_7_                    8.6409      0.3     8.6409     0.0000  0.0000  MFA_63
add64/mfa_inst_8_                    8.6409      0.3     8.6409     0.0000  0.0000  MFA_64
add64/mfa_inst_9_                    8.6409      0.3     8.6409     0.0000  0.0000  MFA_65
add8_1                              86.4090      2.5     0.0000     0.0000  0.0000  cla_adder_WIDTH8_0
add8_1/genblk1_layer1_0_            12.1989      0.4    12.1989     0.0000  0.0000  LA4_37
add8_1/genblk1_layer1_1_            12.1989      0.4    12.1989     0.0000  0.0000  LA4_38
add8_1/genblk1_layer2                0.0000      0.0     0.0000     0.0000  0.0000  LA4_36
add8_1/mfa_inst_0_                   5.3370      0.2     5.3370     0.0000  0.0000  MFA_120
add8_1/mfa_inst_1_                   8.6409      0.3     8.6409     0.0000  0.0000  MFA_121
add8_1/mfa_inst_2_                   8.6409      0.3     8.6409     0.0000  0.0000  MFA_122
add8_1/mfa_inst_3_                   8.6409      0.3     8.6409     0.0000  0.0000  MFA_123
add8_1/mfa_inst_4_                   8.6409      0.3     8.6409     0.0000  0.0000  MFA_124
add8_1/mfa_inst_5_                   8.6409      0.3     8.6409     0.0000  0.0000  MFA_125
add8_1/mfa_inst_6_                   8.6409      0.3     8.6409     0.0000  0.0000  MFA_126
add8_1/mfa_inst_7_                   4.8287      0.1     4.8287     0.0000  0.0000  MFA_127
add8_2                              86.4090      2.5     0.0000     0.0000  0.0000  cla_adder_WIDTH8_1
add8_2/genblk1_layer1_0_            12.1989      0.4    12.1989     0.0000  0.0000  LA4_40
add8_2/genblk1_layer1_1_            12.1989      0.4    12.1989     0.0000  0.0000  LA4_41
add8_2/genblk1_layer2                0.0000      0.0     0.0000     0.0000  0.0000  LA4_39
add8_2/mfa_inst_0_                   5.3370      0.2     5.3370     0.0000  0.0000  MFA_128
add8_2/mfa_inst_1_                   8.6409      0.3     8.6409     0.0000  0.0000  MFA_129
add8_2/mfa_inst_2_                   8.6409      0.3     8.6409     0.0000  0.0000  MFA_130
add8_2/mfa_inst_3_                   8.6409      0.3     8.6409     0.0000  0.0000  MFA_131
add8_2/mfa_inst_4_                   8.6409      0.3     8.6409     0.0000  0.0000  MFA_132
add8_2/mfa_inst_5_                   8.6409      0.3     8.6409     0.0000  0.0000  MFA_133
add8_2/mfa_inst_6_                   8.6409      0.3     8.6409     0.0000  0.0000  MFA_134
add8_2/mfa_inst_7_                   4.8287      0.1     4.8287     0.0000  0.0000  MFA_135
add8_3                              86.4090      2.5     0.0000     0.0000  0.0000  cla_adder_WIDTH8_2
add8_3/genblk1_layer1_0_            12.1989      0.4    12.1989     0.0000  0.0000  LA4_43
add8_3/genblk1_layer1_1_            12.1989      0.4    12.1989     0.0000  0.0000  LA4_44
add8_3/genblk1_layer2                0.0000      0.0     0.0000     0.0000  0.0000  LA4_42
add8_3/mfa_inst_0_                   5.3370      0.2     5.3370     0.0000  0.0000  MFA_136
add8_3/mfa_inst_1_                   8.6409      0.3     8.6409     0.0000  0.0000  MFA_137
add8_3/mfa_inst_2_                   8.6409      0.3     8.6409     0.0000  0.0000  MFA_138
add8_3/mfa_inst_3_                   8.6409      0.3     8.6409     0.0000  0.0000  MFA_139
add8_3/mfa_inst_4_                   8.6409      0.3     8.6409     0.0000  0.0000  MFA_140
add8_3/mfa_inst_5_                   8.6409      0.3     8.6409     0.0000  0.0000  MFA_141
add8_3/mfa_inst_6_                   8.6409      0.3     8.6409     0.0000  0.0000  MFA_142
add8_3/mfa_inst_7_                   4.8287      0.1     4.8287     0.0000  0.0000  MFA_143
add8_4                              86.4090      2.5     0.0000     0.0000  0.0000  cla_adder_WIDTH8_3
add8_4/genblk1_layer1_0_            12.1989      0.4    12.1989     0.0000  0.0000  LA4_46
add8_4/genblk1_layer1_1_            12.1989      0.4    12.1989     0.0000  0.0000  LA4_47
add8_4/genblk1_layer2                0.0000      0.0     0.0000     0.0000  0.0000  LA4_45
add8_4/mfa_inst_0_                   5.3370      0.2     5.3370     0.0000  0.0000  MFA_144
add8_4/mfa_inst_1_                   8.6409      0.3     8.6409     0.0000  0.0000  MFA_145
add8_4/mfa_inst_2_                   8.6409      0.3     8.6409     0.0000  0.0000  MFA_146
add8_4/mfa_inst_3_                   8.6409      0.3     8.6409     0.0000  0.0000  MFA_147
add8_4/mfa_inst_4_                   8.6409      0.3     8.6409     0.0000  0.0000  MFA_148
add8_4/mfa_inst_5_                   8.6409      0.3     8.6409     0.0000  0.0000  MFA_149
add8_4/mfa_inst_6_                   8.6409      0.3     8.6409     0.0000  0.0000  MFA_150
add8_4/mfa_inst_7_                   4.8287      0.1     4.8287     0.0000  0.0000  MFA_151
add8_5                              86.4090      2.5     0.0000     0.0000  0.0000  cla_adder_WIDTH8_4
add8_5/genblk1_layer1_0_            12.1989      0.4    12.1989     0.0000  0.0000  LA4_49
add8_5/genblk1_layer1_1_            12.1989      0.4    12.1989     0.0000  0.0000  LA4_50
add8_5/genblk1_layer2                0.0000      0.0     0.0000     0.0000  0.0000  LA4_48
add8_5/mfa_inst_0_                   5.3370      0.2     5.3370     0.0000  0.0000  MFA_152
add8_5/mfa_inst_1_                   8.6409      0.3     8.6409     0.0000  0.0000  MFA_153
add8_5/mfa_inst_2_                   8.6409      0.3     8.6409     0.0000  0.0000  MFA_154
add8_5/mfa_inst_3_                   8.6409      0.3     8.6409     0.0000  0.0000  MFA_155
add8_5/mfa_inst_4_                   8.6409      0.3     8.6409     0.0000  0.0000  MFA_156
add8_5/mfa_inst_5_                   8.6409      0.3     8.6409     0.0000  0.0000  MFA_157
add8_5/mfa_inst_6_                   8.6409      0.3     8.6409     0.0000  0.0000  MFA_158
add8_5/mfa_inst_7_                   4.8287      0.1     4.8287     0.0000  0.0000  MFA_159
add8_6                              86.4090      2.5     0.0000     0.0000  0.0000  cla_adder_WIDTH8_5
add8_6/genblk1_layer1_0_            12.1989      0.4    12.1989     0.0000  0.0000  LA4_52
add8_6/genblk1_layer1_1_            12.1989      0.4    12.1989     0.0000  0.0000  LA4_53
add8_6/genblk1_layer2                0.0000      0.0     0.0000     0.0000  0.0000  LA4_51
add8_6/mfa_inst_0_                   5.3370      0.2     5.3370     0.0000  0.0000  MFA_160
add8_6/mfa_inst_1_                   8.6409      0.3     8.6409     0.0000  0.0000  MFA_161
add8_6/mfa_inst_2_                   8.6409      0.3     8.6409     0.0000  0.0000  MFA_162
add8_6/mfa_inst_3_                   8.6409      0.3     8.6409     0.0000  0.0000  MFA_163
add8_6/mfa_inst_4_                   8.6409      0.3     8.6409     0.0000  0.0000  MFA_164
add8_6/mfa_inst_5_                   8.6409      0.3     8.6409     0.0000  0.0000  MFA_165
add8_6/mfa_inst_6_                   8.6409      0.3     8.6409     0.0000  0.0000  MFA_166
add8_6/mfa_inst_7_                   4.8287      0.1     4.8287     0.0000  0.0000  MFA_167
add8_7                              86.4090      2.5     0.0000     0.0000  0.0000  cla_adder_WIDTH8_6
add8_7/genblk1_layer1_0_            12.1989      0.4    12.1989     0.0000  0.0000  LA4_0
add8_7/genblk1_layer1_1_            12.1989      0.4    12.1989     0.0000  0.0000  LA4_1
add8_7/genblk1_layer2                0.0000      0.0     0.0000     0.0000  0.0000  LA4_54
add8_7/mfa_inst_0_                   5.3370      0.2     5.3370     0.0000  0.0000  MFA_0
add8_7/mfa_inst_1_                   8.6409      0.3     8.6409     0.0000  0.0000  MFA_1
add8_7/mfa_inst_2_                   8.6409      0.3     8.6409     0.0000  0.0000  MFA_2
add8_7/mfa_inst_3_                   8.6409      0.3     8.6409     0.0000  0.0000  MFA_3
add8_7/mfa_inst_4_                   8.6409      0.3     8.6409     0.0000  0.0000  MFA_4
add8_7/mfa_inst_5_                   8.6409      0.3     8.6409     0.0000  0.0000  MFA_5
add8_7/mfa_inst_6_                   8.6409      0.3     8.6409     0.0000  0.0000  MFA_6
add8_7/mfa_inst_7_                   4.8287      0.1     4.8287     0.0000  0.0000  MFA_7
--------------------------------  ---------  -------  ---------  ---------  ------  -------------------
Total                                                 3426.1154     0.0000  0.0000

1
