Information: Updating design information... (UID-85)
 
****************************************
Report : qor
Design : vbw_cla_bsln
Version: K-2015.06-SP4
Date   : Wed Apr 26 19:35:09 2017
****************************************


  Timing Path Group (none)
  -----------------------------------
  Levels of Logic:              37.00
  Critical Path Length:          1.75
  Critical Path Slack:         uninit
  Critical Path Clk Period:       n/a
  Total Negative Slack:          0.00
  No. of Violating Paths:        0.00
  Worst Hold Violation:          0.00
  Total Hold Violation:          0.00
  No. of Hold Violations:        0.00
  -----------------------------------


  Cell Count
  -----------------------------------
  Hierarchical Cell Count:        222
  Hierarchical Port Count:       2236
  Leaf Cell Count:               2020
  Buf/Inv Cell Count:             259
  Buf Cell Count:                   2
  Inv Cell Count:                 257
  CT Buf/Inv Cell Count:            0
  Combinational Cell Count:      2020
  Sequential Cell Count:            0
  Macro Count:                      0
  -----------------------------------


  Area
  -----------------------------------
  Combinational Area:         3688.14
  Noncombinational Area:         0.00
  Buf/Inv Area:                330.90
  Total Buffer Area:             4.07
  Total Inverter Area:         326.83
  Macro/Black Box Area:          0.00
  Net Area:                    616.64
  -----------------------------------
  Cell Area:                  3688.14
  Design Area:                4304.77


  Design Rules
  -----------------------------------
  Total Number of Nets:          2219
  Nets With Violations:             0
  Max Trans Violations:             0
  Max Cap Violations:               0
  -----------------------------------


  Hostname: wario

  Compile CPU Statistics
  -----------------------------------------
  Resource Sharing:                    0.11
  Logic Optimization:                  0.16
  Mapping Optimization:                1.47
  -----------------------------------------
  Overall Compile Time:                8.30
  Overall Compile Wall Clock Time:    10.07

  --------------------------------------------------------------------

  Design  WNS: 0.00  TNS: 0.00  Number of Violating Paths: 0


  Design (Hold)  WNS: 0.00  TNS: 0.00  Number of Violating Paths: 0

  --------------------------------------------------------------------


1
