vbw_cla_bsln net *Logic0* n_Logic0_
cla_adder_WIDTH64 cell mfa_inst[0] mfa_inst_0_
cla_adder_WIDTH64 cell mfa_inst[1] mfa_inst_1_
cla_adder_WIDTH64 cell mfa_inst[2] mfa_inst_2_
cla_adder_WIDTH64 cell mfa_inst[3] mfa_inst_3_
cla_adder_WIDTH64 cell mfa_inst[4] mfa_inst_4_
cla_adder_WIDTH64 cell mfa_inst[5] mfa_inst_5_
cla_adder_WIDTH64 cell mfa_inst[6] mfa_inst_6_
cla_adder_WIDTH64 cell mfa_inst[7] mfa_inst_7_
cla_adder_WIDTH64 cell mfa_inst[8] mfa_inst_8_
cla_adder_WIDTH64 cell mfa_inst[9] mfa_inst_9_
cla_adder_WIDTH64 cell mfa_inst[10] mfa_inst_10_
cla_adder_WIDTH64 cell mfa_inst[11] mfa_inst_11_
cla_adder_WIDTH64 cell mfa_inst[12] mfa_inst_12_
cla_adder_WIDTH64 cell mfa_inst[13] mfa_inst_13_
cla_adder_WIDTH64 cell mfa_inst[14] mfa_inst_14_
cla_adder_WIDTH64 cell mfa_inst[15] mfa_inst_15_
cla_adder_WIDTH64 cell mfa_inst[16] mfa_inst_16_
cla_adder_WIDTH64 cell mfa_inst[17] mfa_inst_17_
cla_adder_WIDTH64 cell mfa_inst[18] mfa_inst_18_
cla_adder_WIDTH64 cell mfa_inst[19] mfa_inst_19_
cla_adder_WIDTH64 cell mfa_inst[20] mfa_inst_20_
cla_adder_WIDTH64 cell mfa_inst[21] mfa_inst_21_
cla_adder_WIDTH64 cell mfa_inst[22] mfa_inst_22_
cla_adder_WIDTH64 cell mfa_inst[23] mfa_inst_23_
cla_adder_WIDTH64 cell mfa_inst[24] mfa_inst_24_
cla_adder_WIDTH64 cell mfa_inst[25] mfa_inst_25_
cla_adder_WIDTH64 cell mfa_inst[26] mfa_inst_26_
cla_adder_WIDTH64 cell mfa_inst[27] mfa_inst_27_
cla_adder_WIDTH64 cell mfa_inst[28] mfa_inst_28_
cla_adder_WIDTH64 cell mfa_inst[29] mfa_inst_29_
cla_adder_WIDTH64 cell mfa_inst[30] mfa_inst_30_
cla_adder_WIDTH64 cell mfa_inst[31] mfa_inst_31_
cla_adder_WIDTH64 cell mfa_inst[32] mfa_inst_32_
cla_adder_WIDTH64 cell mfa_inst[33] mfa_inst_33_
cla_adder_WIDTH64 cell mfa_inst[34] mfa_inst_34_
cla_adder_WIDTH64 cell mfa_inst[35] mfa_inst_35_
cla_adder_WIDTH64 cell mfa_inst[36] mfa_inst_36_
cla_adder_WIDTH64 cell mfa_inst[37] mfa_inst_37_
cla_adder_WIDTH64 cell mfa_inst[38] mfa_inst_38_
cla_adder_WIDTH64 cell mfa_inst[39] mfa_inst_39_
cla_adder_WIDTH64 cell mfa_inst[40] mfa_inst_40_
cla_adder_WIDTH64 cell mfa_inst[41] mfa_inst_41_
cla_adder_WIDTH64 cell mfa_inst[42] mfa_inst_42_
cla_adder_WIDTH64 cell mfa_inst[43] mfa_inst_43_
cla_adder_WIDTH64 cell mfa_inst[44] mfa_inst_44_
cla_adder_WIDTH64 cell mfa_inst[45] mfa_inst_45_
cla_adder_WIDTH64 cell mfa_inst[46] mfa_inst_46_
cla_adder_WIDTH64 cell mfa_inst[47] mfa_inst_47_
cla_adder_WIDTH64 cell mfa_inst[48] mfa_inst_48_
cla_adder_WIDTH64 cell mfa_inst[49] mfa_inst_49_
cla_adder_WIDTH64 cell mfa_inst[50] mfa_inst_50_
cla_adder_WIDTH64 cell mfa_inst[51] mfa_inst_51_
cla_adder_WIDTH64 cell mfa_inst[52] mfa_inst_52_
cla_adder_WIDTH64 cell mfa_inst[53] mfa_inst_53_
cla_adder_WIDTH64 cell mfa_inst[54] mfa_inst_54_
cla_adder_WIDTH64 cell mfa_inst[55] mfa_inst_55_
cla_adder_WIDTH64 cell mfa_inst[56] mfa_inst_56_
cla_adder_WIDTH64 cell mfa_inst[57] mfa_inst_57_
cla_adder_WIDTH64 cell mfa_inst[58] mfa_inst_58_
cla_adder_WIDTH64 cell mfa_inst[59] mfa_inst_59_
cla_adder_WIDTH64 cell mfa_inst[60] mfa_inst_60_
cla_adder_WIDTH64 cell mfa_inst[61] mfa_inst_61_
cla_adder_WIDTH64 cell mfa_inst[62] mfa_inst_62_
cla_adder_WIDTH64 cell mfa_inst[63] mfa_inst_63_
cla_adder_WIDTH64 cell genblk1.layer1[0] genblk1_layer1_0_
cla_adder_WIDTH64 cell genblk1.layer1[1] genblk1_layer1_1_
cla_adder_WIDTH64 cell genblk1.layer1[2] genblk1_layer1_2_
cla_adder_WIDTH64 cell genblk1.layer1[3] genblk1_layer1_3_
cla_adder_WIDTH64 cell genblk1.layer1[4] genblk1_layer1_4_
cla_adder_WIDTH64 cell genblk1.layer1[5] genblk1_layer1_5_
cla_adder_WIDTH64 cell genblk1.layer1[6] genblk1_layer1_6_
cla_adder_WIDTH64 cell genblk1.layer1[7] genblk1_layer1_7_
cla_adder_WIDTH64 cell genblk1.layer1[8] genblk1_layer1_8_
cla_adder_WIDTH64 cell genblk1.layer1[9] genblk1_layer1_9_
cla_adder_WIDTH64 cell genblk1.layer1[10] genblk1_layer1_10_
cla_adder_WIDTH64 cell genblk1.layer1[11] genblk1_layer1_11_
cla_adder_WIDTH64 cell genblk1.layer1[12] genblk1_layer1_12_
cla_adder_WIDTH64 cell genblk1.layer1[13] genblk1_layer1_13_
cla_adder_WIDTH64 cell genblk1.layer1[14] genblk1_layer1_14_
cla_adder_WIDTH64 cell genblk1.layer1[15] genblk1_layer1_15_
cla_adder_WIDTH64 cell genblk1.layer2[0] genblk1_layer2_0_
cla_adder_WIDTH64 cell genblk1.layer2[1] genblk1_layer2_1_
cla_adder_WIDTH64 cell genblk1.layer2[2] genblk1_layer2_2_
cla_adder_WIDTH64 cell genblk1.layer2[3] genblk1_layer2_3_
cla_adder_WIDTH64 cell genblk1.layer3 genblk1_layer3
cla_adder_WIDTH64 net genblk1.ci1 genblk1_ci1
cla_adder_WIDTH64 net genblk1.ci1[15] genblk1_ci1[15]
cla_adder_WIDTH64 net genblk1.ci1[14] genblk1_ci1[14]
cla_adder_WIDTH64 net genblk1.ci1[13] genblk1_ci1[13]
cla_adder_WIDTH64 net genblk1.ci1[12] genblk1_ci1[12]
cla_adder_WIDTH64 net genblk1.ci1[11] genblk1_ci1[11]
cla_adder_WIDTH64 net genblk1.ci1[10] genblk1_ci1[10]
cla_adder_WIDTH64 net genblk1.ci1[9] genblk1_ci1[9]
cla_adder_WIDTH64 net genblk1.ci1[8] genblk1_ci1[8]
cla_adder_WIDTH64 net genblk1.ci1[7] genblk1_ci1[7]
cla_adder_WIDTH64 net genblk1.ci1[6] genblk1_ci1[6]
cla_adder_WIDTH64 net genblk1.ci1[5] genblk1_ci1[5]
cla_adder_WIDTH64 net genblk1.ci1[4] genblk1_ci1[4]
cla_adder_WIDTH64 net genblk1.ci1[3] genblk1_ci1[3]
cla_adder_WIDTH64 net genblk1.ci1[2] genblk1_ci1[2]
cla_adder_WIDTH64 net genblk1.ci1[1] genblk1_ci1[1]
cla_adder_WIDTH64 net genblk1.ci1[0] genblk1_ci1[0]
cla_adder_WIDTH64 net genblk1.g1 genblk1_g1
cla_adder_WIDTH64 net genblk1.g1[15] genblk1_g1[15]
cla_adder_WIDTH64 net genblk1.g1[14] genblk1_g1[14]
cla_adder_WIDTH64 net genblk1.g1[13] genblk1_g1[13]
cla_adder_WIDTH64 net genblk1.g1[12] genblk1_g1[12]
cla_adder_WIDTH64 net genblk1.g1[11] genblk1_g1[11]
cla_adder_WIDTH64 net genblk1.g1[10] genblk1_g1[10]
cla_adder_WIDTH64 net genblk1.g1[9] genblk1_g1[9]
cla_adder_WIDTH64 net genblk1.g1[8] genblk1_g1[8]
cla_adder_WIDTH64 net genblk1.g1[7] genblk1_g1[7]
cla_adder_WIDTH64 net genblk1.g1[6] genblk1_g1[6]
cla_adder_WIDTH64 net genblk1.g1[5] genblk1_g1[5]
cla_adder_WIDTH64 net genblk1.g1[4] genblk1_g1[4]
cla_adder_WIDTH64 net genblk1.g1[3] genblk1_g1[3]
cla_adder_WIDTH64 net genblk1.g1[2] genblk1_g1[2]
cla_adder_WIDTH64 net genblk1.g1[1] genblk1_g1[1]
cla_adder_WIDTH64 net genblk1.g1[0] genblk1_g1[0]
cla_adder_WIDTH64 net genblk1.p1 genblk1_p1
cla_adder_WIDTH64 net genblk1.p1[15] genblk1_p1[15]
cla_adder_WIDTH64 net genblk1.p1[14] genblk1_p1[14]
cla_adder_WIDTH64 net genblk1.p1[13] genblk1_p1[13]
cla_adder_WIDTH64 net genblk1.p1[12] genblk1_p1[12]
cla_adder_WIDTH64 net genblk1.p1[11] genblk1_p1[11]
cla_adder_WIDTH64 net genblk1.p1[10] genblk1_p1[10]
cla_adder_WIDTH64 net genblk1.p1[9] genblk1_p1[9]
cla_adder_WIDTH64 net genblk1.p1[8] genblk1_p1[8]
cla_adder_WIDTH64 net genblk1.p1[7] genblk1_p1[7]
cla_adder_WIDTH64 net genblk1.p1[6] genblk1_p1[6]
cla_adder_WIDTH64 net genblk1.p1[5] genblk1_p1[5]
cla_adder_WIDTH64 net genblk1.p1[4] genblk1_p1[4]
cla_adder_WIDTH64 net genblk1.p1[3] genblk1_p1[3]
cla_adder_WIDTH64 net genblk1.p1[2] genblk1_p1[2]
cla_adder_WIDTH64 net genblk1.p1[1] genblk1_p1[1]
cla_adder_WIDTH64 net genblk1.p1[0] genblk1_p1[0]
cla_adder_WIDTH64 net genblk1.ci2 genblk1_ci2
cla_adder_WIDTH64 net genblk1.ci2[3] genblk1_ci2[3]
cla_adder_WIDTH64 net genblk1.ci2[2] genblk1_ci2[2]
cla_adder_WIDTH64 net genblk1.ci2[1] genblk1_ci2[1]
cla_adder_WIDTH64 net genblk1.ci2[0] genblk1_ci2[0]
cla_adder_WIDTH64 net genblk1.g2 genblk1_g2
cla_adder_WIDTH64 net genblk1.g2[3] genblk1_g2[3]
cla_adder_WIDTH64 net genblk1.g2[2] genblk1_g2[2]
cla_adder_WIDTH64 net genblk1.g2[1] genblk1_g2[1]
cla_adder_WIDTH64 net genblk1.g2[0] genblk1_g2[0]
cla_adder_WIDTH64 net genblk1.p2 genblk1_p2
cla_adder_WIDTH64 net genblk1.p2[3] genblk1_p2[3]
cla_adder_WIDTH64 net genblk1.p2[2] genblk1_p2[2]
cla_adder_WIDTH64 net genblk1.p2[1] genblk1_p2[1]
cla_adder_WIDTH64 net genblk1.p2[0] genblk1_p2[0]
cla_adder_WIDTH64 net genblk1.g3 genblk1_g3
cla_adder_WIDTH64 net genblk1.p3 genblk1_p3
cla_adder_WIDTH32 cell mfa_inst[0] mfa_inst_0_
cla_adder_WIDTH32 cell mfa_inst[1] mfa_inst_1_
cla_adder_WIDTH32 cell mfa_inst[2] mfa_inst_2_
cla_adder_WIDTH32 cell mfa_inst[3] mfa_inst_3_
cla_adder_WIDTH32 cell mfa_inst[4] mfa_inst_4_
cla_adder_WIDTH32 cell mfa_inst[5] mfa_inst_5_
cla_adder_WIDTH32 cell mfa_inst[6] mfa_inst_6_
cla_adder_WIDTH32 cell mfa_inst[7] mfa_inst_7_
cla_adder_WIDTH32 cell mfa_inst[8] mfa_inst_8_
cla_adder_WIDTH32 cell mfa_inst[9] mfa_inst_9_
cla_adder_WIDTH32 cell mfa_inst[10] mfa_inst_10_
cla_adder_WIDTH32 cell mfa_inst[11] mfa_inst_11_
cla_adder_WIDTH32 cell mfa_inst[12] mfa_inst_12_
cla_adder_WIDTH32 cell mfa_inst[13] mfa_inst_13_
cla_adder_WIDTH32 cell mfa_inst[14] mfa_inst_14_
cla_adder_WIDTH32 cell mfa_inst[15] mfa_inst_15_
cla_adder_WIDTH32 cell mfa_inst[16] mfa_inst_16_
cla_adder_WIDTH32 cell mfa_inst[17] mfa_inst_17_
cla_adder_WIDTH32 cell mfa_inst[18] mfa_inst_18_
cla_adder_WIDTH32 cell mfa_inst[19] mfa_inst_19_
cla_adder_WIDTH32 cell mfa_inst[20] mfa_inst_20_
cla_adder_WIDTH32 cell mfa_inst[21] mfa_inst_21_
cla_adder_WIDTH32 cell mfa_inst[22] mfa_inst_22_
cla_adder_WIDTH32 cell mfa_inst[23] mfa_inst_23_
cla_adder_WIDTH32 cell mfa_inst[24] mfa_inst_24_
cla_adder_WIDTH32 cell mfa_inst[25] mfa_inst_25_
cla_adder_WIDTH32 cell mfa_inst[26] mfa_inst_26_
cla_adder_WIDTH32 cell mfa_inst[27] mfa_inst_27_
cla_adder_WIDTH32 cell mfa_inst[28] mfa_inst_28_
cla_adder_WIDTH32 cell mfa_inst[29] mfa_inst_29_
cla_adder_WIDTH32 cell mfa_inst[30] mfa_inst_30_
cla_adder_WIDTH32 cell mfa_inst[31] mfa_inst_31_
cla_adder_WIDTH32 cell genblk1.layer1[0] genblk1_layer1_0_
cla_adder_WIDTH32 cell genblk1.layer1[1] genblk1_layer1_1_
cla_adder_WIDTH32 cell genblk1.layer1[2] genblk1_layer1_2_
cla_adder_WIDTH32 cell genblk1.layer1[3] genblk1_layer1_3_
cla_adder_WIDTH32 cell genblk1.layer1[4] genblk1_layer1_4_
cla_adder_WIDTH32 cell genblk1.layer1[5] genblk1_layer1_5_
cla_adder_WIDTH32 cell genblk1.layer1[6] genblk1_layer1_6_
cla_adder_WIDTH32 cell genblk1.layer1[7] genblk1_layer1_7_
cla_adder_WIDTH32 cell genblk1.layer2[0] genblk1_layer2_0_
cla_adder_WIDTH32 cell genblk1.layer2[1] genblk1_layer2_1_
cla_adder_WIDTH32 cell genblk1.layer3 genblk1_layer3
cla_adder_WIDTH32 net genblk1.ci1 genblk1_ci1
cla_adder_WIDTH32 net genblk1.ci1[7] genblk1_ci1[7]
cla_adder_WIDTH32 net genblk1.ci1[6] genblk1_ci1[6]
cla_adder_WIDTH32 net genblk1.ci1[5] genblk1_ci1[5]
cla_adder_WIDTH32 net genblk1.ci1[4] genblk1_ci1[4]
cla_adder_WIDTH32 net genblk1.ci1[3] genblk1_ci1[3]
cla_adder_WIDTH32 net genblk1.ci1[2] genblk1_ci1[2]
cla_adder_WIDTH32 net genblk1.ci1[1] genblk1_ci1[1]
cla_adder_WIDTH32 net genblk1.ci1[0] genblk1_ci1[0]
cla_adder_WIDTH32 net genblk1.g1 genblk1_g1
cla_adder_WIDTH32 net genblk1.g1[6] genblk1_g1[6]
cla_adder_WIDTH32 net genblk1.g1[5] genblk1_g1[5]
cla_adder_WIDTH32 net genblk1.g1[4] genblk1_g1[4]
cla_adder_WIDTH32 net genblk1.g1[3] genblk1_g1[3]
cla_adder_WIDTH32 net genblk1.g1[2] genblk1_g1[2]
cla_adder_WIDTH32 net genblk1.g1[1] genblk1_g1[1]
cla_adder_WIDTH32 net genblk1.g1[0] genblk1_g1[0]
cla_adder_WIDTH32 net genblk1.p1 genblk1_p1
cla_adder_WIDTH32 net genblk1.p1[6] genblk1_p1[6]
cla_adder_WIDTH32 net genblk1.p1[5] genblk1_p1[5]
cla_adder_WIDTH32 net genblk1.p1[4] genblk1_p1[4]
cla_adder_WIDTH32 net genblk1.p1[3] genblk1_p1[3]
cla_adder_WIDTH32 net genblk1.p1[2] genblk1_p1[2]
cla_adder_WIDTH32 net genblk1.p1[1] genblk1_p1[1]
cla_adder_WIDTH32 net genblk1.ci2 genblk1_ci2
cla_adder_WIDTH32 net genblk1.ci2[1] genblk1_ci2[1]
cla_adder_WIDTH32 net genblk1.ci2[0] genblk1_ci2[0]
cla_adder_WIDTH32 net *Logic0* n_Logic0_
cla_adder_WIDTH32 net genblk1.g2[0] genblk1_g2_0_
cla_adder_WIDTH16_2 cell mfa_inst[0] mfa_inst_0_
cla_adder_WIDTH16_2 cell mfa_inst[1] mfa_inst_1_
cla_adder_WIDTH16_2 cell mfa_inst[2] mfa_inst_2_
cla_adder_WIDTH16_2 cell mfa_inst[3] mfa_inst_3_
cla_adder_WIDTH16_2 cell mfa_inst[4] mfa_inst_4_
cla_adder_WIDTH16_2 cell mfa_inst[5] mfa_inst_5_
cla_adder_WIDTH16_2 cell mfa_inst[6] mfa_inst_6_
cla_adder_WIDTH16_2 cell mfa_inst[7] mfa_inst_7_
cla_adder_WIDTH16_2 cell mfa_inst[8] mfa_inst_8_
cla_adder_WIDTH16_2 cell mfa_inst[9] mfa_inst_9_
cla_adder_WIDTH16_2 cell mfa_inst[10] mfa_inst_10_
cla_adder_WIDTH16_2 cell mfa_inst[11] mfa_inst_11_
cla_adder_WIDTH16_2 cell mfa_inst[12] mfa_inst_12_
cla_adder_WIDTH16_2 cell mfa_inst[13] mfa_inst_13_
cla_adder_WIDTH16_2 cell mfa_inst[14] mfa_inst_14_
cla_adder_WIDTH16_2 cell mfa_inst[15] mfa_inst_15_
cla_adder_WIDTH16_2 cell genblk1.layer1[0] genblk1_layer1_0_
cla_adder_WIDTH16_2 cell genblk1.layer1[1] genblk1_layer1_1_
cla_adder_WIDTH16_2 cell genblk1.layer1[2] genblk1_layer1_2_
cla_adder_WIDTH16_2 cell genblk1.layer1[3] genblk1_layer1_3_
cla_adder_WIDTH16_2 cell genblk1.layer2 genblk1_layer2
cla_adder_WIDTH16_2 net genblk1.ci1 genblk1_ci1
cla_adder_WIDTH16_2 net genblk1.ci1[3] genblk1_ci1[3]
cla_adder_WIDTH16_2 net genblk1.ci1[2] genblk1_ci1[2]
cla_adder_WIDTH16_2 net genblk1.ci1[1] genblk1_ci1[1]
cla_adder_WIDTH16_2 net genblk1.ci1[0] genblk1_ci1[0]
cla_adder_WIDTH16_2 net genblk1.g1 genblk1_g1
cla_adder_WIDTH16_2 net genblk1.g1[2] genblk1_g1[2]
cla_adder_WIDTH16_2 net genblk1.g1[1] genblk1_g1[1]
cla_adder_WIDTH16_2 net genblk1.g1[0] genblk1_g1[0]
cla_adder_WIDTH16_2 net genblk1.p1 genblk1_p1
cla_adder_WIDTH16_2 net genblk1.p1[2] genblk1_p1[2]
cla_adder_WIDTH16_2 net genblk1.p1[1] genblk1_p1[1]
cla_adder_WIDTH16_1 cell mfa_inst[0] mfa_inst_0_
cla_adder_WIDTH16_1 cell mfa_inst[1] mfa_inst_1_
cla_adder_WIDTH16_1 cell mfa_inst[2] mfa_inst_2_
cla_adder_WIDTH16_1 cell mfa_inst[3] mfa_inst_3_
cla_adder_WIDTH16_1 cell mfa_inst[4] mfa_inst_4_
cla_adder_WIDTH16_1 cell mfa_inst[5] mfa_inst_5_
cla_adder_WIDTH16_1 cell mfa_inst[6] mfa_inst_6_
cla_adder_WIDTH16_1 cell mfa_inst[7] mfa_inst_7_
cla_adder_WIDTH16_1 cell mfa_inst[8] mfa_inst_8_
cla_adder_WIDTH16_1 cell mfa_inst[9] mfa_inst_9_
cla_adder_WIDTH16_1 cell mfa_inst[10] mfa_inst_10_
cla_adder_WIDTH16_1 cell mfa_inst[11] mfa_inst_11_
cla_adder_WIDTH16_1 cell mfa_inst[12] mfa_inst_12_
cla_adder_WIDTH16_1 cell mfa_inst[13] mfa_inst_13_
cla_adder_WIDTH16_1 cell mfa_inst[14] mfa_inst_14_
cla_adder_WIDTH16_1 cell mfa_inst[15] mfa_inst_15_
cla_adder_WIDTH16_1 cell genblk1.layer1[0] genblk1_layer1_0_
cla_adder_WIDTH16_1 cell genblk1.layer1[1] genblk1_layer1_1_
cla_adder_WIDTH16_1 cell genblk1.layer1[2] genblk1_layer1_2_
cla_adder_WIDTH16_1 cell genblk1.layer1[3] genblk1_layer1_3_
cla_adder_WIDTH16_1 cell genblk1.layer2 genblk1_layer2
cla_adder_WIDTH16_1 net genblk1.ci1 genblk1_ci1
cla_adder_WIDTH16_1 net genblk1.ci1[3] genblk1_ci1[3]
cla_adder_WIDTH16_1 net genblk1.ci1[2] genblk1_ci1[2]
cla_adder_WIDTH16_1 net genblk1.ci1[1] genblk1_ci1[1]
cla_adder_WIDTH16_1 net genblk1.ci1[0] genblk1_ci1[0]
cla_adder_WIDTH16_1 net genblk1.g1 genblk1_g1
cla_adder_WIDTH16_1 net genblk1.g1[2] genblk1_g1[2]
cla_adder_WIDTH16_1 net genblk1.g1[1] genblk1_g1[1]
cla_adder_WIDTH16_1 net genblk1.g1[0] genblk1_g1[0]
cla_adder_WIDTH16_1 net genblk1.p1 genblk1_p1
cla_adder_WIDTH16_1 net genblk1.p1[2] genblk1_p1[2]
cla_adder_WIDTH16_1 net genblk1.p1[1] genblk1_p1[1]
cla_adder_WIDTH8_6 cell mfa_inst[0] mfa_inst_0_
cla_adder_WIDTH8_6 cell mfa_inst[1] mfa_inst_1_
cla_adder_WIDTH8_6 cell mfa_inst[2] mfa_inst_2_
cla_adder_WIDTH8_6 cell mfa_inst[3] mfa_inst_3_
cla_adder_WIDTH8_6 cell mfa_inst[4] mfa_inst_4_
cla_adder_WIDTH8_6 cell mfa_inst[5] mfa_inst_5_
cla_adder_WIDTH8_6 cell mfa_inst[6] mfa_inst_6_
cla_adder_WIDTH8_6 cell mfa_inst[7] mfa_inst_7_
cla_adder_WIDTH8_6 cell genblk1.layer1[0] genblk1_layer1_0_
cla_adder_WIDTH8_6 cell genblk1.layer1[1] genblk1_layer1_1_
cla_adder_WIDTH8_6 cell genblk1.layer2 genblk1_layer2
cla_adder_WIDTH8_6 net genblk1.ci1 genblk1_ci1
cla_adder_WIDTH8_6 net genblk1.ci1[1] genblk1_ci1[1]
cla_adder_WIDTH8_6 net genblk1.ci1[0] genblk1_ci1[0]
cla_adder_WIDTH8_6 net *Logic0* n_Logic0_
cla_adder_WIDTH8_6 net genblk1.g1[0] genblk1_g1_0_
cla_adder_WIDTH8_5 cell mfa_inst[0] mfa_inst_0_
cla_adder_WIDTH8_5 cell mfa_inst[1] mfa_inst_1_
cla_adder_WIDTH8_5 cell mfa_inst[2] mfa_inst_2_
cla_adder_WIDTH8_5 cell mfa_inst[3] mfa_inst_3_
cla_adder_WIDTH8_5 cell mfa_inst[4] mfa_inst_4_
cla_adder_WIDTH8_5 cell mfa_inst[5] mfa_inst_5_
cla_adder_WIDTH8_5 cell mfa_inst[6] mfa_inst_6_
cla_adder_WIDTH8_5 cell mfa_inst[7] mfa_inst_7_
cla_adder_WIDTH8_5 cell genblk1.layer1[0] genblk1_layer1_0_
cla_adder_WIDTH8_5 cell genblk1.layer1[1] genblk1_layer1_1_
cla_adder_WIDTH8_5 cell genblk1.layer2 genblk1_layer2
cla_adder_WIDTH8_5 net genblk1.ci1 genblk1_ci1
cla_adder_WIDTH8_5 net genblk1.ci1[1] genblk1_ci1[1]
cla_adder_WIDTH8_5 net genblk1.ci1[0] genblk1_ci1[0]
cla_adder_WIDTH8_5 net *Logic0* n_Logic0_
cla_adder_WIDTH8_5 net genblk1.g1[0] genblk1_g1_0_
cla_adder_WIDTH16_0 cell mfa_inst[0] mfa_inst_0_
cla_adder_WIDTH16_0 cell mfa_inst[1] mfa_inst_1_
cla_adder_WIDTH16_0 cell mfa_inst[2] mfa_inst_2_
cla_adder_WIDTH16_0 cell mfa_inst[3] mfa_inst_3_
cla_adder_WIDTH16_0 cell mfa_inst[4] mfa_inst_4_
cla_adder_WIDTH16_0 cell mfa_inst[5] mfa_inst_5_
cla_adder_WIDTH16_0 cell mfa_inst[6] mfa_inst_6_
cla_adder_WIDTH16_0 cell mfa_inst[7] mfa_inst_7_
cla_adder_WIDTH16_0 cell mfa_inst[8] mfa_inst_8_
cla_adder_WIDTH16_0 cell mfa_inst[9] mfa_inst_9_
cla_adder_WIDTH16_0 cell mfa_inst[10] mfa_inst_10_
cla_adder_WIDTH16_0 cell mfa_inst[11] mfa_inst_11_
cla_adder_WIDTH16_0 cell mfa_inst[12] mfa_inst_12_
cla_adder_WIDTH16_0 cell mfa_inst[13] mfa_inst_13_
cla_adder_WIDTH16_0 cell mfa_inst[14] mfa_inst_14_
cla_adder_WIDTH16_0 cell mfa_inst[15] mfa_inst_15_
cla_adder_WIDTH16_0 cell genblk1.layer1[0] genblk1_layer1_0_
cla_adder_WIDTH16_0 cell genblk1.layer1[1] genblk1_layer1_1_
cla_adder_WIDTH16_0 cell genblk1.layer1[2] genblk1_layer1_2_
cla_adder_WIDTH16_0 cell genblk1.layer1[3] genblk1_layer1_3_
cla_adder_WIDTH16_0 cell genblk1.layer2 genblk1_layer2
cla_adder_WIDTH16_0 net genblk1.p1 genblk1_p1
cla_adder_WIDTH16_0 net genblk1.p1[2] genblk1_p1[2]
cla_adder_WIDTH16_0 net genblk1.p1[1] genblk1_p1[1]
cla_adder_WIDTH16_0 net genblk1.g1 genblk1_g1
cla_adder_WIDTH16_0 net genblk1.g1[2] genblk1_g1[2]
cla_adder_WIDTH16_0 net genblk1.g1[1] genblk1_g1[1]
cla_adder_WIDTH16_0 net genblk1.g1[0] genblk1_g1[0]
cla_adder_WIDTH16_0 net genblk1.ci1 genblk1_ci1
cla_adder_WIDTH16_0 net genblk1.ci1[3] genblk1_ci1[3]
cla_adder_WIDTH16_0 net genblk1.ci1[2] genblk1_ci1[2]
cla_adder_WIDTH16_0 net genblk1.ci1[1] genblk1_ci1[1]
cla_adder_WIDTH16_0 net genblk1.ci1[0] genblk1_ci1[0]
cla_adder_WIDTH8_0 cell mfa_inst[0] mfa_inst_0_
cla_adder_WIDTH8_0 cell mfa_inst[1] mfa_inst_1_
cla_adder_WIDTH8_0 cell mfa_inst[2] mfa_inst_2_
cla_adder_WIDTH8_0 cell mfa_inst[3] mfa_inst_3_
cla_adder_WIDTH8_0 cell mfa_inst[4] mfa_inst_4_
cla_adder_WIDTH8_0 cell mfa_inst[5] mfa_inst_5_
cla_adder_WIDTH8_0 cell mfa_inst[6] mfa_inst_6_
cla_adder_WIDTH8_0 cell mfa_inst[7] mfa_inst_7_
cla_adder_WIDTH8_0 cell genblk1.layer1[0] genblk1_layer1_0_
cla_adder_WIDTH8_0 cell genblk1.layer1[1] genblk1_layer1_1_
cla_adder_WIDTH8_0 cell genblk1.layer2 genblk1_layer2
cla_adder_WIDTH8_0 net genblk1.ci1 genblk1_ci1
cla_adder_WIDTH8_0 net genblk1.ci1[1] genblk1_ci1[1]
cla_adder_WIDTH8_0 net genblk1.ci1[0] genblk1_ci1[0]
cla_adder_WIDTH8_0 net *Logic0* n_Logic0_
cla_adder_WIDTH8_0 net genblk1.g1[0] genblk1_g1_0_
cla_adder_WIDTH8_1 cell mfa_inst[0] mfa_inst_0_
cla_adder_WIDTH8_1 cell mfa_inst[1] mfa_inst_1_
cla_adder_WIDTH8_1 cell mfa_inst[2] mfa_inst_2_
cla_adder_WIDTH8_1 cell mfa_inst[3] mfa_inst_3_
cla_adder_WIDTH8_1 cell mfa_inst[4] mfa_inst_4_
cla_adder_WIDTH8_1 cell mfa_inst[5] mfa_inst_5_
cla_adder_WIDTH8_1 cell mfa_inst[6] mfa_inst_6_
cla_adder_WIDTH8_1 cell mfa_inst[7] mfa_inst_7_
cla_adder_WIDTH8_1 cell genblk1.layer1[0] genblk1_layer1_0_
cla_adder_WIDTH8_1 cell genblk1.layer1[1] genblk1_layer1_1_
cla_adder_WIDTH8_1 cell genblk1.layer2 genblk1_layer2
cla_adder_WIDTH8_1 net genblk1.ci1 genblk1_ci1
cla_adder_WIDTH8_1 net genblk1.ci1[1] genblk1_ci1[1]
cla_adder_WIDTH8_1 net genblk1.ci1[0] genblk1_ci1[0]
cla_adder_WIDTH8_1 net *Logic0* n_Logic0_
cla_adder_WIDTH8_1 net genblk1.g1[0] genblk1_g1_0_
cla_adder_WIDTH8_2 cell mfa_inst[0] mfa_inst_0_
cla_adder_WIDTH8_2 cell mfa_inst[1] mfa_inst_1_
cla_adder_WIDTH8_2 cell mfa_inst[2] mfa_inst_2_
cla_adder_WIDTH8_2 cell mfa_inst[3] mfa_inst_3_
cla_adder_WIDTH8_2 cell mfa_inst[4] mfa_inst_4_
cla_adder_WIDTH8_2 cell mfa_inst[5] mfa_inst_5_
cla_adder_WIDTH8_2 cell mfa_inst[6] mfa_inst_6_
cla_adder_WIDTH8_2 cell mfa_inst[7] mfa_inst_7_
cla_adder_WIDTH8_2 cell genblk1.layer1[0] genblk1_layer1_0_
cla_adder_WIDTH8_2 cell genblk1.layer1[1] genblk1_layer1_1_
cla_adder_WIDTH8_2 cell genblk1.layer2 genblk1_layer2
cla_adder_WIDTH8_2 net genblk1.ci1 genblk1_ci1
cla_adder_WIDTH8_2 net genblk1.ci1[1] genblk1_ci1[1]
cla_adder_WIDTH8_2 net genblk1.ci1[0] genblk1_ci1[0]
cla_adder_WIDTH8_2 net *Logic0* n_Logic0_
cla_adder_WIDTH8_2 net genblk1.g1[0] genblk1_g1_0_
cla_adder_WIDTH8_3 cell mfa_inst[0] mfa_inst_0_
cla_adder_WIDTH8_3 cell mfa_inst[1] mfa_inst_1_
cla_adder_WIDTH8_3 cell mfa_inst[2] mfa_inst_2_
cla_adder_WIDTH8_3 cell mfa_inst[3] mfa_inst_3_
cla_adder_WIDTH8_3 cell mfa_inst[4] mfa_inst_4_
cla_adder_WIDTH8_3 cell mfa_inst[5] mfa_inst_5_
cla_adder_WIDTH8_3 cell mfa_inst[6] mfa_inst_6_
cla_adder_WIDTH8_3 cell mfa_inst[7] mfa_inst_7_
cla_adder_WIDTH8_3 cell genblk1.layer1[0] genblk1_layer1_0_
cla_adder_WIDTH8_3 cell genblk1.layer1[1] genblk1_layer1_1_
cla_adder_WIDTH8_3 cell genblk1.layer2 genblk1_layer2
cla_adder_WIDTH8_3 net genblk1.ci1 genblk1_ci1
cla_adder_WIDTH8_3 net genblk1.ci1[1] genblk1_ci1[1]
cla_adder_WIDTH8_3 net genblk1.ci1[0] genblk1_ci1[0]
cla_adder_WIDTH8_3 net *Logic0* n_Logic0_
cla_adder_WIDTH8_3 net genblk1.g1[0] genblk1_g1_0_
cla_adder_WIDTH8_4 cell mfa_inst[0] mfa_inst_0_
cla_adder_WIDTH8_4 cell mfa_inst[1] mfa_inst_1_
cla_adder_WIDTH8_4 cell mfa_inst[2] mfa_inst_2_
cla_adder_WIDTH8_4 cell mfa_inst[3] mfa_inst_3_
cla_adder_WIDTH8_4 cell mfa_inst[4] mfa_inst_4_
cla_adder_WIDTH8_4 cell mfa_inst[5] mfa_inst_5_
cla_adder_WIDTH8_4 cell mfa_inst[6] mfa_inst_6_
cla_adder_WIDTH8_4 cell mfa_inst[7] mfa_inst_7_
cla_adder_WIDTH8_4 cell genblk1.layer1[0] genblk1_layer1_0_
cla_adder_WIDTH8_4 cell genblk1.layer1[1] genblk1_layer1_1_
cla_adder_WIDTH8_4 cell genblk1.layer2 genblk1_layer2
cla_adder_WIDTH8_4 net genblk1.ci1 genblk1_ci1
cla_adder_WIDTH8_4 net genblk1.ci1[1] genblk1_ci1[1]
cla_adder_WIDTH8_4 net genblk1.ci1[0] genblk1_ci1[0]
cla_adder_WIDTH8_4 net *Logic0* n_Logic0_
cla_adder_WIDTH8_4 net genblk1.g1[0] genblk1_g1_0_
