Information: Propagating switching activity (low effort zero delay simulation). (PWR-6)
Warning: There is no defined clock in the design. (PWR-80)
Warning: Design has unannotated primary inputs. (PWR-414)
 
****************************************
Report : power
        -hier
        -analysis_effort low
Design : vbw_rca_bsln
Version: K-2015.06-SP4
Date   : Wed Apr 26 19:42:04 2017
****************************************


Library(s) Used:

    saed32rvt_tt1p05v25c (File: /usr/local/packages/synopsys_2015/SAED32_EDK/lib/stdcell_rvt/db_nldm/saed32rvt_tt1p05v25c.db)


Operating Conditions: tt1p05v25c   Library: saed32rvt_tt1p05v25c
Wire Load Model Mode: enclosed

Design        Wire Load Model            Library
------------------------------------------------
vbw_rca_bsln           8000              saed32rvt_tt1p05v25c
adder_WIDTH64          8000              saed32rvt_tt1p05v25c
adder_WIDTH32          8000              saed32rvt_tt1p05v25c
adder_WIDTH16_2        ForQA             saed32rvt_tt1p05v25c
adder_WIDTH8_6         ForQA             saed32rvt_tt1p05v25c
adder_WIDTH16_0        ForQA             saed32rvt_tt1p05v25c
adder_WIDTH16_1        ForQA             saed32rvt_tt1p05v25c
adder_WIDTH8_0         ForQA             saed32rvt_tt1p05v25c
adder_WIDTH8_1         ForQA             saed32rvt_tt1p05v25c
adder_WIDTH8_2         ForQA             saed32rvt_tt1p05v25c
adder_WIDTH8_3         ForQA             saed32rvt_tt1p05v25c
adder_WIDTH8_4         ForQA             saed32rvt_tt1p05v25c
adder_WIDTH8_5         ForQA             saed32rvt_tt1p05v25c


Global Operating Voltage = 1.05 
Power-specific unit information :
    Voltage Units = 1V
    Capacitance Units = 1.000000ff
    Time Units = 1ns
    Dynamic Power Units = 1uW    (derived from V,C,T units)
    Leakage Power Units = 1pW


--------------------------------------------------------------------------------
                                       Switch   Int      Leak     Total
Hierarchy                              Power    Power    Power    Power    %
--------------------------------------------------------------------------------
vbw_rca_bsln                            144.176  308.125 2.29e+08  680.904 100.0
  add8_1 (adder_WIDTH8_0)                 5.648   10.079 7.56e+06   23.290   3.4
  add8_2 (adder_WIDTH8_1)                 5.623   10.141 7.57e+06   23.335   3.4
  add8_3 (adder_WIDTH8_2)                 5.537   10.010 7.56e+06   23.110   3.4
  add8_4 (adder_WIDTH8_3)                 5.559   10.047 7.56e+06   23.169   3.4
  add8_5 (adder_WIDTH8_4)                 5.589   10.081 7.57e+06   23.240   3.4
  add8_6 (adder_WIDTH8_5)                 5.592   10.091 7.56e+06   23.245   3.4
  add8_7 (adder_WIDTH8_6)                 5.629   10.144 7.57e+06   23.346   3.4
  add16_1 (adder_WIDTH16_0)              11.896   21.726 1.65e+07   50.136   7.4
  add16_2 (adder_WIDTH16_1)              11.889   21.723 1.65e+07   50.129   7.4
  add16_3 (adder_WIDTH16_2)              11.952   21.806 1.65e+07   50.282   7.4
  add32_1 (adder_WIDTH32)                18.266   44.674 3.44e+07   97.363  14.3
  add64_0 (adder_WIDTH64)                36.972   92.172 7.15e+07  200.630  29.5
1
