 
****************************************
Report : timing
        -path full
        -delay max
        -input_pins
        -max_paths 1
        -transition_time
        -capacitance
Design : vbw_rca_bsln
Version: K-2015.06-SP4
Date   : Wed Apr 26 19:42:04 2017
****************************************

Operating Conditions: tt1p05v25c   Library: saed32rvt_tt1p05v25c
Wire Load Model Mode: enclosed

  Startpoint: control[1] (input port)
  Endpoint: s[63] (output port)
  Path Group: (none)
  Path Type: max

  Des/Clust/Port     Wire Load Model       Library
  ------------------------------------------------
  vbw_rca_bsln       8000                  saed32rvt_tt1p05v25c
  adder_WIDTH64      8000                  saed32rvt_tt1p05v25c

  Point                           Cap     Trans      Incr       Path
  ---------------------------------------------------------------------
  input external delay                               0.00       0.00 r
  control[1] (in)                1.79      0.00      0.00       0.00 r
  U120/A (INVX0_RVT)                       0.00      0.02       0.02 r
  U120/Y (INVX0_RVT)             8.92      0.09      0.06       0.07 f
  U124/A2 (AND2X1_RVT)                     0.09      0.04       0.11 f
  U124/Y (AND2X1_RVT)            9.85      0.07      0.09       0.20 f
  U358/A1 (AND2X1_RVT)                     0.07      0.04       0.24 f
  U358/Y (AND2X1_RVT)            1.19      0.02      0.05       0.29 f
  add64_0/ci (adder_WIDTH64)                         0.00       0.29 f
  add64_0/U4/A2 (NAND2X0_RVT)              0.02      0.01       0.30 f
  add64_0/U4/Y (NAND2X0_RVT)     1.10      0.03      0.03       0.33 r
  add64_0/U10/A2 (NAND2X0_RVT)             0.03      0.01       0.34 r
  add64_0/U10/Y (NAND2X0_RVT)     1.19     0.03      0.03       0.37 f
  add64_0/U11/A2 (NAND2X0_RVT)             0.03      0.01       0.38 f
  add64_0/U11/Y (NAND2X0_RVT)     1.10     0.03      0.03       0.41 r
  add64_0/U17/A2 (NAND2X0_RVT)             0.03      0.01       0.42 r
  add64_0/U17/Y (NAND2X0_RVT)     1.19     0.03      0.03       0.45 f
  add64_0/U18/A2 (NAND2X0_RVT)             0.03      0.01       0.46 f
  add64_0/U18/Y (NAND2X0_RVT)     1.10     0.03      0.03       0.50 r
  add64_0/U24/A2 (NAND2X0_RVT)             0.03      0.01       0.51 r
  add64_0/U24/Y (NAND2X0_RVT)     1.19     0.03      0.03       0.54 f
  add64_0/U25/A2 (NAND2X0_RVT)             0.03      0.01       0.55 f
  add64_0/U25/Y (NAND2X0_RVT)     1.10     0.03      0.03       0.58 r
  add64_0/U31/A2 (NAND2X0_RVT)             0.03      0.01       0.60 r
  add64_0/U31/Y (NAND2X0_RVT)     1.19     0.03      0.03       0.62 f
  add64_0/U32/A2 (NAND2X0_RVT)             0.03      0.01       0.64 f
  add64_0/U32/Y (NAND2X0_RVT)     1.10     0.03      0.03       0.67 r
  add64_0/U38/A2 (NAND2X0_RVT)             0.03      0.01       0.68 r
  add64_0/U38/Y (NAND2X0_RVT)     1.19     0.03      0.03       0.71 f
  add64_0/U39/A2 (NAND2X0_RVT)             0.03      0.01       0.72 f
  add64_0/U39/Y (NAND2X0_RVT)     1.10     0.03      0.03       0.76 r
  add64_0/U45/A2 (NAND2X0_RVT)             0.03      0.01       0.77 r
  add64_0/U45/Y (NAND2X0_RVT)     1.19     0.03      0.03       0.80 f
  add64_0/U46/A2 (NAND2X0_RVT)             0.03      0.01       0.81 f
  add64_0/U46/Y (NAND2X0_RVT)     1.10     0.03      0.03       0.84 r
  add64_0/U52/A2 (NAND2X0_RVT)             0.03      0.01       0.85 r
  add64_0/U52/Y (NAND2X0_RVT)     1.19     0.03      0.03       0.88 f
  add64_0/U53/A2 (NAND2X0_RVT)             0.03      0.01       0.89 f
  add64_0/U53/Y (NAND2X0_RVT)     1.10     0.03      0.03       0.93 r
  add64_0/U59/A2 (NAND2X0_RVT)             0.03      0.01       0.94 r
  add64_0/U59/Y (NAND2X0_RVT)     1.19     0.03      0.03       0.97 f
  add64_0/U60/A2 (NAND2X0_RVT)             0.03      0.01       0.98 f
  add64_0/U60/Y (NAND2X0_RVT)     1.10     0.03      0.03       1.01 r
  add64_0/U66/A2 (NAND2X0_RVT)             0.03      0.01       1.03 r
  add64_0/U66/Y (NAND2X0_RVT)     1.19     0.03      0.03       1.05 f
  add64_0/U67/A2 (NAND2X0_RVT)             0.03      0.01       1.07 f
  add64_0/U67/Y (NAND2X0_RVT)     1.10     0.03      0.03       1.10 r
  add64_0/U73/A2 (NAND2X0_RVT)             0.03      0.01       1.11 r
  add64_0/U73/Y (NAND2X0_RVT)     1.19     0.03      0.03       1.14 f
  add64_0/U74/A2 (NAND2X0_RVT)             0.03      0.01       1.15 f
  add64_0/U74/Y (NAND2X0_RVT)     1.10     0.03      0.03       1.19 r
  add64_0/U80/A2 (NAND2X0_RVT)             0.03      0.01       1.20 r
  add64_0/U80/Y (NAND2X0_RVT)     1.19     0.03      0.03       1.23 f
  add64_0/U81/A2 (NAND2X0_RVT)             0.03      0.01       1.24 f
  add64_0/U81/Y (NAND2X0_RVT)     1.10     0.03      0.03       1.27 r
  add64_0/U87/A2 (NAND2X0_RVT)             0.03      0.01       1.29 r
  add64_0/U87/Y (NAND2X0_RVT)     1.19     0.03      0.03       1.31 f
  add64_0/U88/A2 (NAND2X0_RVT)             0.03      0.01       1.33 f
  add64_0/U88/Y (NAND2X0_RVT)     1.10     0.03      0.03       1.36 r
  add64_0/U94/A2 (NAND2X0_RVT)             0.03      0.01       1.37 r
  add64_0/U94/Y (NAND2X0_RVT)     1.19     0.03      0.03       1.40 f
  add64_0/U95/A2 (NAND2X0_RVT)             0.03      0.01       1.41 f
  add64_0/U95/Y (NAND2X0_RVT)     1.10     0.03      0.03       1.45 r
  add64_0/U101/A2 (NAND2X0_RVT)            0.03      0.01       1.46 r
  add64_0/U101/Y (NAND2X0_RVT)     1.19     0.03     0.03       1.49 f
  add64_0/U102/A2 (NAND2X0_RVT)            0.03      0.01       1.50 f
  add64_0/U102/Y (NAND2X0_RVT)     1.10     0.03     0.03       1.53 r
  add64_0/U108/A2 (NAND2X0_RVT)            0.03      0.01       1.54 r
  add64_0/U108/Y (NAND2X0_RVT)     1.19     0.03     0.03       1.57 f
  add64_0/U109/A2 (NAND2X0_RVT)            0.03      0.01       1.58 f
  add64_0/U109/Y (NAND2X0_RVT)     1.10     0.03     0.03       1.62 r
  add64_0/U115/A2 (NAND2X0_RVT)            0.03      0.01       1.63 r
  add64_0/U115/Y (NAND2X0_RVT)     1.19     0.03     0.03       1.66 f
  add64_0/U116/A2 (NAND2X0_RVT)            0.03      0.01       1.67 f
  add64_0/U116/Y (NAND2X0_RVT)     1.10     0.03     0.03       1.70 r
  add64_0/U122/A2 (NAND2X0_RVT)            0.03      0.01       1.72 r
  add64_0/U122/Y (NAND2X0_RVT)     1.19     0.03     0.03       1.74 f
  add64_0/U123/A2 (NAND2X0_RVT)            0.03      0.01       1.76 f
  add64_0/U123/Y (NAND2X0_RVT)     1.10     0.03     0.03       1.79 r
  add64_0/U129/A2 (NAND2X0_RVT)            0.03      0.01       1.80 r
  add64_0/U129/Y (NAND2X0_RVT)     1.19     0.03     0.03       1.83 f
  add64_0/U130/A2 (NAND2X0_RVT)            0.03      0.01       1.84 f
  add64_0/U130/Y (NAND2X0_RVT)     1.10     0.03     0.03       1.88 r
  add64_0/U136/A2 (NAND2X0_RVT)            0.03      0.01       1.89 r
  add64_0/U136/Y (NAND2X0_RVT)     1.19     0.03     0.03       1.92 f
  add64_0/U137/A2 (NAND2X0_RVT)            0.03      0.01       1.93 f
  add64_0/U137/Y (NAND2X0_RVT)     1.10     0.03     0.03       1.96 r
  add64_0/U143/A2 (NAND2X0_RVT)            0.03      0.01       1.97 r
  add64_0/U143/Y (NAND2X0_RVT)     1.19     0.03     0.03       2.00 f
  add64_0/U144/A2 (NAND2X0_RVT)            0.03      0.01       2.01 f
  add64_0/U144/Y (NAND2X0_RVT)     1.10     0.03     0.03       2.05 r
  add64_0/U150/A2 (NAND2X0_RVT)            0.03      0.01       2.06 r
  add64_0/U150/Y (NAND2X0_RVT)     1.19     0.03     0.03       2.09 f
  add64_0/U151/A2 (NAND2X0_RVT)            0.03      0.01       2.10 f
  add64_0/U151/Y (NAND2X0_RVT)     1.10     0.03     0.03       2.13 r
  add64_0/U157/A2 (NAND2X0_RVT)            0.03      0.01       2.15 r
  add64_0/U157/Y (NAND2X0_RVT)     1.19     0.03     0.03       2.17 f
  add64_0/U158/A2 (NAND2X0_RVT)            0.03      0.01       2.19 f
  add64_0/U158/Y (NAND2X0_RVT)     1.10     0.03     0.03       2.22 r
  add64_0/U164/A2 (NAND2X0_RVT)            0.03      0.01       2.23 r
  add64_0/U164/Y (NAND2X0_RVT)     1.19     0.03     0.03       2.26 f
  add64_0/U165/A2 (NAND2X0_RVT)            0.03      0.01       2.27 f
  add64_0/U165/Y (NAND2X0_RVT)     1.10     0.03     0.03       2.31 r
  add64_0/U171/A2 (NAND2X0_RVT)            0.03      0.01       2.32 r
  add64_0/U171/Y (NAND2X0_RVT)     1.19     0.03     0.03       2.35 f
  add64_0/U172/A2 (NAND2X0_RVT)            0.03      0.01       2.36 f
  add64_0/U172/Y (NAND2X0_RVT)     1.10     0.03     0.03       2.39 r
  add64_0/U178/A2 (NAND2X0_RVT)            0.03      0.01       2.40 r
  add64_0/U178/Y (NAND2X0_RVT)     1.19     0.03     0.03       2.43 f
  add64_0/U179/A2 (NAND2X0_RVT)            0.03      0.01       2.44 f
  add64_0/U179/Y (NAND2X0_RVT)     1.10     0.03     0.03       2.48 r
  add64_0/U185/A2 (NAND2X0_RVT)            0.03      0.01       2.49 r
  add64_0/U185/Y (NAND2X0_RVT)     1.19     0.03     0.03       2.52 f
  add64_0/U186/A2 (NAND2X0_RVT)            0.03      0.01       2.53 f
  add64_0/U186/Y (NAND2X0_RVT)     1.10     0.03     0.03       2.56 r
  add64_0/U192/A2 (NAND2X0_RVT)            0.03      0.01       2.58 r
  add64_0/U192/Y (NAND2X0_RVT)     1.19     0.03     0.03       2.60 f
  add64_0/U193/A2 (NAND2X0_RVT)            0.03      0.01       2.62 f
  add64_0/U193/Y (NAND2X0_RVT)     1.10     0.03     0.03       2.65 r
  add64_0/U199/A2 (NAND2X0_RVT)            0.03      0.01       2.66 r
  add64_0/U199/Y (NAND2X0_RVT)     1.19     0.03     0.03       2.69 f
  add64_0/U200/A2 (NAND2X0_RVT)            0.03      0.01       2.70 f
  add64_0/U200/Y (NAND2X0_RVT)     1.10     0.03     0.03       2.74 r
  add64_0/U206/A2 (NAND2X0_RVT)            0.03      0.01       2.75 r
  add64_0/U206/Y (NAND2X0_RVT)     1.19     0.03     0.03       2.78 f
  add64_0/U207/A2 (NAND2X0_RVT)            0.03      0.01       2.79 f
  add64_0/U207/Y (NAND2X0_RVT)     1.10     0.03     0.03       2.82 r
  add64_0/U213/A2 (NAND2X0_RVT)            0.03      0.01       2.83 r
  add64_0/U213/Y (NAND2X0_RVT)     1.19     0.03     0.03       2.86 f
  add64_0/U214/A2 (NAND2X0_RVT)            0.03      0.01       2.87 f
  add64_0/U214/Y (NAND2X0_RVT)     1.10     0.03     0.03       2.91 r
  add64_0/U220/A2 (NAND2X0_RVT)            0.03      0.01       2.92 r
  add64_0/U220/Y (NAND2X0_RVT)     1.19     0.03     0.03       2.95 f
  add64_0/U221/A2 (NAND2X0_RVT)            0.03      0.01       2.96 f
  add64_0/U221/Y (NAND2X0_RVT)     1.10     0.03     0.03       3.00 r
  add64_0/U227/A2 (NAND2X0_RVT)            0.03      0.01       3.01 r
  add64_0/U227/Y (NAND2X0_RVT)     1.19     0.03     0.03       3.04 f
  add64_0/U228/A2 (NAND2X0_RVT)            0.03      0.01       3.05 f
  add64_0/U228/Y (NAND2X0_RVT)     1.10     0.03     0.03       3.08 r
  add64_0/U234/A2 (NAND2X0_RVT)            0.03      0.01       3.09 r
  add64_0/U234/Y (NAND2X0_RVT)     1.19     0.03     0.03       3.12 f
  add64_0/U235/A2 (NAND2X0_RVT)            0.03      0.01       3.13 f
  add64_0/U235/Y (NAND2X0_RVT)     1.10     0.03     0.03       3.17 r
  add64_0/U241/A2 (NAND2X0_RVT)            0.03      0.01       3.18 r
  add64_0/U241/Y (NAND2X0_RVT)     1.19     0.03     0.03       3.21 f
  add64_0/U242/A2 (NAND2X0_RVT)            0.03      0.01       3.22 f
  add64_0/U242/Y (NAND2X0_RVT)     1.10     0.03     0.03       3.25 r
  add64_0/U248/A2 (NAND2X0_RVT)            0.03      0.01       3.27 r
  add64_0/U248/Y (NAND2X0_RVT)     1.19     0.03     0.03       3.29 f
  add64_0/U249/A2 (NAND2X0_RVT)            0.03      0.01       3.31 f
  add64_0/U249/Y (NAND2X0_RVT)     1.10     0.03     0.03       3.34 r
  add64_0/U255/A2 (NAND2X0_RVT)            0.03      0.01       3.35 r
  add64_0/U255/Y (NAND2X0_RVT)     1.19     0.03     0.03       3.38 f
  add64_0/U256/A2 (NAND2X0_RVT)            0.03      0.01       3.39 f
  add64_0/U256/Y (NAND2X0_RVT)     1.10     0.03     0.03       3.43 r
  add64_0/U262/A2 (NAND2X0_RVT)            0.03      0.01       3.44 r
  add64_0/U262/Y (NAND2X0_RVT)     1.19     0.03     0.03       3.47 f
  add64_0/U263/A2 (NAND2X0_RVT)            0.03      0.01       3.48 f
  add64_0/U263/Y (NAND2X0_RVT)     1.10     0.03     0.03       3.51 r
  add64_0/U269/A2 (NAND2X0_RVT)            0.03      0.01       3.52 r
  add64_0/U269/Y (NAND2X0_RVT)     1.19     0.03     0.03       3.55 f
  add64_0/U270/A2 (NAND2X0_RVT)            0.03      0.01       3.56 f
  add64_0/U270/Y (NAND2X0_RVT)     1.10     0.03     0.03       3.60 r
  add64_0/U276/A2 (NAND2X0_RVT)            0.03      0.01       3.61 r
  add64_0/U276/Y (NAND2X0_RVT)     1.19     0.03     0.03       3.64 f
  add64_0/U277/A2 (NAND2X0_RVT)            0.03      0.01       3.65 f
  add64_0/U277/Y (NAND2X0_RVT)     1.10     0.03     0.03       3.68 r
  add64_0/U283/A2 (NAND2X0_RVT)            0.03      0.01       3.70 r
  add64_0/U283/Y (NAND2X0_RVT)     1.19     0.03     0.03       3.72 f
  add64_0/U284/A2 (NAND2X0_RVT)            0.03      0.01       3.74 f
  add64_0/U284/Y (NAND2X0_RVT)     1.10     0.03     0.03       3.77 r
  add64_0/U290/A2 (NAND2X0_RVT)            0.03      0.01       3.78 r
  add64_0/U290/Y (NAND2X0_RVT)     1.19     0.03     0.03       3.81 f
  add64_0/U291/A2 (NAND2X0_RVT)            0.03      0.01       3.82 f
  add64_0/U291/Y (NAND2X0_RVT)     1.10     0.03     0.03       3.86 r
  add64_0/U297/A2 (NAND2X0_RVT)            0.03      0.01       3.87 r
  add64_0/U297/Y (NAND2X0_RVT)     1.19     0.03     0.03       3.90 f
  add64_0/U298/A2 (NAND2X0_RVT)            0.03      0.01       3.91 f
  add64_0/U298/Y (NAND2X0_RVT)     1.10     0.03     0.03       3.94 r
  add64_0/U304/A2 (NAND2X0_RVT)            0.03      0.01       3.95 r
  add64_0/U304/Y (NAND2X0_RVT)     1.19     0.03     0.03       3.98 f
  add64_0/U305/A2 (NAND2X0_RVT)            0.03      0.01       3.99 f
  add64_0/U305/Y (NAND2X0_RVT)     1.10     0.03     0.03       4.03 r
  add64_0/U311/A2 (NAND2X0_RVT)            0.03      0.01       4.04 r
  add64_0/U311/Y (NAND2X0_RVT)     1.19     0.03     0.03       4.07 f
  add64_0/U312/A2 (NAND2X0_RVT)            0.03      0.01       4.08 f
  add64_0/U312/Y (NAND2X0_RVT)     1.10     0.03     0.03       4.11 r
  add64_0/U318/A2 (NAND2X0_RVT)            0.03      0.01       4.13 r
  add64_0/U318/Y (NAND2X0_RVT)     1.19     0.03     0.03       4.15 f
  add64_0/U319/A2 (NAND2X0_RVT)            0.03      0.01       4.17 f
  add64_0/U319/Y (NAND2X0_RVT)     1.10     0.03     0.03       4.20 r
  add64_0/U325/A2 (NAND2X0_RVT)            0.03      0.01       4.21 r
  add64_0/U325/Y (NAND2X0_RVT)     1.19     0.03     0.03       4.24 f
  add64_0/U326/A2 (NAND2X0_RVT)            0.03      0.01       4.25 f
  add64_0/U326/Y (NAND2X0_RVT)     1.10     0.03     0.03       4.29 r
  add64_0/U332/A2 (NAND2X0_RVT)            0.03      0.01       4.30 r
  add64_0/U332/Y (NAND2X0_RVT)     1.19     0.03     0.03       4.33 f
  add64_0/U333/A2 (NAND2X0_RVT)            0.03      0.01       4.34 f
  add64_0/U333/Y (NAND2X0_RVT)     1.10     0.03     0.03       4.37 r
  add64_0/U339/A2 (NAND2X0_RVT)            0.03      0.01       4.38 r
  add64_0/U339/Y (NAND2X0_RVT)     1.19     0.03     0.03       4.41 f
  add64_0/U340/A2 (NAND2X0_RVT)            0.03      0.01       4.42 f
  add64_0/U340/Y (NAND2X0_RVT)     1.10     0.03     0.03       4.46 r
  add64_0/U346/A2 (NAND2X0_RVT)            0.03      0.01       4.47 r
  add64_0/U346/Y (NAND2X0_RVT)     1.19     0.03     0.03       4.50 f
  add64_0/U347/A2 (NAND2X0_RVT)            0.03      0.01       4.51 f
  add64_0/U347/Y (NAND2X0_RVT)     1.10     0.03     0.03       4.54 r
  add64_0/U353/A2 (NAND2X0_RVT)            0.03      0.01       4.56 r
  add64_0/U353/Y (NAND2X0_RVT)     1.19     0.03     0.03       4.58 f
  add64_0/U354/A2 (NAND2X0_RVT)            0.03      0.01       4.60 f
  add64_0/U354/Y (NAND2X0_RVT)     1.10     0.03     0.03       4.63 r
  add64_0/U360/A2 (NAND2X0_RVT)            0.03      0.01       4.64 r
  add64_0/U360/Y (NAND2X0_RVT)     1.19     0.03     0.03       4.67 f
  add64_0/U361/A2 (NAND2X0_RVT)            0.03      0.01       4.68 f
  add64_0/U361/Y (NAND2X0_RVT)     1.10     0.03     0.03       4.72 r
  add64_0/U367/A2 (NAND2X0_RVT)            0.03      0.01       4.73 r
  add64_0/U367/Y (NAND2X0_RVT)     1.19     0.03     0.03       4.76 f
  add64_0/U368/A2 (NAND2X0_RVT)            0.03      0.01       4.77 f
  add64_0/U368/Y (NAND2X0_RVT)     1.10     0.03     0.03       4.80 r
  add64_0/U374/A2 (NAND2X0_RVT)            0.03      0.01       4.82 r
  add64_0/U374/Y (NAND2X0_RVT)     1.19     0.03     0.03       4.84 f
  add64_0/U375/A2 (NAND2X0_RVT)            0.03      0.01       4.86 f
  add64_0/U375/Y (NAND2X0_RVT)     1.10     0.03     0.03       4.89 r
  add64_0/U381/A2 (NAND2X0_RVT)            0.03      0.01       4.90 r
  add64_0/U381/Y (NAND2X0_RVT)     1.19     0.03     0.03       4.93 f
  add64_0/U382/A2 (NAND2X0_RVT)            0.03      0.01       4.94 f
  add64_0/U382/Y (NAND2X0_RVT)     1.10     0.03     0.03       4.98 r
  add64_0/U388/A2 (NAND2X0_RVT)            0.03      0.01       4.99 r
  add64_0/U388/Y (NAND2X0_RVT)     1.19     0.03     0.03       5.02 f
  add64_0/U389/A2 (NAND2X0_RVT)            0.03      0.01       5.03 f
  add64_0/U389/Y (NAND2X0_RVT)     1.10     0.03     0.03       5.06 r
  add64_0/U395/A2 (NAND2X0_RVT)            0.03      0.01       5.07 r
  add64_0/U395/Y (NAND2X0_RVT)     1.19     0.03     0.03       5.10 f
  add64_0/U396/A2 (NAND2X0_RVT)            0.03      0.01       5.11 f
  add64_0/U396/Y (NAND2X0_RVT)     1.10     0.03     0.03       5.15 r
  add64_0/U402/A2 (NAND2X0_RVT)            0.03      0.01       5.16 r
  add64_0/U402/Y (NAND2X0_RVT)     1.19     0.03     0.03       5.19 f
  add64_0/U403/A2 (NAND2X0_RVT)            0.03      0.01       5.20 f
  add64_0/U403/Y (NAND2X0_RVT)     1.10     0.03     0.03       5.23 r
  add64_0/U409/A2 (NAND2X0_RVT)            0.03      0.01       5.25 r
  add64_0/U409/Y (NAND2X0_RVT)     1.19     0.03     0.03       5.27 f
  add64_0/U410/A2 (NAND2X0_RVT)            0.03      0.01       5.29 f
  add64_0/U410/Y (NAND2X0_RVT)     1.10     0.03     0.03       5.32 r
  add64_0/U416/A2 (NAND2X0_RVT)            0.03      0.01       5.33 r
  add64_0/U416/Y (NAND2X0_RVT)     1.19     0.03     0.03       5.36 f
  add64_0/U417/A2 (NAND2X0_RVT)            0.03      0.01       5.37 f
  add64_0/U417/Y (NAND2X0_RVT)     1.10     0.03     0.03       5.41 r
  add64_0/U423/A2 (NAND2X0_RVT)            0.03      0.01       5.42 r
  add64_0/U423/Y (NAND2X0_RVT)     1.19     0.03     0.03       5.45 f
  add64_0/U424/A2 (NAND2X0_RVT)            0.03      0.01       5.46 f
  add64_0/U424/Y (NAND2X0_RVT)     1.10     0.03     0.03       5.49 r
  add64_0/U430/A2 (NAND2X0_RVT)            0.03      0.01       5.50 r
  add64_0/U430/Y (NAND2X0_RVT)     1.19     0.03     0.03       5.53 f
  add64_0/U431/A2 (NAND2X0_RVT)            0.03      0.01       5.54 f
  add64_0/U431/Y (NAND2X0_RVT)     1.10     0.03     0.03       5.58 r
  add64_0/U437/A2 (NAND2X0_RVT)            0.03      0.01       5.59 r
  add64_0/U437/Y (NAND2X0_RVT)     1.19     0.03     0.03       5.62 f
  add64_0/U438/A2 (NAND2X0_RVT)            0.03      0.01       5.63 f
  add64_0/U438/Y (NAND2X0_RVT)     1.10     0.03     0.03       5.66 r
  add64_0/U444/A2 (NAND2X0_RVT)            0.03      0.01       5.68 r
  add64_0/U444/Y (NAND2X0_RVT)     1.19     0.03     0.03       5.70 f
  add64_0/U445/A2 (NAND2X0_RVT)            0.03      0.01       5.72 f
  add64_0/U445/Y (NAND2X0_RVT)     1.10     0.03     0.03       5.75 r
  add64_0/U448/A1 (AND2X1_RVT)             0.03      0.02       5.77 r
  add64_0/U448/Y (AND2X1_RVT)     0.48     0.01      0.03       5.79 r
  add64_0/s[63] (adder_WIDTH64)                      0.00       5.79 r
  U287/A2 (NAND2X0_RVT)                    0.01      0.01       5.81 r
  U287/Y (NAND2X0_RVT)           0.58      0.04      0.02       5.82 f
  U288/A4 (NAND4X0_RVT)                    0.04      0.01       5.84 f
  U288/Y (NAND4X0_RVT)           0.00      0.03      0.03       5.87 r
  s[63] (out)                              0.03      0.00       5.87 r
  data arrival time                                             5.87
  ---------------------------------------------------------------------
  (Path is unconstrained)


1
